This is pdfTeX, Version 3.1415926-2.5-1.40.14 (TeX Live 2013) (format=pdflatex 2013.5.30)  15 MAR 2015 19:29
entering extended mode
 restricted \write18 enabled.
 %&-line parsing enabled.
**enahpc2015
(./enahpc2015.tex
LaTeX2e <2011/06/27>
Babel <3.9f> and hyphenation patterns for 78 languages loaded.
(./acm_proc_article-sp.cls
(/usr/local/texlive/2013/texmf-dist/tex/latex/graphics/epsfig.sty
Package: epsfig 1999/02/16 v1.7a (e)psfig emulation (SPQR)

(/usr/local/texlive/2013/texmf-dist/tex/latex/graphics/graphicx.sty
Package: graphicx 1999/02/16 v1.0f Enhanced LaTeX Graphics (DPC,SPQR)

(/usr/local/texlive/2013/texmf-dist/tex/latex/graphics/keyval.sty
Package: keyval 1999/03/16 v1.13 key=value parser (DPC)
\KV@toks@=\toks14
)
(/usr/local/texlive/2013/texmf-dist/tex/latex/graphics/graphics.sty
Package: graphics 2009/02/05 v1.0o Standard LaTeX Graphics (DPC,SPQR)

(/usr/local/texlive/2013/texmf-dist/tex/latex/graphics/trig.sty
Package: trig 1999/03/16 v1.09 sin cos tan (DPC)
)
(/usr/local/texlive/2013/texmf-dist/tex/latex/latexconfig/graphics.cfg
File: graphics.cfg 2010/04/23 v1.9 graphics configuration of TeX Live
)
Package graphics Info: Driver file: pdftex.def on input line 91.

(/usr/local/texlive/2013/texmf-dist/tex/latex/pdftex-def/pdftex.def
File: pdftex.def 2011/05/27 v0.06d Graphics/color for pdfTeX

(/usr/local/texlive/2013/texmf-dist/tex/generic/oberdiek/infwarerr.sty
Package: infwarerr 2010/04/08 v1.3 Providing info/warning/error messages (HO)
)
(/usr/local/texlive/2013/texmf-dist/tex/generic/oberdiek/ltxcmds.sty
Package: ltxcmds 2011/11/09 v1.22 LaTeX kernel commands for general use (HO)
)
\Gread@gobject=\count79
))
\Gin@req@height=\dimen102
\Gin@req@width=\dimen103
)
\epsfxsize=\dimen104
\epsfysize=\dimen105
)
(/usr/local/texlive/2013/texmf-dist/tex/latex/amsfonts/amssymb.sty
Package: amssymb 2013/01/14 v3.01 AMS font symbols

(/usr/local/texlive/2013/texmf-dist/tex/latex/amsfonts/amsfonts.sty
Package: amsfonts 2013/01/14 v3.01 Basic AMSFonts support
\@emptytoks=\toks15
\symAMSa=\mathgroup4
\symAMSb=\mathgroup5
LaTeX Font Info:    Overwriting math alphabet `\mathfrak' in version `bold'
(Font)                  U/euf/m/n --> U/euf/b/n on input line 106.
))
(/usr/local/texlive/2013/texmf-dist/tex/latex/amsmath/amsmath.sty
Package: amsmath 2013/01/14 v2.14 AMS math features
\@mathmargin=\skip41

For additional information on amsmath, use the `?' option.
(/usr/local/texlive/2013/texmf-dist/tex/latex/amsmath/amstext.sty
Package: amstext 2000/06/29 v2.01

(/usr/local/texlive/2013/texmf-dist/tex/latex/amsmath/amsgen.sty
File: amsgen.sty 1999/11/30 v2.0
\@emptytoks=\toks16
\ex@=\dimen106
))
(/usr/local/texlive/2013/texmf-dist/tex/latex/amsmath/amsbsy.sty
Package: amsbsy 1999/11/29 v1.2d
\pmbraise@=\dimen107
)
(/usr/local/texlive/2013/texmf-dist/tex/latex/amsmath/amsopn.sty
Package: amsopn 1999/12/14 v2.01 operator names
)
\inf@bad=\count80
LaTeX Info: Redefining \frac on input line 210.
\uproot@=\count81
\leftroot@=\count82
LaTeX Info: Redefining \overline on input line 306.
\classnum@=\count83
\DOTSCASE@=\count84
LaTeX Info: Redefining \ldots on input line 378.
LaTeX Info: Redefining \dots on input line 381.
LaTeX Info: Redefining \cdots on input line 466.
\Mathstrutbox@=\box26
\strutbox@=\box27
\big@size=\dimen108
LaTeX Font Info:    Redeclaring font encoding OML on input line 566.
LaTeX Font Info:    Redeclaring font encoding OMS on input line 567.
\macc@depth=\count85
\c@MaxMatrixCols=\count86
\dotsspace@=\muskip10
\c@parentequation=\count87
\dspbrk@lvl=\count88
\tag@help=\toks17
\row@=\count89
\column@=\count90
\maxfields@=\count91
\andhelp@=\toks18
\eqnshift@=\dimen109
\alignsep@=\dimen110
\tagshift@=\dimen111
\tagwidth@=\dimen112
\totwidth@=\dimen113
\lineht@=\dimen114
\@envbody=\toks19
\multlinegap=\skip42
\multlinetaggap=\skip43
\mathdisplay@stack=\toks20
LaTeX Info: Redefining \[ on input line 2665.
LaTeX Info: Redefining \] on input line 2666.
)
Document Class 'acm_proc_article-sp' <22nd. April '09>. Modified by G.K.M. Tobi
n
Based in part upon document Style `acmconf' <22 May 89>. Hacked 4/91 by
shivers@cs.cmu.edu, 4/93 by theobald@cs.mcgill.ca
Excerpts were taken from (Journal Style) 'esub2acm.cls'.
****** Bugs/comments/suggestions to Gerry Murray -- murray@hq.acm.org ******
\footheight=\dimen115
\@maxsep=\dimen116
\@dblmaxsep=\dimen117
\aucount=\count92
\originalaucount=\count93
\auwidth=\dimen118
\auskip=\dimen119
\auskipcount=\count94
\auskip=\dimen120
\allauboxes=\dimen121
\addauthors=\toks21
\addauflag=\count95
\subtitletext=\toks22
\savesection=\count96
\sectioncntr=\count97
\c@figure=\count98
\c@table=\count99
\titleboxnotes=\toks23
\titleboxnoteflag=\count100
Document Class: acm_proc_article-sp 2009/04/22 - V3.2SP - based on esub2acm.sty
 <23 April 96>
(/usr/local/texlive/2013/texmf-dist/tex/latex/base/latexsym.sty
Package: latexsym 1998/08/17 v2.2e Standard LaTeX package (lasy symbols)
\symlasy=\mathgroup6
LaTeX Font Info:    Overwriting symbol font `lasy' in version `bold'
(Font)                  U/lasy/m/n --> U/lasy/b/n on input line 47.
)
\@acmtitlebox=\box28
\titlenotecount=\count101
\tntoks=\toks24
\tntokstwo=\toks25
\tntoksthree=\toks26
\tntoksfour=\toks27
\tntoksfive=\toks28
\catcount=\count102
\copyrightnotice=\toks29
\conf=\toks30
\confinfo=\toks31
\c@part=\count103
\c@section=\count104
\c@subsection=\count105
\c@subsubsection=\count106
\c@paragraph=\count107

Using 'Abbrev' bibliography style
LaTeX Info: Redefining \cite on input line 1236.
\bibindent=\dimen122
\colcntr=\count108
\saveb@x=\box29
\copyrtyr=\toks32
\acmcopyr=\toks33
\boilerplate=\toks34
\copyrightetc=\toks35
(/usr/local/texlive/2013/texmf-dist/tex/latex/base/fontenc.sty
Package: fontenc 2005/09/27 v1.99g Standard LaTeX package

(/usr/local/texlive/2013/texmf-dist/tex/latex/base/t1enc.def
File: t1enc.def 2005/09/27 v1.99g Standard LaTeX file
LaTeX Font Info:    Redeclaring font encoding T1 on input line 43.
)
LaTeX Font Info:    Try loading font information for T1+aer on input line 100.

(/usr/local/texlive/2013/texmf-dist/tex/latex/ae/t1aer.fd
File: t1aer.fd 1997/11/16 Font definitions for T1/aer.
)))
(/usr/local/texlive/2013/texmf-dist/tex/latex/subfigure/subfigure.sty
Package: subfigure 2002/03/15 v2.1.5 subfigure package
\subfigtopskip=\skip44
\subfigcapskip=\skip45
\subfigcaptopadj=\dimen123
\subfigbottomskip=\skip46
\subfigcapmargin=\dimen124
\subfiglabelskip=\skip47
\c@subfigure=\count109
\c@lofdepth=\count110
\c@subtable=\count111
\c@lotdepth=\count112

****************************************
* Local config file subfigure.cfg used *
****************************************
(/usr/local/texlive/2013/texmf-dist/tex/latex/subfigure/subfigure.cfg)
\subfig@top=\skip48
\subfig@bottom=\skip49
)
(./enahpc2015.aux)
\openout1 = `enahpc2015.aux'.

LaTeX Font Info:    Checking defaults for OML/cmm/m/it on input line 4.
LaTeX Font Info:    ... okay on input line 4.
LaTeX Font Info:    Checking defaults for T1/cmr/m/n on input line 4.
LaTeX Font Info:    ... okay on input line 4.
LaTeX Font Info:    Checking defaults for OT1/cmr/m/n on input line 4.
LaTeX Font Info:    ... okay on input line 4.
LaTeX Font Info:    Checking defaults for OMS/cmsy/m/n on input line 4.
LaTeX Font Info:    ... okay on input line 4.
LaTeX Font Info:    Checking defaults for OMX/cmex/m/n on input line 4.
LaTeX Font Info:    ... okay on input line 4.
LaTeX Font Info:    Checking defaults for U/cmr/m/n on input line 4.
LaTeX Font Info:    ... okay on input line 4.

(/usr/local/texlive/2013/texmf-dist/tex/context/base/supp-pdf.mkii
[Loading MPS to PDF converter (version 2006.09.02).]
\scratchcounter=\count113
\scratchdimen=\dimen125
\scratchbox=\box30
\nofMPsegments=\count114
\nofMParguments=\count115
\everyMPshowfont=\toks36
\MPscratchCnt=\count116
\MPscratchDim=\dimen126
\MPnumerator=\count117
\makeMPintoPDFobject=\count118
\everyMPtoPDFconversion=\toks37
) (/usr/local/texlive/2013/texmf-dist/tex/generic/oberdiek/pdftexcmds.sty
Package: pdftexcmds 2011/11/29 v0.20 Utility functions of pdfTeX for LuaTeX (HO
)

(/usr/local/texlive/2013/texmf-dist/tex/generic/oberdiek/ifluatex.sty
Package: ifluatex 2010/03/01 v1.3 Provides the ifluatex switch (HO)
Package ifluatex Info: LuaTeX not detected.
)
(/usr/local/texlive/2013/texmf-dist/tex/generic/oberdiek/ifpdf.sty
Package: ifpdf 2011/01/30 v2.3 Provides the ifpdf switch (HO)
Package ifpdf Info: pdfTeX in PDF mode is detected.
)
Package pdftexcmds Info: LuaTeX not detected.
Package pdftexcmds Info: \pdf@primitive is available.
Package pdftexcmds Info: \pdf@ifprimitive is available.
Package pdftexcmds Info: \pdfdraftmode found.
)
(/usr/local/texlive/2013/texmf-dist/tex/latex/oberdiek/epstopdf-base.sty
Package: epstopdf-base 2010/02/09 v2.5 Base part for package epstopdf

(/usr/local/texlive/2013/texmf-dist/tex/latex/oberdiek/grfext.sty
Package: grfext 2010/08/19 v1.1 Manage graphics extensions (HO)

(/usr/local/texlive/2013/texmf-dist/tex/generic/oberdiek/kvdefinekeys.sty
Package: kvdefinekeys 2011/04/07 v1.3 Define keys (HO)
))
(/usr/local/texlive/2013/texmf-dist/tex/latex/oberdiek/kvoptions.sty
Package: kvoptions 2011/06/30 v3.11 Key value format for package options (HO)

(/usr/local/texlive/2013/texmf-dist/tex/generic/oberdiek/kvsetkeys.sty
Package: kvsetkeys 2012/04/25 v1.16 Key value parser (HO)

(/usr/local/texlive/2013/texmf-dist/tex/generic/oberdiek/etexcmds.sty
Package: etexcmds 2011/02/16 v1.5 Avoid name clashes with e-TeX commands (HO)
Package etexcmds Info: Could not find \expanded.
(etexcmds)             That can mean that you are not using pdfTeX 1.50 or
(etexcmds)             that some package has redefined \expanded.
(etexcmds)             In the latter case, load this package earlier.
)))
Package grfext Info: Graphics extension search list:
(grfext)             [.png,.pdf,.jpg,.mps,.jpeg,.jbig2,.jb2,.PNG,.PDF,.JPG,.JPE
G,.JBIG2,.JB2,.eps]
(grfext)             \AppendGraphicsExtensions on input line 452.

(/usr/local/texlive/2013/texmf-dist/tex/latex/latexconfig/epstopdf-sys.cfg
File: epstopdf-sys.cfg 2010/07/13 v1.3 Configuration of (r)epstopdf for TeX Liv
e
))
LaTeX Font Info:    Try loading font information for U+msa on input line 58.

(/usr/local/texlive/2013/texmf-dist/tex/latex/amsfonts/umsa.fd
File: umsa.fd 2013/01/14 v3.01 AMS symbols A
)
LaTeX Font Info:    Try loading font information for U+msb on input line 58.

(/usr/local/texlive/2013/texmf-dist/tex/latex/amsfonts/umsb.fd
File: umsb.fd 2013/01/14 v3.01 AMS symbols B
)
LaTeX Font Info:    Try loading font information for U+lasy on input line 58.

(/usr/local/texlive/2013/texmf-dist/tex/latex/base/ulasy.fd
File: ulasy.fd 1998/08/17 v2.2e LaTeX symbol font definitions
) (./abstract.tex)
(./intro.tex
Overfull \hbox (1.2112pt too wide) in paragraph at lines 22--38
\T1/aer/m/n/9 sig-nif-i-cant chal-lenges fac-ing ex-as-cale com-put-ing [18, 25
]. The
 []


Underfull \vbox (badness 10000) has occurred while \output is active []

 [1{/usr/local/texlive/2013/texmf-var/fonts/map/pdftex/updmap/pdftex.map}


]
Package epstopdf Info: Source file: <diagrams/sandia_system_failure_rate_increa
se_nodes.eps>
(epstopdf)                    date: 2015-02-23 13:03:16
(epstopdf)                    size: 2580464 bytes
(epstopdf)             Output file: <diagrams/sandia_system_failure_rate_increa
se_nodes-eps-converted-to.pdf>
(epstopdf)                    date: 2015-03-09 19:40:36
(epstopdf)                    size: 144980 bytes
(epstopdf)             Command: <repstopdf --outfile=diagrams/sandia_system_fai
lure_rate_increase_nodes-eps-converted-to.pdf diagrams/sandia_system_failure_ra
te_increase_nodes.eps>
(epstopdf)             \includegraphics on input line 61.
Package epstopdf Info: Output file is already uptodate.

<diagrams/sandia_system_failure_rate_increase_nodes-eps-converted-to.pdf, id=11
, 614.295pt x 794.97pt>
File: diagrams/sandia_system_failure_rate_increase_nodes-eps-converted-to.pdf G
raphic file (type pdf)

<use diagrams/sandia_system_failure_rate_increase_nodes-eps-converted-to.pdf>
Package pdftex.def Info: diagrams/sandia_system_failure_rate_increase_nodes-eps
-converted-to.pdf used on input line 61.
(pdftex.def)             Requested size: 216.81pt x 280.57268pt.

Overfull \hbox (13.5053pt too wide) in paragraph at lines 76--88
\T1/aer/m/n/9 ap-pli-ca-tions may achieve very lit-tle com-put-ing progress, th
ereby
 []

Package epstopdf Info: Source file: <diagrams/sandia_percent_of_time_for_checkp
oints.eps>
(epstopdf)                    date: 2015-02-23 13:03:16
(epstopdf)                    size: 3862285 bytes
(epstopdf)             Output file: <diagrams/sandia_percent_of_time_for_checkp
oints-eps-converted-to.pdf>
(epstopdf)                    date: 2015-03-09 19:40:41
(epstopdf)                    size: 137744 bytes
(epstopdf)             Command: <repstopdf --outfile=diagrams/sandia_percent_of
_time_for_checkpoints-eps-converted-to.pdf diagrams/sandia_percent_of_time_for_
checkpoints.eps>
(epstopdf)             \includegraphics on input line 91.
Package epstopdf Info: Output file is already uptodate.

<diagrams/sandia_percent_of_time_for_checkpoints-eps-converted-to.pdf, id=12, 6
14.295pt x 794.97pt>
File: diagrams/sandia_percent_of_time_for_checkpoints-eps-converted-to.pdf Grap
hic file (type pdf)

<use diagrams/sandia_percent_of_time_for_checkpoints-eps-converted-to.pdf>
Package pdftex.def Info: diagrams/sandia_percent_of_time_for_checkpoints-eps-co
nverted-to.pdf used on input line 91.
(pdftex.def)             Requested size: 216.81pt x 280.57268pt.

Underfull \vbox (badness 10000) has occurred while \output is active []

 [2 <./diagrams/sandia_system_failure_rate_increase_nodes-eps-converted-to.pdf>
 <./diagrams/sandia_percent_of_time_for_checkpoints-eps-converted-to.pdf>]
Overfull \hbox (10.54424pt too wide) in paragraph at lines 147--156
\T1/aer/m/n/9 tolerance in a high-performance com-put-ing en-vi-ron-ment, where

 []


Underfull \vbox (badness 10000) has occurred while \output is active []



LaTeX Warning: Reference `shadow_model' on page \thepage  undefined on input li
ne 193.

) (./related_work.tex
Overfull \hbox (5.35304pt too wide) in paragraph at lines 27--37
\T1/aer/m/n/9 adop-tion in high-performance com-put-ing en-vi-ron-ments. How-
 []

[3]
Overfull \hbox (1.2019pt too wide) in paragraph at lines 48--56
\T1/aer/m/n/9 point-ing and restart over-head, con-sid-er-ably re-duces the pra
c-
 []

) (./model.tex
Package epstopdf Info: Source file: <diagrams/shadow_main_diagram.eps>
(epstopdf)                    date: 2015-02-23 13:03:16
(epstopdf)                    size: 70182 bytes
(epstopdf)             Output file: <diagrams/shadow_main_diagram-eps-converted
-to.pdf>
(epstopdf)                    date: 2015-03-09 19:40:42
(epstopdf)                    size: 19986 bytes
(epstopdf)             Command: <repstopdf --outfile=diagrams/shadow_main_diagr
am-eps-converted-to.pdf diagrams/shadow_main_diagram.eps>
(epstopdf)             \includegraphics on input line 42.
Package epstopdf Info: Output file is already uptodate.

<diagrams/shadow_main_diagram-eps-converted-to.pdf, id=28, 451.6875pt x 195.731
25pt>
File: diagrams/shadow_main_diagram-eps-converted-to.pdf Graphic file (type pdf)

 <use diagrams/shadow_main_diagram-eps-converted-to.pdf>
Package pdftex.def Info: diagrams/shadow_main_diagram-eps-converted-to.pdf used
 on input line 42.
(pdftex.def)             Requested size: 252.94499pt x 109.61172pt.

Overfull \hbox (12.94499pt too wide) in paragraph at lines 42--43
 [][] 
 []

[4 <./diagrams/shadow_main_diagram-eps-converted-to.pdf>]
Overfull \hbox (17.51761pt too wide) in paragraph at lines 90--102
[]\T1/aer/m/n/9 We as-sume that a prob-a-bil-ity den-sity func-tion, $\OML/cmm/
m/it/9 f\OT1/cmr/m/n/9 (\OML/cmm/m/it/9 t\OT1/cmr/m/n/9 )$ \T1/aer/m/n/9 ($[][]
 \OML/cmm/m/it/9 f\OT1/cmr/m/n/9 (\OML/cmm/m/it/9 t\OT1/cmr/m/n/9 )\OML/cmm/m/i
t/9 dt \OT1/cmr/m/n/9 =
 []

) (./application_to_hpc.tex
Overfull \hbox (1.01569pt too wide) in paragraph at lines 20--25
[]\T1/aer/m/n/9 Energy Op-ti-mal Repli-ca-tion - Shadow ex-e-cu-tion speeds
 []

[5]) (./analysis.tex <figures/alpha_1.png, id=58, 439.6425pt x 258.21469pt>
File: figures/alpha_1.png Graphic file (type png)

<use figures/alpha_1.png>
Package pdftex.def Info: figures/alpha_1.png used on input line 21.
(pdftex.def)             Requested size: 240.0pt x 140.95863pt.

<figures/alpha_2.png, id=59, 434.37282pt x 258.9675pt>
File: figures/alpha_2.png Graphic file (type png)

<use figures/alpha_2.png>
Package pdftex.def Info: figures/alpha_2.png used on input line 26.
(pdftex.def)             Requested size: 240.0pt x 143.0885pt.

Overfull \hbox (6.15573pt too wide) in paragraph at lines 21--27
 [] 
 []


Overfull \hbox (6.15573pt too wide) in paragraph at lines 21--27
 [] 
 []

[6 <./figures/alpha_1.png> <./figures/alpha_2.png>]
<figures/vulnerability.png, id=63, 433.62pt x 258.9675pt>
File: figures/vulnerability.png Graphic file (type png)

<use figures/vulnerability.png>
Package pdftex.def Info: figures/vulnerability.png used on input line 40.
(pdftex.def)             Requested size: 240.0pt x 143.3335pt.

Underfull \vbox (badness 2698) has occurred while \output is active []


<figures/rho.png, id=64, 430.60875pt x 258.9675pt>
File: figures/rho.png Graphic file (type png)
 <use figures/rho.png>
Package pdftex.def Info: figures/rho.png used on input line 53.
(pdftex.def)             Requested size: 240.0pt x 144.33717pt.

[7 <./figures/vulnerability.png> <./figures/rho.png>]) (./conclusion.tex)
Overfull \hbox (1.95135pt too wide) in paragraph at lines 13--96
\T1/aer/m/n/9 com-put-ing'' to the high per-for-mance com-put-ing en-vi-ron-men
t.
 []


Overfull \hbox (5.2181pt too wide) in paragraph at lines 13--96
\T1/aer/m/n/9 Through eval-u-at-ing the ex-pected en-ergy con-sump-tion of thos
e
 []

(./enahpc2015.bbl
Underfull \vbox (badness 10000) has occurred while \output is active []

 [8])
[9

] (./enahpc2015.aux)

LaTeX Warning: There were undefined references.

 ) 
Here is how much of TeX's memory you used:
 3050 strings out of 493315
 40153 string characters out of 6137904
 105084 words of memory out of 5000000
 6398 multiletter control sequences out of 15000+600000
 51463 words of font info for 67 fonts, out of 8000000 for 9000
 957 hyphenation exceptions out of 8191
 41i,15n,28p,2168b,310s stack positions out of 5000i,500n,10000p,200000b,80000s
{/usr/local/texlive/2013/texmf-dist/fonts/enc/dvips/base/8r.enc}</usr/local/t
exlive/2013/texmf-dist/fonts/type1/public/amsfonts/cm/cmbx9.pfb></usr/local/tex
live/2013/texmf-dist/fonts/type1/public/amsfonts/cmextra/cmex9.pfb></usr/local/
texlive/2013/texmf-dist/fonts/type1/public/amsfonts/cm/cmmi5.pfb></usr/local/te
xlive/2013/texmf-dist/fonts/type1/public/amsfonts/cm/cmmi6.pfb></usr/local/texl
ive/2013/texmf-dist/fonts/type1/public/amsfonts/cm/cmmi9.pfb></usr/local/texliv
e/2013/texmf-dist/fonts/type1/public/amsfonts/cm/cmr6.pfb></usr/local/texlive/2
013/texmf-dist/fonts/type1/public/amsfonts/cm/cmr9.pfb></usr/local/texlive/2013
/texmf-dist/fonts/type1/public/amsfonts/cm/cmsy6.pfb></usr/local/texlive/2013/t
exmf-dist/fonts/type1/public/amsfonts/cm/cmsy9.pfb></usr/local/texlive/2013/tex
mf-dist/fonts/type1/public/amsfonts/cm/cmti9.pfb></usr/local/texlive/2013/texmf
-dist/fonts/type1/urw/helvetic/uhvb8a.pfb></usr/local/texlive/2013/texmf-dist/f
onts/type1/urw/helvetic/uhvr8a.pfb></usr/local/texlive/2013/texmf-dist/fonts/ty
pe1/urw/times/utmb8a.pfb>
Output written on enahpc2015.pdf (9 pages, 528932 bytes).
PDF statistics:
 119 PDF objects out of 1000 (max. 8388607)
 76 compressed objects within 1 object stream
 0 named destinations out of 1000 (max. 500000)
 36 words of extra memory for PDF output out of 10000 (max. 10000000)

