This is pdfTeX, Version 3.1415926-2.5-1.40.14 (TeX Live 2013) (format=pdflatex 2013.5.30)  23 MAR 2017 14:33
entering extended mode
 restricted \write18 enabled.
 %&-line parsing enabled.
**paper
(./paper.tex
LaTeX2e <2011/06/27>
Babel <3.9f> and hyphenation patterns for 78 languages loaded.
(/usr/local/texlive/2013/texmf-dist/tex/latex/base/fixltx2e.sty
Package: fixltx2e 2006/09/13 v1.1m fixes to LaTeX
LaTeX Info: Redefining \em on input line 420.
) (./isp.cls
Document Class: isp 2015/09/01 v1.1
(/usr/local/texlive/2013/texmf-dist/tex/latex/base/article.cls
Document Class: article 2007/10/19 v1.4h Standard LaTeX document class
(/usr/local/texlive/2013/texmf-dist/tex/latex/base/size10.clo
File: size10.clo 2007/10/19 v1.4h Standard LaTeX file (size option)
)
\c@part=\count79
\c@section=\count80
\c@subsection=\count81
\c@subsubsection=\count82
\c@paragraph=\count83
\c@subparagraph=\count84
\c@figure=\count85
\c@table=\count86
\abovecaptionskip=\skip41
\belowcaptionskip=\skip42
\bibindent=\dimen102
)
(/usr/local/texlive/2013/texmf-dist/tex/latex/tools/multicol.sty
Package: multicol 2011/06/27 v1.7a multicolumn formatting (FMi)
\c@tracingmulticols=\count87
\mult@box=\box26
\multicol@leftmargin=\dimen103
\c@unbalance=\count88
\c@collectmore=\count89
\doublecol@number=\count90
\multicoltolerance=\count91
\multicolpretolerance=\count92
\full@width=\dimen104
\page@free=\dimen105
\premulticols=\dimen106
\postmulticols=\dimen107
\multicolsep=\skip43
\multicolbaselineskip=\skip44
\partial@page=\box27
\last@line=\box28
\mult@rightbox=\box29
\mult@grightbox=\box30
\mult@gfirstbox=\box31
\mult@firstbox=\box32
\@tempa=\box33
\@tempa=\box34
\@tempa=\box35
\@tempa=\box36
\@tempa=\box37
\@tempa=\box38
\@tempa=\box39
\@tempa=\box40
\@tempa=\box41
\@tempa=\box42
\@tempa=\box43
\@tempa=\box44
\@tempa=\box45
\@tempa=\box46
\@tempa=\box47
\@tempa=\box48
\@tempa=\box49
\c@columnbadness=\count93
\c@finalcolumnbadness=\count94
\last@try=\dimen108
\multicolovershoot=\dimen109
\multicolundershoot=\dimen110
\mult@nat@firstbox=\box50
\colbreak@box=\box51
\multicol@sort@counter=\count95
)
(/usr/local/texlive/2013/texmf-dist/tex/latex/oberdiek/aliascnt.sty
Package: aliascnt 2009/09/08 v1.3 Alias counters (HO)

(/usr/local/texlive/2013/texmf-dist/tex/latex/carlisle/remreset.sty))
\c@chapter=\count96
LaTeX Font Info:    Redeclaring math symbol \Gamma on input line 282.
LaTeX Font Info:    Redeclaring math symbol \Delta on input line 283.
LaTeX Font Info:    Redeclaring math symbol \Theta on input line 284.
LaTeX Font Info:    Redeclaring math symbol \Lambda on input line 285.
LaTeX Font Info:    Redeclaring math symbol \Xi on input line 286.
LaTeX Font Info:    Redeclaring math symbol \Pi on input line 287.
LaTeX Font Info:    Redeclaring math symbol \Sigma on input line 288.
LaTeX Font Info:    Redeclaring math symbol \Upsilon on input line 289.
LaTeX Font Info:    Redeclaring math symbol \Phi on input line 290.
LaTeX Font Info:    Redeclaring math symbol \Psi on input line 291.
LaTeX Font Info:    Redeclaring math symbol \Omega on input line 292.
\tocchpnum=\dimen111
\tocsecnum=\dimen112
\tocsectotal=\dimen113
\tocsubsecnum=\dimen114
\tocsubsectotal=\dimen115
\tocsubsubsecnum=\dimen116
\tocsubsubsectotal=\dimen117
\tocparanum=\dimen118
\tocparatotal=\dimen119
\tocsubparanum=\dimen120
\@tempcntc=\count97
\fnindent=\dimen121
\c@@inst=\count98
\c@@auth=\count99
\c@auco=\count100
\instindent=\dimen122
\authrun=\box52
\authorrunning=\toks14
\tocauthor=\toks15
\titrun=\box53
\titlerunning=\toks16
\toctitle=\toks17
\headlineindent=\dimen123
)
(/usr/local/texlive/2013/texmf-dist/tex/generic/babel/babel.sty
Package: babel 2013/05/16 v3.9f The Babel package

(/usr/local/texlive/2013/texmf-dist/tex/generic/babel-english/english.ldf
Language: english 2012/08/20 v3.3p English support from the babel system

(/usr/local/texlive/2013/texmf-dist/tex/generic/babel/babel.def
File: babel.def 2013/05/16 v3.9f Babel common definitions
\babel@savecnt=\count101
\U@D=\dimen124
)
\l@canadian = a dialect from \language\l@american 
\l@australian = a dialect from \language\l@british 
\l@newzealand = a dialect from \language\l@british 
))
(/usr/local/texlive/2013/texmf-dist/tex/latex/graphics/graphicx.sty
Package: graphicx 1999/02/16 v1.0f Enhanced LaTeX Graphics (DPC,SPQR)

(/usr/local/texlive/2013/texmf-dist/tex/latex/graphics/keyval.sty
Package: keyval 1999/03/16 v1.13 key=value parser (DPC)
\KV@toks@=\toks18
)
(/usr/local/texlive/2013/texmf-dist/tex/latex/graphics/graphics.sty
Package: graphics 2009/02/05 v1.0o Standard LaTeX Graphics (DPC,SPQR)

(/usr/local/texlive/2013/texmf-dist/tex/latex/graphics/trig.sty
Package: trig 1999/03/16 v1.09 sin cos tan (DPC)
)
(/usr/local/texlive/2013/texmf-dist/tex/latex/latexconfig/graphics.cfg
File: graphics.cfg 2010/04/23 v1.9 graphics configuration of TeX Live
)
Package graphics Info: Driver file: pdftex.def on input line 91.

(/usr/local/texlive/2013/texmf-dist/tex/latex/pdftex-def/pdftex.def
File: pdftex.def 2011/05/27 v0.06d Graphics/color for pdfTeX

(/usr/local/texlive/2013/texmf-dist/tex/generic/oberdiek/infwarerr.sty
Package: infwarerr 2010/04/08 v1.3 Providing info/warning/error messages (HO)
)
(/usr/local/texlive/2013/texmf-dist/tex/generic/oberdiek/ltxcmds.sty
Package: ltxcmds 2011/11/09 v1.22 LaTeX kernel commands for general use (HO)
)
\Gread@gobject=\count102
))
\Gin@req@height=\dimen125
\Gin@req@width=\dimen126
)
(/usr/local/texlive/2013/texmf-dist/tex/latex/paralist/paralist.sty
Package: paralist 2002/03/18 v2.3b Extended list environments (BS)
\pltopsep=\skip45
\plpartopsep=\skip46
\plitemsep=\skip47
\plparsep=\skip48
\pl@lab=\toks19
)
(/usr/local/texlive/2013/texmf-dist/tex/latex/base/fontenc.sty
Package: fontenc 2005/09/27 v1.99g Standard LaTeX package

(/usr/local/texlive/2013/texmf-dist/tex/latex/base/t1enc.def
File: t1enc.def 2005/09/27 v1.99g Standard LaTeX file
LaTeX Font Info:    Redeclaring font encoding T1 on input line 43.
))
(/usr/local/texlive/2013/texmf-dist/tex/latex/subfigure/subfigure.sty
Package: subfigure 2002/03/15 v2.1.5 subfigure package
\subfigtopskip=\skip49
\subfigcapskip=\skip50
\subfigcaptopadj=\dimen127
\subfigbottomskip=\skip51
\subfigcapmargin=\dimen128
\subfiglabelskip=\skip52
\c@subfigure=\count103
\c@lofdepth=\count104
\c@subtable=\count105
\c@lotdepth=\count106

****************************************
* Local config file subfigure.cfg used *
****************************************
(/usr/local/texlive/2013/texmf-dist/tex/latex/subfigure/subfigure.cfg)
\subfig@top=\skip53
\subfig@bottom=\skip54
)
(/usr/local/texlive/2013/texmf-dist/tex/latex/algorithm2e/algorithm2e.sty
Package: algorithm2e 2013/01/06 v5.00 algorithms environments
\c@AlgoLine=\count107

(/usr/local/texlive/2013/texmf-dist/tex/latex/base/ifthen.sty
Package: ifthen 2001/05/26 v1.1c Standard LaTeX ifthen package (DPC)
)
(/usr/local/texlive/2013/texmf-dist/tex/latex/tools/xspace.sty
Package: xspace 2009/10/20 v1.13 Space after command names (DPC,MH)
)
(/usr/local/texlive/2013/texmf-dist/tex/latex/relsize/relsize.sty
Package: relsize 2013/03/29 ver 4.1
)
********************************************************
Package `algorithm2e' Release 5.0 -- january 06 2013 --
- algorithm2e-announce@lirmm.fr mailing list for announcement about releases
- algorithm2e-discussion@lirmm.fr mailing list for discussion about package
subscribe by emailing sympa@lirmm.fr with 'subscribe <list> <firstname name>'
- Author: Christophe Fiorio (cfiorio@um2.fr)
********************************************************
\skiptotal=\skip55
\skiplinenumber=\skip56
\skiprule=\skip57
\skiphlne=\skip58
\skiptext=\skip59
\skiplength=\skip60
\algomargin=\skip61
\skipalgocfslide=\skip62
\algowidth=\dimen129
\inoutsize=\dimen130
\inoutindent=\dimen131
\interspacetitleruled=\dimen132
\interspacealgoruled=\dimen133
\interspacetitleboxruled=\dimen134
\algocf@inoutbox=\box54
\algocf@inputbox=\box55
\AlCapSkip=\skip63
\AlCapHSkip=\skip64
\algoskipindent=\skip65
\algocf@nlbox=\box56
\algocf@hangingbox=\box57
\algocf@untilbox=\box58
\algocf@skipuntil=\skip66
\algocf@capbox=\box59
\algoheightruledefault=\skip67
\algoheightrule=\skip68
\algotitleheightruledefault=\skip69
\algotitleheightrule=\skip70
\c@algocfline=\count108
\c@algocfproc=\count109
\c@algocf=\count110
\algocf@algoframe=\box60
\algocf@algobox=\box61
) (/usr/local/texlive/2013/texmf-dist/tex/latex/lm/lmodern.sty
Package: lmodern 2009/10/30 v1.6 Latin Modern Fonts
LaTeX Font Info:    Overwriting symbol font `operators' in version `normal'
(Font)                  OT1/cmr/m/n --> OT1/lmr/m/n on input line 22.
LaTeX Font Info:    Overwriting symbol font `letters' in version `normal'
(Font)                  OML/cmm/m/it --> OML/lmm/m/it on input line 23.
LaTeX Font Info:    Overwriting symbol font `symbols' in version `normal'
(Font)                  OMS/cmsy/m/n --> OMS/lmsy/m/n on input line 24.
LaTeX Font Info:    Overwriting symbol font `largesymbols' in version `normal'
(Font)                  OMX/cmex/m/n --> OMX/lmex/m/n on input line 25.
LaTeX Font Info:    Overwriting symbol font `operators' in version `bold'
(Font)                  OT1/cmr/bx/n --> OT1/lmr/bx/n on input line 26.
LaTeX Font Info:    Overwriting symbol font `letters' in version `bold'
(Font)                  OML/cmm/b/it --> OML/lmm/b/it on input line 27.
LaTeX Font Info:    Overwriting symbol font `symbols' in version `bold'
(Font)                  OMS/cmsy/b/n --> OMS/lmsy/b/n on input line 28.
LaTeX Font Info:    Overwriting symbol font `largesymbols' in version `bold'
(Font)                  OMX/cmex/m/n --> OMX/lmex/m/n on input line 29.
LaTeX Font Info:    Overwriting math alphabet `\mathbf' in version `normal'
(Font)                  OT1/cmr/bx/n --> OT1/lmr/bx/n on input line 31.
LaTeX Font Info:    Overwriting math alphabet `\mathsf' in version `normal'
(Font)                  OT1/cmss/m/n --> OT1/lmss/m/n on input line 32.
LaTeX Font Info:    Overwriting math alphabet `\mathit' in version `normal'
(Font)                  OT1/cmr/m/it --> OT1/lmr/m/it on input line 33.
LaTeX Font Info:    Overwriting math alphabet `\mathtt' in version `normal'
(Font)                  OT1/cmtt/m/n --> OT1/lmtt/m/n on input line 34.
LaTeX Font Info:    Overwriting math alphabet `\mathbf' in version `bold'
(Font)                  OT1/cmr/bx/n --> OT1/lmr/bx/n on input line 35.
LaTeX Font Info:    Overwriting math alphabet `\mathsf' in version `bold'
(Font)                  OT1/cmss/bx/n --> OT1/lmss/bx/n on input line 36.
LaTeX Font Info:    Overwriting math alphabet `\mathit' in version `bold'
(Font)                  OT1/cmr/bx/it --> OT1/lmr/bx/it on input line 37.
LaTeX Font Info:    Overwriting math alphabet `\mathtt' in version `bold'
(Font)                  OT1/cmtt/m/n --> OT1/lmtt/m/n on input line 38.
)
(/usr/local/texlive/2013/texmf-dist/tex/latex/microtype/microtype.sty
Package: microtype 2013/05/23 v2.5a Micro-typographical refinements (RS)
\MT@toks=\toks20
\MT@count=\count111
LaTeX Info: Redefining \textls on input line 766.
\MT@outer@kern=\dimen135
LaTeX Info: Redefining \textmicrotypecontext on input line 1285.
\MT@listname@count=\count112

(/usr/local/texlive/2013/texmf-dist/tex/latex/microtype/microtype-pdftex.def
File: microtype-pdftex.def 2013/05/23 v2.5a Definitions specific to pdftex (RS)

LaTeX Info: Redefining \lsstyle on input line 915.
LaTeX Info: Redefining \lslig on input line 915.
\MT@outer@space=\skip71
)
Package microtype Info: Loading configuration file microtype.cfg.

(/usr/local/texlive/2013/texmf-dist/tex/latex/microtype/microtype.cfg
File: microtype.cfg 2013/05/23 v2.5a microtype main configuration file (RS)
))
(/usr/local/texlive/2013/texmf-dist/tex/latex/amsmath/amsmath.sty
Package: amsmath 2013/01/14 v2.14 AMS math features
\@mathmargin=\skip72

For additional information on amsmath, use the `?' option.
(/usr/local/texlive/2013/texmf-dist/tex/latex/amsmath/amstext.sty
Package: amstext 2000/06/29 v2.01

(/usr/local/texlive/2013/texmf-dist/tex/latex/amsmath/amsgen.sty
File: amsgen.sty 1999/11/30 v2.0
\@emptytoks=\toks21
\ex@=\dimen136
))
(/usr/local/texlive/2013/texmf-dist/tex/latex/amsmath/amsbsy.sty
Package: amsbsy 1999/11/29 v1.2d
\pmbraise@=\dimen137
)
(/usr/local/texlive/2013/texmf-dist/tex/latex/amsmath/amsopn.sty
Package: amsopn 1999/12/14 v2.01 operator names
)
\inf@bad=\count113
LaTeX Info: Redefining \frac on input line 210.
\uproot@=\count114
\leftroot@=\count115
LaTeX Info: Redefining \overline on input line 306.
\classnum@=\count116
\DOTSCASE@=\count117
LaTeX Info: Redefining \ldots on input line 378.
LaTeX Info: Redefining \dots on input line 381.
LaTeX Info: Redefining \cdots on input line 466.
\Mathstrutbox@=\box62
\strutbox@=\box63
\big@size=\dimen138
LaTeX Font Info:    Redeclaring font encoding OML on input line 566.
LaTeX Font Info:    Redeclaring font encoding OMS on input line 567.


Package amsmath Warning: Unable to redefine math accent \vec.

\macc@depth=\count118
\c@MaxMatrixCols=\count119
\dotsspace@=\muskip10
\c@parentequation=\count120
\dspbrk@lvl=\count121
\tag@help=\toks22
\row@=\count122
\column@=\count123
\maxfields@=\count124
\andhelp@=\toks23
\eqnshift@=\dimen139
\alignsep@=\dimen140
\tagshift@=\dimen141
\tagwidth@=\dimen142
\totwidth@=\dimen143
\lineht@=\dimen144
\@envbody=\toks24
\multlinegap=\skip73
\multlinetaggap=\skip74
\mathdisplay@stack=\toks25
LaTeX Info: Redefining \[ on input line 2665.
LaTeX Info: Redefining \] on input line 2666.
) (/usr/local/texlive/2013/texmf-dist/tex/latex/amsfonts/amssymb.sty
Package: amssymb 2013/01/14 v3.01 AMS font symbols

(/usr/local/texlive/2013/texmf-dist/tex/latex/amsfonts/amsfonts.sty
Package: amsfonts 2013/01/14 v3.01 Basic AMSFonts support
\symAMSa=\mathgroup4
\symAMSb=\mathgroup5
LaTeX Font Info:    Overwriting math alphabet `\mathfrak' in version `bold'
(Font)                  U/euf/m/n --> U/euf/b/n on input line 106.
))
(/usr/local/texlive/2013/texmf-dist/tex/latex/booktabs/booktabs.sty
Package: booktabs 2005/04/14 v1.61803 publication quality tables
\heavyrulewidth=\dimen145
\lightrulewidth=\dimen146
\cmidrulewidth=\dimen147
\belowrulesep=\dimen148
\belowbottomsep=\dimen149
\aboverulesep=\dimen150
\abovetopsep=\dimen151
\cmidrulesep=\dimen152
\cmidrulekern=\dimen153
\defaultaddspace=\dimen154
\@cmidla=\count125
\@cmidlb=\count126
\@aboverulesep=\dimen155
\@belowrulesep=\dimen156
\@thisruleclass=\count127
\@lastruleclass=\count128
\@thisrulewidth=\dimen157
)
(/usr/local/texlive/2013/texmf-dist/tex/latex/url/url.sty
\Urlmuskip=\muskip11
Package: url 2006/04/12  ver 3.3  Verb mode for urls, etc.
)
(/usr/local/texlive/2013/texmf-dist/tex/latex/hyperref/hyperref.sty
Package: hyperref 2012/11/06 v6.83m Hypertext links for LaTeX

(/usr/local/texlive/2013/texmf-dist/tex/generic/oberdiek/hobsub-hyperref.sty
Package: hobsub-hyperref 2012/05/28 v1.13 Bundle oberdiek, subset hyperref (HO)


(/usr/local/texlive/2013/texmf-dist/tex/generic/oberdiek/hobsub-generic.sty
Package: hobsub-generic 2012/05/28 v1.13 Bundle oberdiek, subset generic (HO)
Package: hobsub 2012/05/28 v1.13 Construct package bundles (HO)
Package hobsub Info: Skipping package `infwarerr' (already loaded).
Package hobsub Info: Skipping package `ltxcmds' (already loaded).
Package: ifluatex 2010/03/01 v1.3 Provides the ifluatex switch (HO)
Package ifluatex Info: LuaTeX not detected.
Package: ifvtex 2010/03/01 v1.5 Detect VTeX and its facilities (HO)
Package ifvtex Info: VTeX not detected.
Package: intcalc 2007/09/27 v1.1 Expandable calculations with integers (HO)
Package: ifpdf 2011/01/30 v2.3 Provides the ifpdf switch (HO)
Package ifpdf Info: pdfTeX in PDF mode is detected.
Package: etexcmds 2011/02/16 v1.5 Avoid name clashes with e-TeX commands (HO)
Package etexcmds Info: Could not find \expanded.
(etexcmds)             That can mean that you are not using pdfTeX 1.50 or
(etexcmds)             that some package has redefined \expanded.
(etexcmds)             In the latter case, load this package earlier.
Package: kvsetkeys 2012/04/25 v1.16 Key value parser (HO)
Package: kvdefinekeys 2011/04/07 v1.3 Define keys (HO)
Package: pdftexcmds 2011/11/29 v0.20 Utility functions of pdfTeX for LuaTeX (HO
)
Package pdftexcmds Info: LuaTeX not detected.
Package pdftexcmds Info: \pdf@primitive is available.
Package pdftexcmds Info: \pdf@ifprimitive is available.
Package pdftexcmds Info: \pdfdraftmode found.
Package: pdfescape 2011/11/25 v1.13 Implements pdfTeX's escape features (HO)
Package: bigintcalc 2012/04/08 v1.3 Expandable calculations on big integers (HO
)
Package: bitset 2011/01/30 v1.1 Handle bit-vector datatype (HO)
Package: uniquecounter 2011/01/30 v1.2 Provide unlimited unique counter (HO)
)
Package hobsub Info: Skipping package `hobsub' (already loaded).
Package: letltxmacro 2010/09/02 v1.4 Let assignment for LaTeX macros (HO)
Package: hopatch 2012/05/28 v1.2 Wrapper for package hooks (HO)
Package: xcolor-patch 2011/01/30 xcolor patch
Package: atveryend 2011/06/30 v1.8 Hooks at the very end of document (HO)
Package atveryend Info: \enddocument detected (standard20110627).
Package: atbegshi 2011/10/05 v1.16 At begin shipout hook (HO)
Package: refcount 2011/10/16 v3.4 Data extraction from label references (HO)
Package: hycolor 2011/01/30 v1.7 Color options for hyperref/bookmark (HO)
)
(/usr/local/texlive/2013/texmf-dist/tex/generic/ifxetex/ifxetex.sty
Package: ifxetex 2010/09/12 v0.6 Provides ifxetex conditional
)
(/usr/local/texlive/2013/texmf-dist/tex/latex/oberdiek/auxhook.sty
Package: auxhook 2011/03/04 v1.3 Hooks for auxiliary files (HO)
)
(/usr/local/texlive/2013/texmf-dist/tex/latex/oberdiek/kvoptions.sty
Package: kvoptions 2011/06/30 v3.11 Key value format for package options (HO)
)
\@linkdim=\dimen158
\Hy@linkcounter=\count129
\Hy@pagecounter=\count130

(/usr/local/texlive/2013/texmf-dist/tex/latex/hyperref/pd1enc.def
File: pd1enc.def 2012/11/06 v6.83m Hyperref: PDFDocEncoding definition (HO)
)
\Hy@SavedSpaceFactor=\count131

(/usr/local/texlive/2013/texmf-dist/tex/latex/latexconfig/hyperref.cfg
File: hyperref.cfg 2002/06/06 v1.2 hyperref configuration of TeXLive
)
Package hyperref Info: Option `bookmarks' set `false' on input line 4319.
Package hyperref Info: Option `breaklinks' set `true' on input line 4319.
Package hyperref Info: Option `colorlinks' set `true' on input line 4319.
Package hyperref Info: Hyper figures OFF on input line 4443.
Package hyperref Info: Link nesting OFF on input line 4448.
Package hyperref Info: Hyper index ON on input line 4451.
Package hyperref Info: Plain pages OFF on input line 4458.
Package hyperref Info: Backreferencing OFF on input line 4463.
Package hyperref Info: Implicit mode ON; LaTeX internals redefined.
Package hyperref Info: Bookmarks OFF on input line 4694.
\c@Hy@tempcnt=\count132
LaTeX Info: Redefining \url on input line 5041.
\XeTeXLinkMargin=\dimen159
\Fld@menulength=\count133
\Field@Width=\dimen160
\Fld@charsize=\dimen161
Package hyperref Info: Hyper figures OFF on input line 6295.
Package hyperref Info: Link nesting OFF on input line 6300.
Package hyperref Info: Hyper index ON on input line 6303.
Package hyperref Info: backreferencing OFF on input line 6310.
Package hyperref Info: Link coloring ON on input line 6313.
Package hyperref Info: Link coloring with OCG OFF on input line 6320.
Package hyperref Info: PDF/A mode OFF on input line 6325.
LaTeX Info: Redefining \ref on input line 6365.
LaTeX Info: Redefining \pageref on input line 6369.
\Hy@abspage=\count134
\c@Item=\count135
\c@Hfootnote=\count136
)

Package hyperref Message: Driver (autodetected): hpdftex.

(/usr/local/texlive/2013/texmf-dist/tex/latex/hyperref/hpdftex.def
File: hpdftex.def 2012/11/06 v6.83m Hyperref driver for pdfTeX
\Fld@listcount=\count137
\c@bookmark@seq@number=\count138

(/usr/local/texlive/2013/texmf-dist/tex/latex/oberdiek/rerunfilecheck.sty
Package: rerunfilecheck 2011/04/15 v1.7 Rerun checks for auxiliary files (HO)
Package uniquecounter Info: New unique counter `rerunfilecheck' on input line 2
82.
)
\Hy@SectionHShift=\skip75
)
(/usr/local/texlive/2013/texmf-dist/tex/latex/oberdiek/hypcap.sty
Package: hypcap 2011/02/16 v1.11 Adjusting the anchors of captions (HO)
)
(/usr/local/texlive/2013/texmf-dist/tex/latex/cleveref/cleveref.sty
Package: cleveref 2013/03/22 v0.18.9 Intelligent cross-referencing
Package cleveref Info: `hyperref' support loaded on input line 2163.
LaTeX Info: Redefining \cref on input line 2163.
LaTeX Info: Redefining \Cref on input line 2163.
LaTeX Info: Redefining \crefrange on input line 2163.
LaTeX Info: Redefining \Crefrange on input line 2163.
LaTeX Info: Redefining \cpageref on input line 2163.
LaTeX Info: Redefining \Cpageref on input line 2163.
LaTeX Info: Redefining \cpagerefrange on input line 2163.
LaTeX Info: Redefining \Cpagerefrange on input line 2163.
LaTeX Info: Redefining \labelcref on input line 2163.
LaTeX Info: Redefining \labelcpageref on input line 2163.
Package cleveref Info: `algorithm2e' support loaded on input line 2873.
Package cleveref Info: `aliascnt' support loaded on input line 2919.
Package cleveref Info: always capitalise cross-reference names on input line 73
58.
Package cleveref Info: include cross-reference names in hyperlinks on input lin
e 7369.
Package cleveref Info: always capitalise cross-reference names on input line 73
86.
Package cleveref Info: include cross-reference names in hyperlinks on input lin
e 7386.
)
\c@theorem=\count139
\c@corollary=\count140

(./paper.aux)
\openout1 = `paper.aux'.

LaTeX Font Info:    Checking defaults for OML/cmm/m/it on input line 66.
LaTeX Font Info:    ... okay on input line 66.
LaTeX Font Info:    Checking defaults for T1/cmr/m/n on input line 66.
LaTeX Font Info:    ... okay on input line 66.
LaTeX Font Info:    Checking defaults for OT1/cmr/m/n on input line 66.
LaTeX Font Info:    ... okay on input line 66.
LaTeX Font Info:    Checking defaults for OMS/cmsy/m/n on input line 66.
LaTeX Font Info:    ... okay on input line 66.
LaTeX Font Info:    Checking defaults for OMX/cmex/m/n on input line 66.
LaTeX Font Info:    ... okay on input line 66.
LaTeX Font Info:    Checking defaults for U/cmr/m/n on input line 66.
LaTeX Font Info:    ... okay on input line 66.
LaTeX Font Info:    Checking defaults for PD1/pdf/m/n on input line 66.
LaTeX Font Info:    ... okay on input line 66.
LaTeX Font Info:    Try loading font information for T1+lmr on input line 66.
 (/usr/local/texlive/2013/texmf-dist/tex/latex/lm/t1lmr.fd
File: t1lmr.fd 2009/10/30 v1.6 Font defs for Latin Modern
)
(/usr/local/texlive/2013/texmf-dist/tex/context/base/supp-pdf.mkii
[Loading MPS to PDF converter (version 2006.09.02).]
\scratchcounter=\count141
\scratchdimen=\dimen162
\scratchbox=\box64
\nofMPsegments=\count142
\nofMParguments=\count143
\everyMPshowfont=\toks26
\MPscratchCnt=\count144
\MPscratchDim=\dimen163
\MPnumerator=\count145
\makeMPintoPDFobject=\count146
\everyMPtoPDFconversion=\toks27
) (/usr/local/texlive/2013/texmf-dist/tex/latex/oberdiek/epstopdf-base.sty
Package: epstopdf-base 2010/02/09 v2.5 Base part for package epstopdf

(/usr/local/texlive/2013/texmf-dist/tex/latex/oberdiek/grfext.sty
Package: grfext 2010/08/19 v1.1 Manage graphics extensions (HO)
)
Package grfext Info: Graphics extension search list:
(grfext)             [.png,.pdf,.jpg,.mps,.jpeg,.jbig2,.jb2,.PNG,.PDF,.JPG,.JPE
G,.JBIG2,.JB2,.eps]
(grfext)             \AppendGraphicsExtensions on input line 452.

(/usr/local/texlive/2013/texmf-dist/tex/latex/latexconfig/epstopdf-sys.cfg
File: epstopdf-sys.cfg 2010/07/13 v1.3 Configuration of (r)epstopdf for TeX Liv
e
))
LaTeX Info: Redefining \microtypecontext on input line 66.
Package microtype Info: Generating PDF output.
Package microtype Info: Character protrusion enabled (level 2).
Package microtype Info: Using default protrusion set `alltext'.
Package microtype Info: Automatic font expansion enabled (level 2),
(microtype)             stretch: 20, shrink: 20, step: 1, non-selected.
Package microtype Info: Using default expansion set `basictext'.
Package microtype Info: No adjustment of tracking.
Package microtype Info: No adjustment of interword spacing.
Package microtype Info: No adjustment of character kerning.

(/usr/local/texlive/2013/texmf-dist/tex/latex/microtype/mt-cmr.cfg
File: mt-cmr.cfg 2013/05/19 v2.2 microtype config. file: Computer Modern Roman 
(RS)
)
\AtBeginShipoutBox=\box65

(/usr/local/texlive/2013/texmf-dist/tex/latex/graphics/color.sty
Package: color 2005/11/14 v1.0j Standard LaTeX Color (DPC)

(/usr/local/texlive/2013/texmf-dist/tex/latex/latexconfig/color.cfg
File: color.cfg 2007/01/18 v1.5 color configuration of teTeX/TeXLive
)
Package color Info: Driver file: pdftex.def on input line 130.
)
Package hyperref Info: Link coloring ON on input line 66.

(/usr/local/texlive/2013/texmf-dist/tex/latex/hyperref/nameref.sty
Package: nameref 2012/10/27 v2.43 Cross-referencing by name of section

(/usr/local/texlive/2013/texmf-dist/tex/generic/oberdiek/gettitlestring.sty
Package: gettitlestring 2010/12/03 v1.4 Cleanup title references (HO)
)
\c@section@level=\count147
)
LaTeX Info: Redefining \ref on input line 66.
LaTeX Info: Redefining \pageref on input line 66.
LaTeX Info: Redefining \nameref on input line 66.
LaTeX Font Info:    Try loading font information for OT1+lmr on input line 99.

(/usr/local/texlive/2013/texmf-dist/tex/latex/lm/ot1lmr.fd
File: ot1lmr.fd 2009/10/30 v1.6 Font defs for Latin Modern
)
LaTeX Font Info:    Try loading font information for OML+lmm on input line 99.

(/usr/local/texlive/2013/texmf-dist/tex/latex/lm/omllmm.fd
File: omllmm.fd 2009/10/30 v1.6 Font defs for Latin Modern
)
LaTeX Font Info:    Try loading font information for OMS+lmsy on input line 99.


(/usr/local/texlive/2013/texmf-dist/tex/latex/lm/omslmsy.fd
File: omslmsy.fd 2009/10/30 v1.6 Font defs for Latin Modern
)
LaTeX Font Info:    Try loading font information for OMX+lmex on input line 99.


(/usr/local/texlive/2013/texmf-dist/tex/latex/lm/omxlmex.fd
File: omxlmex.fd 2009/10/30 v1.6 Font defs for Latin Modern
)
LaTeX Font Info:    External font `lmex10' loaded for size
(Font)              <10> on input line 99.
LaTeX Font Info:    External font `lmex10' loaded for size
(Font)              <7> on input line 99.
LaTeX Font Info:    External font `lmex10' loaded for size
(Font)              <5> on input line 99.
LaTeX Font Info:    Try loading font information for U+msa on input line 99.

(/usr/local/texlive/2013/texmf-dist/tex/latex/amsfonts/umsa.fd
File: umsa.fd 2013/01/14 v3.01 AMS symbols A
)
(/usr/local/texlive/2013/texmf-dist/tex/latex/microtype/mt-msa.cfg
File: mt-msa.cfg 2006/02/04 v1.1 microtype config. file: AMS symbols (a) (RS)
)
LaTeX Font Info:    Try loading font information for U+msb on input line 99.

(/usr/local/texlive/2013/texmf-dist/tex/latex/amsfonts/umsb.fd
File: umsb.fd 2013/01/14 v3.01 AMS symbols B
)
(/usr/local/texlive/2013/texmf-dist/tex/latex/microtype/mt-msb.cfg
File: mt-msb.cfg 2005/06/01 v1.0 microtype config. file: AMS symbols (b) (RS)
)
LaTeX Font Info:    Try loading font information for T1+lmtt on input line 99.

(/usr/local/texlive/2013/texmf-dist/tex/latex/lm/t1lmtt.fd
File: t1lmtt.fd 2009/10/30 v1.6 Font defs for Latin Modern
)
Package microtype Info: Loading generic settings for font family
(microtype)             `lmtt' (encoding: T1).
(microtype)             For optimal results, create family-specific settings.
(microtype)             See the microtype manual for details.
 (./abstract.tex
LaTeX Font Info:    External font `lmex10' loaded for size
(Font)              <9> on input line 1.
LaTeX Font Info:    External font `lmex10' loaded for size
(Font)              <6> on input line 1.
)
(./intro.tex
<Figures/sandia_system_failure_rate_increase_nodes.png, id=5, 641.89813pt x 424
.08438pt>
File: Figures/sandia_system_failure_rate_increase_nodes.png Graphic file (type 
png)
 <use Figures/sandia_system_failure_rate_increase_nodes.png>
Package pdftex.def Info: Figures/sandia_system_failure_rate_increase_nodes.png 
used on input line 11.
(pdftex.def)             Requested size: 317.19185pt x 209.56328pt.
 [1

{/usr/local/texlive/2013/texmf-var/fonts/map/pdftex/updmap/pdftex.map}] [2 <./F
igures/sandia_system_failure_rate_increase_nodes.png>]) (./computational_model.
tex
[3] <Figures/succ_new.pdf, id=145, 292.09125pt x 176.66pt>
File: Figures/succ_new.pdf Graphic file (type pdf)

<use Figures/succ_new.pdf>
Package pdftex.def Info: Figures/succ_new.pdf used on input line 37.
(pdftex.def)             Requested size: 203.90855pt x 123.32959pt.

<Figures/fail_new.pdf, id=146, 292.09125pt x 183.68625pt>
File: Figures/fail_new.pdf Graphic file (type pdf)

<use Figures/fail_new.pdf>
Package pdftex.def Info: Figures/fail_new.pdf used on input line 42.
(pdftex.def)             Requested size: 203.90855pt x 128.23473pt.
) (./framework.tex [4 <./Figures/succ_new.pdf> <./Figures/fail_new.pdf>] <Figur
es/jump1.png, id=180, 711.65875pt x 401.5pt>
File: Figures/jump1.png Graphic file (type png)

<use Figures/jump1.png>
Package pdftex.def Info: Figures/jump1.png used on input line 61.
(pdftex.def)             Requested size: 203.90855pt x 115.03519pt.
 <Figures/jump2.png, id=181, 723.70375pt x 469.755pt>
File: Figures/jump2.png Graphic file (type png)

<use Figures/jump2.png>
Package pdftex.def Info: Figures/jump2.png used on input line 66.
(pdftex.def)             Requested size: 203.90855pt x 132.35481pt.
 [5 <./Figures/jump1.png> <./Figures/jump2.png>]
<Figures/sc_mapping.pdf, id=197, 544.0325pt x 292.09125pt>
File: Figures/sc_mapping.pdf Graphic file (type pdf)

<use Figures/sc_mapping.pdf>
Package pdftex.def Info: Figures/sc_mapping.pdf used on input line 87.
(pdftex.def)             Requested size: 317.19185pt x 170.30887pt.
 [6 <./Figures/sc_mapping.pdf>]) (./analytical.tex
[7] (./Analytical/app_fail.tex

Package amsmath Warning: Foreign command \atopwithdelims;
(amsmath)                \frac or \genfrac should be used instead
(amsmath)                 on input line 56.

[8]) (./Analytical/time.tex
<Figures/progress.png, id=265, 665.48625pt x 406.51875pt>
File: Figures/progress.png Graphic file (type png)

<use Figures/progress.png>
Package pdftex.def Info: Figures/progress.png used on input line 16.
(pdftex.def)             Requested size: 317.19185pt x 193.76212pt.
Package microtype Info: Character `029' is missing
(microtype)             in font `T1/lmr/m/sc/10'.
(microtype)             Ignoring protrusion settings for this character.
 [9 <./Figures/progress.png>])
(./Analytical/energy.tex [10])) (./evaluation.tex (./Evaluation/comparison.tex
<Figures/f3.png, id=297, 756.8275pt x 393.47pt>
File: Figures/f3.png Graphic file (type png)
 <use Figures/f3.png>
Package pdftex.def Info: Figures/f3.png used on input line 19.
(pdftex.def)             Requested size: 203.90855pt x 106.01016pt.

<Figures/t31.png, id=298, 754.82pt x 393.47pt>
File: Figures/t31.png Graphic file (type png)
 <use Figures/t31.png>
Package pdftex.def Info: Figures/t31.png used on input line 24.
(pdftex.def)             Requested size: 203.90855pt x 106.29234pt.

<Figures/t32.png, id=299, 764.8575pt x 394.47375pt>
File: Figures/t32.png Graphic file (type png)
 <use Figures/t32.png>
Package pdftex.def Info: Figures/t32.png used on input line 29.
(pdftex.def)             Requested size: 203.90855pt x 105.16705pt.

<Figures/e32.png, id=300, 771.88374pt x 394.47375pt>
File: Figures/e32.png Graphic file (type png)
 <use Figures/e32.png>
Package pdftex.def Info: Figures/e32.png used on input line 34.
(pdftex.def)             Requested size: 203.90855pt x 104.20398pt.

[11]) (./Evaluation/number_of_cores.tex [12 <./Figures/f3.png> <./Figures/t31.p
ng> <./Figures/t32.png> <./Figures/e32.png>]
<Figures/nt5.png, id=333, 533.74406pt x 323.70938pt>
File: Figures/nt5.png Graphic file (type png)
 <use Figures/nt5.png>
Package pdftex.def Info: Figures/nt5.png used on input line 9.
(pdftex.def)             Requested size: 203.90855pt x 123.66777pt.

<Figures/ne5.png, id=334, 547.2947pt x 323.70938pt>
File: Figures/ne5.png Graphic file (type png)
 <use Figures/ne5.png>
Package pdftex.def Info: Figures/ne5.png used on input line 14.
(pdftex.def)             Requested size: 203.90855pt x 120.60535pt.

<Figures/nt25.png, id=335, 536.75531pt x 319.94531pt>
File: Figures/nt25.png Graphic file (type png)
 <use Figures/nt25.png>
Package pdftex.def Info: Figures/nt25.png used on input line 27.
(pdftex.def)             Requested size: 203.90855pt x 121.54141pt.

<Figures/ne25.png, id=336, 536.75531pt x 325.215pt>
File: Figures/ne25.png Graphic file (type png)
 <use Figures/ne25.png>
Package pdftex.def Info: Figures/ne25.png used on input line 32.
(pdftex.def)             Requested size: 203.90855pt x 123.54327pt.
)
(./Evaluation/workload.tex [13 <./Figures/nt5.png> <./Figures/ne5.png> <./Figur
es/nt25.png> <./Figures/ne25.png>]
<Figures/wt25.png, id=351, 431.36156pt x 259.7203pt>
File: Figures/wt25.png Graphic file (type png)
 <use Figures/wt25.png>
Package pdftex.def Info: Figures/wt25.png used on input line 11.
(pdftex.def)             Requested size: 203.90855pt x 122.77pt.

<Figures/we25.png, id=352, 428.35031pt x 258.9675pt>
File: Figures/we25.png Graphic file (type png)
 <use Figures/we25.png>
Package pdftex.def Info: Figures/we25.png used on input line 16.
(pdftex.def)             Requested size: 203.90855pt x 123.27557pt.
)
(./Evaluation/static_power.tex
<Figures/s_power_5.png, id=354, 432.11438pt x 255.20343pt>
File: Figures/s_power_5.png Graphic file (type png)

<use Figures/s_power_5.png>
Package pdftex.def Info: Figures/s_power_5.png used on input line 15.
(pdftex.def)             Requested size: 203.90855pt x 120.42459pt.
) (./Evaluation/collocation.tex [14 <./Figures/wt25.png> <./Figures/we25.png> <
./Figures/s_power_5.png>]
<Figures/collocation.png, id=368, 433.62pt x 257.46187pt>
File: Figures/collocation.png Graphic file (type png)

<use Figures/collocation.png>
Package pdftex.def Info: Figures/collocation.png used on input line 16.
(pdftex.def)             Requested size: 226.56659pt x 134.5252pt.
)) (./conclusion.tex) (./paper.bbl [15 <./Figures/collocation.png>] [16]
** WARNING: IEEEtran.bst: No hyphenation pattern has been
** loaded for the language `Anglais'. Using the pattern for
** the default language instead.
)
Package atveryend Info: Empty hook `BeforeClearDocument' on input line 151.
 [17]
Package atveryend Info: Empty hook `AfterLastShipout' on input line 151.
 (./paper.aux)
Package atveryend Info: Executing hook `AtVeryEndDocument' on input line 151.
Package atveryend Info: Empty hook `AtEndAfterFileList' on input line 151.
Package atveryend Info: Empty hook `AtVeryVeryEnd' on input line 151.
 ) 
Here is how much of TeX's memory you used:
 12231 strings out of 493315
 192577 string characters out of 6137904
 349578 words of memory out of 5000000
 15105 multiletter control sequences out of 15000+600000
 75435 words of font info for 154 fonts, out of 8000000 for 9000
 960 hyphenation exceptions out of 8191
 38i,21n,35p,1547b,739s stack positions out of 5000i,500n,10000p,200000b,80000s
{/usr/local/texlive/2013/texmf-dist/fonts/enc/dvips/lm/lm-mathit.enc}{/usr/lo
cal/texlive/2013/texmf-dist/fonts/enc/dvips/lm/lm-rm.enc}{/usr/local/texlive/20
13/texmf-dist/fonts/enc/dvips/lm/lm-mathsy.enc}{/usr/local/texlive/2013/texmf-d
ist/fonts/enc/dvips/lm/lm-ec.enc}{/usr/local/texlive/2013/texmf-dist/fonts/enc/
dvips/lm/lm-mathex.enc}</usr/local/texlive/2013/texmf-dist/fonts/type1/public/l
m/lmbx10.pfb></usr/local/texlive/2013/texmf-dist/fonts/type1/public/lm/lmbx12.p
fb></usr/local/texlive/2013/texmf-dist/fonts/type1/public/lm/lmbx6.pfb></usr/lo
cal/texlive/2013/texmf-dist/fonts/type1/public/lm/lmbx9.pfb></usr/local/texlive
/2013/texmf-dist/fonts/type1/public/lm/lmcsc10.pfb></usr/local/texlive/2013/tex
mf-dist/fonts/type1/public/lm/lmex10.pfb></usr/local/texlive/2013/texmf-dist/fo
nts/type1/public/lm/lmmi10.pfb></usr/local/texlive/2013/texmf-dist/fonts/type1/
public/lm/lmmi5.pfb></usr/local/texlive/2013/texmf-dist/fonts/type1/public/lm/l
mmi6.pfb></usr/local/texlive/2013/texmf-dist/fonts/type1/public/lm/lmmi7.pfb></
usr/local/texlive/2013/texmf-dist/fonts/type1/public/lm/lmmi9.pfb></usr/local/t
exlive/2013/texmf-dist/fonts/type1/public/lm/lmr10.pfb></usr/local/texlive/2013
/texmf-dist/fonts/type1/public/lm/lmr5.pfb></usr/local/texlive/2013/texmf-dist/
fonts/type1/public/lm/lmr6.pfb></usr/local/texlive/2013/texmf-dist/fonts/type1/
public/lm/lmr7.pfb></usr/local/texlive/2013/texmf-dist/fonts/type1/public/lm/lm
r9.pfb></usr/local/texlive/2013/texmf-dist/fonts/type1/public/lm/lmri10.pfb></u
sr/local/texlive/2013/texmf-dist/fonts/type1/public/lm/lmri9.pfb></usr/local/te
xlive/2013/texmf-dist/fonts/type1/public/lm/lmsy10.pfb></usr/local/texlive/2013
/texmf-dist/fonts/type1/public/lm/lmsy7.pfb></usr/local/texlive/2013/texmf-dist
/fonts/type1/public/lm/lmtt9.pfb></usr/local/texlive/2013/texmf-dist/fonts/type
1/public/amsfonts/symbols/msam10.pfb>

pdfTeX warning: pdflatex: no GlyphToUnicode entry has been inserted yet!
Output written on paper.pdf (17 pages, 1113240 bytes).
PDF statistics:
 508 PDF objects out of 1000 (max. 8388607)
 387 compressed objects within 4 object streams
 128 named destinations out of 1000 (max. 500000)
 22112 words of extra memory for PDF output out of 24883 (max. 10000000)

