This is pdfTeX, Version 3.1415926-2.5-1.40.14 (TeX Live 2013) (format=pdflatex 2013.5.30)  16 MAR 2015 23:03
entering extended mode
 restricted \write18 enabled.
 %&-line parsing enabled.
**enahpc2015
(./enahpc2015.tex
LaTeX2e <2011/06/27>
Babel <3.9f> and hyphenation patterns for 78 languages loaded.

LaTeX Warning: File `example.eps' already exists on the system.
               Not generating it from this source.

(/usr/local/texlive/2013/texmf-dist/tex/latex/base/fix-cm.sty
Package: fix-cm 2006/09/13 v1.1m fixes to LaTeX

(/usr/local/texlive/2013/texmf-dist/tex/latex/base/ts1enc.def
File: ts1enc.def 2001/06/05 v3.0e (jk/car/fm) Standard LaTeX file
)) (./svjour3.cls
Document Class: svjour3 2007/05/08 v3.2 
LaTeX document class for Springer journals
(/usr/local/texlive/2013/texmf-dist/tex/latex/base/fleqn.clo
File: fleqn.clo 1998/08/17 v1.1c Standard LaTeX option (flush left equations)
\mathindent=\dimen102
)
Class Springer-SVJour3 Info: extra/valid Springer sub-package (-> *.clo) 
(Springer-SVJour3)           not found in option list of \documentclass
(Springer-SVJour3)           - autoactivating "global" style.
 (./svglov3.clo
File: svglov3.clo 2009/12/18 v3.2 style option for standardised journals

SVJour Class option: svglov3.clo for standardised journals
)
LaTeX Font Info:    Redeclaring math symbol \Gamma on input line 147.
LaTeX Font Info:    Redeclaring math symbol \Delta on input line 148.
LaTeX Font Info:    Redeclaring math symbol \Theta on input line 149.
LaTeX Font Info:    Redeclaring math symbol \Lambda on input line 150.
LaTeX Font Info:    Redeclaring math symbol \Xi on input line 151.
LaTeX Font Info:    Redeclaring math symbol \Pi on input line 152.
LaTeX Font Info:    Redeclaring math symbol \Sigma on input line 153.
LaTeX Font Info:    Redeclaring math symbol \Upsilon on input line 154.
LaTeX Font Info:    Redeclaring math symbol \Phi on input line 155.
LaTeX Font Info:    Redeclaring math symbol \Psi on input line 156.
LaTeX Font Info:    Redeclaring math symbol \Omega on input line 157.
\logodepth=\dimen103
\headerboxheight=\dimen104
\betweenumberspace=\dimen105
\aftertext=\dimen106
\headlineindent=\dimen107
\c@inst=\count79
\c@auth=\count80
\instindent=\dimen108
\authrun=\box26
\authorrunning=\toks14
\titrun=\box27
\titlerunning=\toks15
\combirun=\box28
\c@lastpage=\count81
\rubricwidth=\dimen109
\c@section=\count82
\c@subsection=\count83
\c@subsubsection=\count84
\c@paragraph=\count85
\c@subparagraph=\count86
\spthmsep=\dimen110
\c@theorem=\count87
\c@case=\count88
\c@conjecture=\count89
\c@corollary=\count90
\c@definition=\count91
\c@example=\count92
\c@exercise=\count93
\c@lemma=\count94
\c@note=\count95
\c@problem=\count96
\c@property=\count97
\c@proposition=\count98
\c@question=\count99
\c@solution=\count100
\c@remark=\count101
\c@figure=\count102
\c@table=\count103
\abovecaptionskip=\skip41
\belowcaptionskip=\skip42
\figcapgap=\dimen111
\tabcapgap=\dimen112
\figgap=\dimen113
\bibindent=\dimen114
\@tempcntc=\count104
) (/usr/local/texlive/2013/texmf-dist/tex/latex/graphics/graphicx.sty
Package: graphicx 1999/02/16 v1.0f Enhanced LaTeX Graphics (DPC,SPQR)

(/usr/local/texlive/2013/texmf-dist/tex/latex/graphics/keyval.sty
Package: keyval 1999/03/16 v1.13 key=value parser (DPC)
\KV@toks@=\toks16
)
(/usr/local/texlive/2013/texmf-dist/tex/latex/graphics/graphics.sty
Package: graphics 2009/02/05 v1.0o Standard LaTeX Graphics (DPC,SPQR)

(/usr/local/texlive/2013/texmf-dist/tex/latex/graphics/trig.sty
Package: trig 1999/03/16 v1.09 sin cos tan (DPC)
)
(/usr/local/texlive/2013/texmf-dist/tex/latex/latexconfig/graphics.cfg
File: graphics.cfg 2010/04/23 v1.9 graphics configuration of TeX Live
)
Package graphics Info: Driver file: pdftex.def on input line 91.

(/usr/local/texlive/2013/texmf-dist/tex/latex/pdftex-def/pdftex.def
File: pdftex.def 2011/05/27 v0.06d Graphics/color for pdfTeX

(/usr/local/texlive/2013/texmf-dist/tex/generic/oberdiek/infwarerr.sty
Package: infwarerr 2010/04/08 v1.3 Providing info/warning/error messages (HO)
)
(/usr/local/texlive/2013/texmf-dist/tex/generic/oberdiek/ltxcmds.sty
Package: ltxcmds 2011/11/09 v1.22 LaTeX kernel commands for general use (HO)
)
\Gread@gobject=\count105
))
\Gin@req@height=\dimen115
\Gin@req@width=\dimen116
)
(/usr/local/texlive/2013/texmf-dist/tex/latex/amsmath/amsmath.sty
Package: amsmath 2013/01/14 v2.14 AMS math features
\@mathmargin=\skip43

For additional information on amsmath, use the `?' option.
(/usr/local/texlive/2013/texmf-dist/tex/latex/amsmath/amstext.sty
Package: amstext 2000/06/29 v2.01

(/usr/local/texlive/2013/texmf-dist/tex/latex/amsmath/amsgen.sty
File: amsgen.sty 1999/11/30 v2.0
\@emptytoks=\toks17
\ex@=\dimen117
))
(/usr/local/texlive/2013/texmf-dist/tex/latex/amsmath/amsbsy.sty
Package: amsbsy 1999/11/29 v1.2d
\pmbraise@=\dimen118
)
(/usr/local/texlive/2013/texmf-dist/tex/latex/amsmath/amsopn.sty
Package: amsopn 1999/12/14 v2.01 operator names
)
\inf@bad=\count106
LaTeX Info: Redefining \frac on input line 210.
\uproot@=\count107
\leftroot@=\count108
LaTeX Info: Redefining \overline on input line 306.
\classnum@=\count109
\DOTSCASE@=\count110
LaTeX Info: Redefining \ldots on input line 378.
LaTeX Info: Redefining \dots on input line 381.
LaTeX Info: Redefining \cdots on input line 466.
\Mathstrutbox@=\box29
\strutbox@=\box30
\big@size=\dimen119
LaTeX Font Info:    Redeclaring font encoding OML on input line 566.
LaTeX Font Info:    Redeclaring font encoding OMS on input line 567.


Package amsmath Warning: Unable to redefine math accent \vec.

\macc@depth=\count111
\c@MaxMatrixCols=\count112
\dotsspace@=\muskip10
\c@parentequation=\count113
\dspbrk@lvl=\count114
\tag@help=\toks18
\row@=\count115
\column@=\count116
\maxfields@=\count117
\andhelp@=\toks19
\eqnshift@=\dimen120
\alignsep@=\dimen121
\tagshift@=\dimen122
\tagwidth@=\dimen123
\totwidth@=\dimen124
\lineht@=\dimen125
\@envbody=\toks20
\multlinegap=\skip44
\multlinetaggap=\skip45
\mathdisplay@stack=\toks21
LaTeX Info: Redefining \[ on input line 2665.
LaTeX Info: Redefining \] on input line 2666.
) (/usr/local/texlive/2013/texmf-dist/tex/latex/subfigure/subfigure.sty
Package: subfigure 2002/03/15 v2.1.5 subfigure package
\subfigtopskip=\skip46
\subfigcapskip=\skip47
\subfigcaptopadj=\dimen126
\subfigbottomskip=\skip48
\subfigcapmargin=\dimen127
\subfiglabelskip=\skip49
\c@subfigure=\count118
\c@lofdepth=\count119
\c@subtable=\count120
\c@lotdepth=\count121

****************************************
* Local config file subfigure.cfg used *
****************************************
(/usr/local/texlive/2013/texmf-dist/tex/latex/subfigure/subfigure.cfg)
\subfig@top=\skip50
\subfig@bottom=\skip51
)
(./enahpc2015.aux)
\openout1 = `enahpc2015.aux'.

LaTeX Font Info:    Checking defaults for OML/cmm/m/it on input line 65.
LaTeX Font Info:    ... okay on input line 65.
LaTeX Font Info:    Checking defaults for T1/cmr/m/n on input line 65.
LaTeX Font Info:    ... okay on input line 65.
LaTeX Font Info:    Checking defaults for OT1/cmr/m/n on input line 65.
LaTeX Font Info:    ... okay on input line 65.
LaTeX Font Info:    Checking defaults for OMS/cmsy/m/n on input line 65.
LaTeX Font Info:    ... okay on input line 65.
LaTeX Font Info:    Checking defaults for OMX/cmex/m/n on input line 65.
LaTeX Font Info:    ... okay on input line 65.
LaTeX Font Info:    Checking defaults for U/cmr/m/n on input line 65.
LaTeX Font Info:    ... okay on input line 65.
LaTeX Font Info:    Checking defaults for TS1/cmr/m/n on input line 65.
LaTeX Font Info:    ... okay on input line 65.

Unknown journal: specify \journalname{<name of your journal>} in preambel

(/usr/local/texlive/2013/texmf-dist/tex/context/base/supp-pdf.mkii
[Loading MPS to PDF converter (version 2006.09.02).]
\scratchcounter=\count122
\scratchdimen=\dimen128
\scratchbox=\box31
\nofMPsegments=\count123
\nofMParguments=\count124
\everyMPshowfont=\toks22
\MPscratchCnt=\count125
\MPscratchDim=\dimen129
\MPnumerator=\count126
\makeMPintoPDFobject=\count127
\everyMPtoPDFconversion=\toks23
) (/usr/local/texlive/2013/texmf-dist/tex/generic/oberdiek/pdftexcmds.sty
Package: pdftexcmds 2011/11/29 v0.20 Utility functions of pdfTeX for LuaTeX (HO
)

(/usr/local/texlive/2013/texmf-dist/tex/generic/oberdiek/ifluatex.sty
Package: ifluatex 2010/03/01 v1.3 Provides the ifluatex switch (HO)
Package ifluatex Info: LuaTeX not detected.
)
(/usr/local/texlive/2013/texmf-dist/tex/generic/oberdiek/ifpdf.sty
Package: ifpdf 2011/01/30 v2.3 Provides the ifpdf switch (HO)
Package ifpdf Info: pdfTeX in PDF mode is detected.
)
Package pdftexcmds Info: LuaTeX not detected.
Package pdftexcmds Info: \pdf@primitive is available.
Package pdftexcmds Info: \pdf@ifprimitive is available.
Package pdftexcmds Info: \pdfdraftmode found.
)
(/usr/local/texlive/2013/texmf-dist/tex/latex/oberdiek/epstopdf-base.sty
Package: epstopdf-base 2010/02/09 v2.5 Base part for package epstopdf

(/usr/local/texlive/2013/texmf-dist/tex/latex/oberdiek/grfext.sty
Package: grfext 2010/08/19 v1.1 Manage graphics extensions (HO)

(/usr/local/texlive/2013/texmf-dist/tex/generic/oberdiek/kvdefinekeys.sty
Package: kvdefinekeys 2011/04/07 v1.3 Define keys (HO)
))
(/usr/local/texlive/2013/texmf-dist/tex/latex/oberdiek/kvoptions.sty
Package: kvoptions 2011/06/30 v3.11 Key value format for package options (HO)

(/usr/local/texlive/2013/texmf-dist/tex/generic/oberdiek/kvsetkeys.sty
Package: kvsetkeys 2012/04/25 v1.16 Key value parser (HO)

(/usr/local/texlive/2013/texmf-dist/tex/generic/oberdiek/etexcmds.sty
Package: etexcmds 2011/02/16 v1.5 Avoid name clashes with e-TeX commands (HO)
Package etexcmds Info: Could not find \expanded.
(etexcmds)             That can mean that you are not using pdfTeX 1.50 or
(etexcmds)             that some package has redefined \expanded.
(etexcmds)             In the latter case, load this package earlier.
)))
Package grfext Info: Graphics extension search list:
(grfext)             [.png,.pdf,.jpg,.mps,.jpeg,.jbig2,.jb2,.PNG,.PDF,.JPG,.JPE
G,.JBIG2,.JB2,.eps]
(grfext)             \AppendGraphicsExtensions on input line 452.

(/usr/local/texlive/2013/texmf-dist/tex/latex/latexconfig/epstopdf-sys.cfg
File: epstopdf-sys.cfg 2010/07/13 v1.3 Configuration of (r)epstopdf for TeX Liv
e
))
SVJour3 warning: Missing \journalname
LaTeX Font Info:    Calculating math sizes for size <8.5> on input line 105.

LaTeX Font Warning: Font shape `OMX/cmex/m/n' in size <8.5> not available
(Font)              size <8> substituted on input line 105.

(./abstract.tex) (./new_intro.tex [1{/usr/local/texlive/2013/texmf-var/fonts/ma
p/pdftex/updmap/pdftex.map}


]
<figures/sandia_system_failure_rate_increase_nodes.pdf, id=12, 839.135pt x 558.
085pt>
File: figures/sandia_system_failure_rate_increase_nodes.pdf Graphic file (type 
pdf)
 <use figures/sandia_system_failure_rate_increase_nodes.pdf>
Package pdftex.def Info: figures/sandia_system_failure_rate_increase_nodes.pdf 
used on input line 8.
(pdftex.def)             Requested size: 238.96417pt x 158.92815pt.

<figures/sandia_percent_of_time_for_checkpoints.pdf, id=13, 463.45987pt x 368.1
368pt>
File: figures/sandia_percent_of_time_for_checkpoints.pdf Graphic file (type pdf
)
 <use figures/sandia_percent_of_time_for_checkpoints.pdf>
Package pdftex.def Info: figures/sandia_percent_of_time_for_checkpoints.pdf use
d on input line 40.
(pdftex.def)             Requested size: 238.96417pt x 189.81445pt.

Overfull \hbox (2.06407pt too wide) in paragraph at lines 49--59
\OT1/cmr/m/n/10 with min-i-mum en-ergy con-sump-tion in fu-ture large-scale,
 []


Overfull \hbox (1.23074pt too wide) in paragraph at lines 49--59
\OT1/cmr/m/n/10 high-performance com-put-ing en-vi-ron-ments. To this end,
 []


Overfull \hbox (2.89732pt too wide) in paragraph at lines 49--59
\OT1/cmr/m/n/10 we pro-pose a new energy-aware ``lazy shad-ow-ing'' model,
 []


Underfull \vbox (badness 10000) has occurred while \output is active []

 [2 <./figures/sandia_system_failure_rate_increase_nodes.pdf> <./figures/sandia
_percent_of_time_for_checkpoints.pdf>])
Overfull \hbox (3.45287pt too wide) in paragraph at lines 77--117
\OT1/cmr/m/n/10 Sec-tion 2[] re-views work re-lated to fault-tolerance in large
-
 []


Overfull \hbox (10.28632pt too wide) in paragraph at lines 77--117
\OT1/cmr/m/n/10 an en-ergy op-ti-miza-tion prob-lem to achieve fault-tolerance,

 []


Overfull \hbox (2.00848pt too wide) in paragraph at lines 77--117
\OT1/cmr/m/n/10 ported ap-pli-ca-tion. In Sec-tion 4[] two dif-fer-ent ap-proac
hes
 []


Overfull \hbox (9.25844pt too wide) in paragraph at lines 77--117
\OT1/cmr/m/n/10 chine repli-ca-tion, a re-cently pro-posed al-ter-na-tive to ch
eck-
 []

(./related_work.tex
Overfull \hbox (0.67514pt too wide) in paragraph at lines 1--7
\OT1/cmr/m/n/10 Checkpointing and roll-back re-cov-ery are fre-quently used
 []


Overfull \hbox (2.11961pt too wide) in paragraph at lines 53--61
\OT1/cmr/m/n/10 tolerance re-quire-ments of high-performance ap-pli-ca-tions
 []


Overfull \hbox (1.5641pt too wide) in paragraph at lines 53--61
\OT1/cmr/m/n/10 [9, 24]. Pro-cess repli-ca-tion, how-ever, can be pro-hibitivel
y
 []


Overfull \hbox (2.39737pt too wide) in paragraph at lines 62--70
[]\OT1/cmr/m/n/10 In ad-di-tion to its sig-nif-i-cant en-ergy sav-ing, lazy sha
d-
 []


Underfull \vbox (badness 4886) has occurred while \output is active []

 [3])
(./model.tex
<figures/shadow_main_diagram.pdf, id=42, 451.6875pt x 195.73125pt>
File: figures/shadow_main_diagram.pdf Graphic file (type pdf)

<use figures/shadow_main_diagram.pdf>
Package pdftex.def Info: figures/shadow_main_diagram.pdf used on input line 42.

(pdftex.def)             Requested size: 238.96417pt x 103.55188pt.
 [4 <./figures/shadow_main_diagram.pdf>]
Overfull \hbox (2.56395pt too wide) in paragraph at lines 147--158
\OT1/cmr/m/n/10 the shadow pro-cess does not fail. In this case, the shadow
 []

) (./application_to_hpc.tex [5]
Overfull \hbox (12.56404pt too wide) in paragraph at lines 20--25
[]\OT1/cmr/m/n/10 Energy Op-ti-mal Repli-ca-tion - Shadow ex-e-cu-tion speeds
 []

) (./analysis.tex <figures/alpha_1.png, id=72, 439.6425pt x 258.21469pt>
File: figures/alpha_1.png Graphic file (type png)

<use figures/alpha_1.png>
Package pdftex.def Info: figures/alpha_1.png used on input line 21.
(pdftex.def)             Requested size: 238.96417pt x 140.34793pt.

<figures/alpha_2.png, id=73, 434.37282pt x 258.9675pt>
File: figures/alpha_2.png Graphic file (type png)

<use figures/alpha_2.png>
Package pdftex.def Info: figures/alpha_2.png used on input line 26.
(pdftex.def)             Requested size: 238.96417pt x 142.46811pt.

Overfull \hbox (6.0209pt too wide) in paragraph at lines 21--27
 [] 
 []


Overfull \hbox (6.0209pt too wide) in paragraph at lines 21--27
 [] 
 []


Overfull \hbox (9.78624pt too wide) in paragraph at lines 33--34
[]\OT1/cmr/m/n/10 Figure 4[] shows that both lazy shad-ow-ing and stretched
 []


Overfull \hbox (0.95288pt too wide) in paragraph at lines 33--34
\OT1/cmr/m/n/10 pared to state ma-chine repil-ca-tion, when there is enough
 []


Overfull \hbox (1.08122pt too wide) in paragraph at lines 33--34
\OT1/cmr/m/n/10 the re-sponse time ($\OML/cmm/m/it/10  \OT1/cmr/m/n/10 = 1$), 
lazy shad-ow-ing and stretched
 []

[6]
Underfull \vbox (badness 6575) has occurred while \output is active []


<figures/vulnerability.png, id=77, 433.62pt x 258.9675pt>
File: figures/vulnerability.png Graphic file (type png)

<use figures/vulnerability.png>
Package pdftex.def Info: figures/vulnerability.png used on input line 40.
(pdftex.def)             Requested size: 238.96417pt x 142.71706pt.
 [7 <./figures/alpha_1.png> <./figures/alpha_2.png> <./figures/vulnerability.pn
g>]
Overfull \hbox (3.7307pt too wide) in paragraph at lines 49--50
\OT1/cmr/m/n/10 the var-i-ous com-puter or-ga-ni-za-tion and ar-chi-tec-ture te
ch-
 []

<figures/rho.png, id=83, 430.60875pt x 258.9675pt>
File: figures/rho.png Graphic file (type png)
 <use figures/rho.png>
Package pdftex.def Info: figures/rho.png used on input line 53.
(pdftex.def)             Requested size: 238.96417pt x 143.7168pt.

Overfull \hbox (3.174pt too wide) in paragraph at lines 59--60
[]\OT1/cmr/m/n/10 DVFS saves dy-namic power while not chang-ing static
 []

) (./conclusion.tex) (./enahpc2015.bbl
Underfull \hbox (badness 3323) in paragraph at lines 10--16
\OT1/cmr/m/n/8.5 al-lel sys-tems.  In: Pro-ceed-ings of the 18th an-
 []


Underfull \hbox (badness 7081) in paragraph at lines 10--16
\OT1/cmr/m/n/8.5 '04, pp. 277--286. ACM, New York, NY, USA
 []


Underfull \hbox (badness 8038) in paragraph at lines 10--16
\OT1/cmr/m/n/8.5 (2004).  DOI 10.1145/1006209.1006248.  URL
 []

[8 <./figures/rho.png>]
Underfull \hbox (badness 10000) in paragraph at lines 38--43
[]\OT1/cmr/m/n/8.5 Chandy, K.M., Lam-port, L.: Dis-tributed snap-
 []


Underfull \hbox (badness 10000) in paragraph at lines 38--43
\OT1/cmr/m/n/8.5 shots: de-ter-min-ing global states of dis-tributed
 []


Underfull \hbox (badness 3000) in paragraph at lines 38--43
\OT1/cmr/m/n/8.5 sys-tems.  ACM Trans. Com-put. Syst. \OT1/cmr/bx/n/8.5 3\OT1/c
mr/m/n/8.5 (1), 63--
 []


Underfull \hbox (badness 4366) in paragraph at lines 38--43
\OT1/cmr/m/n/8.5 75 (1985).  DOI 10.1145/214451.214456.  URL
 []


Underfull \hbox (badness 4156) in paragraph at lines 45--50
[]\OT1/cmr/m/n/8.5 Daly, J.T.: A higher or-der es-ti-mate of the op-
 []


Underfull \hbox (badness 10000) in paragraph at lines 45--50
\OT1/cmr/m/n/8.5 ti-mum check-point in-ter-val for restart dumps.
 []


Underfull \hbox (badness 10000) in paragraph at lines 45--50
\OT1/cmr/m/n/8.5 Fu-ture Gener. Com-put. Syst. \OT1/cmr/bx/n/8.5 22\OT1/cmr/m/n
/8.5 (3), 303--312
 []


Underfull \hbox (badness 3323) in paragraph at lines 45--50
\OT1/cmr/m/n/8.5 (2006).  DOI 10.1016/j.future.2004.11.016.  URL
 []


Underfull \hbox (badness 3108) in paragraph at lines 59--64
\OT1/cmr/m/n/8.5 408 (2002).  DOI 10.1145/568522.568525.  URL
 []


Underfull \hbox (badness 10000) in paragraph at lines 82--87
[]\OT1/cmr/m/n/8.5 Flautner, K., Rein-hardt, S., Mudge, T.: Au-
 []


Underfull \hbox (badness 10000) in paragraph at lines 82--87
\OT1/cmr/m/n/8.5 to-matic per-for-mance set-ting for dy-namic volt-
 []


Underfull \hbox (badness 10000) in paragraph at lines 82--87
\OT1/cmr/m/n/8.5 age scal-ing.  Wirel. Netw. \OT1/cmr/bx/n/8.5 8\OT1/cmr/m/n/8.
5 (5), 507--520
 []


Underfull \hbox (badness 6893) in paragraph at lines 82--87
\OT1/cmr/m/n/8.5 (2002).  DOI 10.1023/A:1016546330128.  URL
 []


Underfull \hbox (badness 4505) in paragraph at lines 102--107
[]\OT1/cmr/m/n/8.5 Koo, R., Toueg, S.: Check-point-ing and rollback-
 []


Underfull \hbox (badness 6125) in paragraph at lines 102--107
\OT1/cmr/m/n/8.5 recovery for dis-tributed sys-tems.  In: Pro-ceed-
 []


Underfull \hbox (badness 1472) in paragraph at lines 102--107
\OT1/cmr/m/n/8.5 ings of 1986 ACM Fall joint com-puter con-fer-ence,
 []


Underfull \hbox (badness 4726) in paragraph at lines 102--107
\OT1/cmr/m/n/8.5 ACM '86, pp. 1150--1158. IEEE Com-puter So-ci-
 []


Underfull \hbox (badness 1371) in paragraph at lines 102--107
\OT1/cmr/m/n/8.5 ety Press, Los Alami-tos, CA, USA (1986).  URL
 []


Underfull \hbox (badness 1389) in paragraph at lines 132--137
\OT1/cmr/m/n/8.5 M., Riesen, R., Roth, P.: Mod-el-ing the im-pact of
 []


Underfull \hbox (badness 1546) in paragraph at lines 132--137
\OT1/cmr/m/n/8.5 check-points on next-generation sys-tems.  In: Mass
 []


Underfull \hbox (badness 4556) in paragraph at lines 139--145
[]\OT1/cmr/m/n/8.5 Oliner, A.J., Rudolph, L., Sa-hoo, R.K.: Co-op-er-
 []


Underfull \hbox (badness 4954) in paragraph at lines 139--145
\OT1/cmr/m/n/8.5 a-tive check-point-ing: a ro-bust ap-proach to large-
 []


Underfull \hbox (badness 2951) in paragraph at lines 139--145
\OT1/cmr/m/n/8.5 scale sys-tems re-li-a-bil-ity.  In: Pro-ceed-ings of the
 []


Underfull \hbox (badness 2073) in paragraph at lines 139--145
\OT1/cmr/m/n/8.5 20th an-nual in-ter-na-tional con-fer-ence on Su-per-com-
 []


Underfull \hbox (badness 1077) in paragraph at lines 147--154
\OT1/cmr/m/n/8.5 or-di-nated check-point-ing for large-scale su-per-com-put-
 []


Underfull \hbox (badness 1394) in paragraph at lines 183--188
[]\OT1/cmr/m/n/8.5 Srinivasan, J., Adve, S., Bose, P., Rivers, J.: The
 []


Underfull \hbox (badness 1629) in paragraph at lines 183--188
\OT1/cmr/m/n/8.5 im-pact of tech-nol-ogy scal-ing on life-time re-li-a-bil-ity.

 []


Underfull \hbox (badness 1681) in paragraph at lines 190--194
[]\OT1/cmr/m/n/8.5 Strom, R., Yem-ini, S.: Op-ti-mistic re-cov-ery in dis-
 []


Underfull \hbox (badness 3108) in paragraph at lines 190--194
\OT1/cmr/m/n/8.5 204--226 (1985).  DOI 10.1145/3959.3962.  URL
 []

) [9] (./enahpc2015.aux)

LaTeX Font Warning: Size substitutions with differences
(Font)              up to 0.5pt have occurred.

 ) 
Here is how much of TeX's memory you used:
 3066 strings out of 493315
 44592 string characters out of 6137904
 109743 words of memory out of 5000000
 6459 multiletter control sequences out of 15000+600000
 11737 words of font info for 42 fonts, out of 8000000 for 9000
 957 hyphenation exceptions out of 8191
 38i,9n,33p,2170b,318s stack positions out of 5000i,500n,10000p,200000b,80000s
</usr/local/texlive/2013/texmf-dist/fonts/type1/public/amsfonts/cm/cmbsy10.pf
b></usr/local/texlive/2013/texmf-dist/fonts/type1/public/amsfonts/cm/cmbx10.pfb
></usr/local/texlive/2013/texmf-dist/fonts/type1/public/amsfonts/cm/cmbx12.pfb>
</usr/local/texlive/2013/texmf-dist/fonts/type1/public/amsfonts/cm/cmbx8.pfb></
usr/local/texlive/2013/texmf-dist/fonts/type1/public/amsfonts/cm/cmex10.pfb></u
sr/local/texlive/2013/texmf-dist/fonts/type1/public/amsfonts/cm/cmmi10.pfb></us
r/local/texlive/2013/texmf-dist/fonts/type1/public/amsfonts/cm/cmmi5.pfb></usr/
local/texlive/2013/texmf-dist/fonts/type1/public/amsfonts/cm/cmmi7.pfb></usr/lo
cal/texlive/2013/texmf-dist/fonts/type1/public/amsfonts/cm/cmmi8.pfb></usr/loca
l/texlive/2013/texmf-dist/fonts/type1/public/amsfonts/cm/cmr10.pfb></usr/local/
texlive/2013/texmf-dist/fonts/type1/public/amsfonts/cm/cmr7.pfb></usr/local/tex
live/2013/texmf-dist/fonts/type1/public/amsfonts/cm/cmr8.pfb></usr/local/texliv
e/2013/texmf-dist/fonts/type1/public/amsfonts/cm/cmsy10.pfb></usr/local/texlive
/2013/texmf-dist/fonts/type1/public/amsfonts/cm/cmsy7.pfb>
Output written on enahpc2015.pdf (9 pages, 483810 bytes).
PDF statistics:
 135 PDF objects out of 1000 (max. 8388607)
 90 compressed objects within 1 object stream
 0 named destinations out of 1000 (max. 500000)
 36 words of extra memory for PDF output out of 10000 (max. 10000000)

