This is pdfTeX, Version 3.14159265-2.6-1.40.16 (TeX Live 2015) (preloaded format=pdflatex 2015.5.24)  3 DEC 2015 10:51
entering extended mode
 restricted \write18 enabled.
 file:line:error style messages enabled.
 %&-line parsing enabled.
**pittetd.cls
(./pittetd.cls
LaTeX2e <2015/01/01>
Babel <3.9l> and hyphenation patterns for 79 languages loaded.

LaTeX Warning: You have requested package `',
               but the package provides `pittetd'.

Package: pittetd 2004/08/17 v1.618 University of Pittsburgh ETD (Electronic The
sis & Dissertations) class
\@=\write3

./pittetd.cls:17: LaTeX Error: Missing \begin{document}.

See the LaTeX manual or LaTeX Companion for explanation.
Type  H <return>  for immediate help.
 ...                                              
                                                  
l.17 \newwrite\@e
                 tdaux
? 
./pittetd.cls:17: Emergency stop.
 ...                                              
                                                  
l.17 \newwrite\@e
                 tdaux
You're in trouble here.  Try typing  <return>  to proceed.
If that doesn't work, type  X <return>  to quit.

 
Here is how much of TeX's memory you used:
 8 strings out of 493089
 269 string characters out of 6134842
 53199 words of memory out of 5000000
 3591 multiletter control sequences out of 15000+600000
 3640 words of font info for 14 fonts, out of 8000000 for 9000
 1141 hyphenation exceptions out of 8191
 7i,0n,10p,75b,14s stack positions out of 5000i,500n,10000p,200000b,80000s
./pittetd.cls:17:  ==> Fatal error occurred, no output PDF file produced!
