\BOOKMARK [0][]{prelim.0}{TITLE PAGE}{}
\BOOKMARK [0][]{prelim.1}{COMMITTEE MEMBERSHIP PAGE}{}
\BOOKMARK [0][]{prelim.2}{ABSTRACT}{}
\BOOKMARK [0][]{prelim.4}{TABLE OF CONTENTS}{}
\BOOKMARK [0][]{chapter.1}{1.0 INTRODUCTION}{}% 1
\BOOKMARK [1][]{section.1.1}{1.1 Problem Statement}{chapter.1}% 2
\BOOKMARK [1][]{section.1.2}{1.2 Research Overview}{chapter.1}% 3
\BOOKMARK [2][]{subsection.1.2.1}{1.2.1 Achieve Fast Rows via Reorganization \(Completed\)}{section.1.2}% 4
\BOOKMARK [2][]{subsection.1.2.2}{1.2.2 Refresh-aware Partial Restore \(Completed\)}{section.1.2}% 5
\BOOKMARK [2][]{subsection.1.2.3}{1.2.3 Explore Restoring in Extended Scenarios \(Future\)}{section.1.2}% 6
\BOOKMARK [1][]{section.1.3}{1.3 Contributions}{chapter.1}% 7
\BOOKMARK [1][]{section.1.4}{1.4 OUTLINE}{chapter.1}% 8
\BOOKMARK [0][]{chapter.2}{2.0 BACKGROUND}{}% 9
\BOOKMARK [1][]{section.2.1}{2.1 DRAM Structure and Organization}{chapter.2}% 10
\BOOKMARK [1][]{section.2.2}{2.2 DRAM Operations and Timing Constraints}{chapter.2}% 11
\BOOKMARK [1][]{section.2.3}{2.3 DRAM Technology Scaling}{chapter.2}% 12
\BOOKMARK [2][]{subsection.2.3.1}{2.3.1 Scaling Issues}{section.2.3}% 13
\BOOKMARK [2][]{subsection.2.3.2}{2.3.2 Related Work on Restoring}{section.2.3}% 14
\BOOKMARK [0][]{chapter.3}{3.0 ACHIEVE FAST RESTORING VIA REORGANIZATION}{}% 15
\BOOKMARK [1][]{section.3.1}{3.1 Modeling Restore Effects}{chapter.3}% 16
\BOOKMARK [1][]{section.3.2}{3.2 Proposed Designs}{chapter.3}% 17
\BOOKMARK [2][]{subsection.3.2.1}{3.2.1 Chip-specific Restoring Control}{section.3.2}% 18
\BOOKMARK [2][]{subsection.3.2.2}{3.2.2 Chunk-specific Restoring Control}{section.3.2}% 19
\BOOKMARK [2][]{subsection.3.2.3}{3.2.3 Chunk-specific with Remapping}{section.3.2}% 20
\BOOKMARK [2][]{subsection.3.2.4}{3.2.4 Restore Time aware Rank Construction}{section.3.2}% 21
\BOOKMARK [2][]{subsection.3.2.5}{3.2.5 Restore Time aware Page Allocation}{section.3.2}% 22
\BOOKMARK [1][]{section.3.3}{3.3 Architectural Enhancements}{chapter.3}% 23
\BOOKMARK [1][]{section.3.4}{3.4 Experimental Methodology}{chapter.3}% 24
\BOOKMARK [2][]{subsection.3.4.1}{3.4.1 Configuration}{section.3.4}% 25
\BOOKMARK [2][]{subsection.3.4.2}{3.4.2 Workloads}{section.3.4}% 26
\BOOKMARK [1][]{section.3.5}{3.5 Results}{chapter.3}% 27
\BOOKMARK [2][]{subsection.3.5.1}{3.5.1 Execution Time}{section.3.5}% 28
\BOOKMARK [2][]{subsection.3.5.2}{3.5.2 Page Allocation Effects}{section.3.5}% 29
\BOOKMARK [2][]{subsection.3.5.3}{3.5.3 Further Studies}{section.3.5}% 30
\BOOKMARK [1][]{section.3.6}{3.6 Conclusion}{chapter.3}% 31
\BOOKMARK [0][]{chapter.4}{4.0 SHORTEN RESTORING USING REFRESH}{}% 32
\BOOKMARK [1][]{section.4.1}{4.1 Motivation of Partial Restore}{chapter.4}% 33
\BOOKMARK [1][]{section.4.2}{4.2 Proposed Designs}{chapter.4}% 34
\BOOKMARK [2][]{subsection.4.2.1}{4.2.1 RT-next: Refresh-aware Truncation}{section.4.2}% 35
\BOOKMARK [2][]{subsection.4.2.2}{4.2.2 RT-select: Proactive Refresh Rate Upgrade}{section.4.2}% 36
\BOOKMARK [1][]{section.4.3}{4.3 Architectural Enhancements}{chapter.4}% 37
\BOOKMARK [1][]{section.4.4}{4.4 Experimental Methodology}{chapter.4}% 38
\BOOKMARK [2][]{subsection.4.4.1}{4.4.1 Configuration}{section.4.4}% 39
\BOOKMARK [2][]{subsection.4.4.2}{4.4.2 Workloads}{section.4.4}% 40
\BOOKMARK [1][]{section.4.5}{4.5 Results}{chapter.4}% 41
\BOOKMARK [2][]{subsection.4.5.1}{4.5.1 Impact on Performance}{section.4.5}% 42
\BOOKMARK [2][]{subsection.4.5.2}{4.5.2 Energy Consumption}{section.4.5}% 43
\BOOKMARK [2][]{subsection.4.5.3}{4.5.3 Comparison against the State-of-the-art}{section.4.5}% 44
\BOOKMARK [2][]{subsection.4.5.4}{4.5.4 Further Studies}{section.4.5}% 45
\BOOKMARK [1][]{section.4.6}{4.6 Conclusion}{chapter.4}% 46
\BOOKMARK [0][]{chapter.5}{5.0 FURTHER EXPLORATIONS OF RESTORING}{}% 47
\BOOKMARK [1][]{section.5.1}{5.1 Combine Restoring with Approximate Computing}{chapter.5}% 48
\BOOKMARK [2][]{subsection.5.1.1}{5.1.1 Introduction on Approximate Computing}{section.5.1}% 49
\BOOKMARK [2][]{subsection.5.1.2}{5.1.2 Related Work}{section.5.1}% 50
\BOOKMARK [2][]{subsection.5.1.3}{5.1.3 General Ideas}{section.5.1}% 51
\BOOKMARK [1][]{section.5.2}{5.2 Study Security Issues of Restoring Variation}{chapter.5}% 52
\BOOKMARK [1][]{section.5.3}{5.3 Explore Restoring in 3D Stacked DRAM}{chapter.5}% 53
\BOOKMARK [0][]{chapter.6}{6.0 TIMELINE OF PROPOSED WORK}{}% 54
\BOOKMARK [0][]{chapter.7}{7.0 SUMMARY}{}% 55
\BOOKMARK [0][]{appendix.A}{BIBLIOGRAPHY}{}% 56
