This is pdfTeX, Version 3.1415926-2.5-1.40.14 (TeX Live 2013) (format=pdflatex 2013.5.30)  6 OCT 2015 11:33
entering extended mode
 restricted \write18 enabled.
 %&-line parsing enabled.
**sc2015
(./sc2015.tex
LaTeX2e <2011/06/27>
Babel <3.9f> and hyphenation patterns for 78 languages loaded.
(./sig-alternate.cls
(/usr/local/texlive/2013/texmf-dist/tex/latex/graphics/epsfig.sty
Package: epsfig 1999/02/16 v1.7a (e)psfig emulation (SPQR)

(/usr/local/texlive/2013/texmf-dist/tex/latex/graphics/graphicx.sty
Package: graphicx 1999/02/16 v1.0f Enhanced LaTeX Graphics (DPC,SPQR)

(/usr/local/texlive/2013/texmf-dist/tex/latex/graphics/keyval.sty
Package: keyval 1999/03/16 v1.13 key=value parser (DPC)
\KV@toks@=\toks14
)
(/usr/local/texlive/2013/texmf-dist/tex/latex/graphics/graphics.sty
Package: graphics 2009/02/05 v1.0o Standard LaTeX Graphics (DPC,SPQR)

(/usr/local/texlive/2013/texmf-dist/tex/latex/graphics/trig.sty
Package: trig 1999/03/16 v1.09 sin cos tan (DPC)
)
(/usr/local/texlive/2013/texmf-dist/tex/latex/latexconfig/graphics.cfg
File: graphics.cfg 2010/04/23 v1.9 graphics configuration of TeX Live
)
Package graphics Info: Driver file: pdftex.def on input line 91.

(/usr/local/texlive/2013/texmf-dist/tex/latex/pdftex-def/pdftex.def
File: pdftex.def 2011/05/27 v0.06d Graphics/color for pdfTeX

(/usr/local/texlive/2013/texmf-dist/tex/generic/oberdiek/infwarerr.sty
Package: infwarerr 2010/04/08 v1.3 Providing info/warning/error messages (HO)
)
(/usr/local/texlive/2013/texmf-dist/tex/generic/oberdiek/ltxcmds.sty
Package: ltxcmds 2011/11/09 v1.22 LaTeX kernel commands for general use (HO)
)
\Gread@gobject=\count79
))
\Gin@req@height=\dimen102
\Gin@req@width=\dimen103
)
\epsfxsize=\dimen104
\epsfysize=\dimen105
)
(/usr/local/texlive/2013/texmf-dist/tex/latex/amsfonts/amssymb.sty
Package: amssymb 2013/01/14 v3.01 AMS font symbols

(/usr/local/texlive/2013/texmf-dist/tex/latex/amsfonts/amsfonts.sty
Package: amsfonts 2013/01/14 v3.01 Basic AMSFonts support
\@emptytoks=\toks15
\symAMSa=\mathgroup4
\symAMSb=\mathgroup5
LaTeX Font Info:    Overwriting math alphabet `\mathfrak' in version `bold'
(Font)                  U/euf/m/n --> U/euf/b/n on input line 106.
))
(/usr/local/texlive/2013/texmf-dist/tex/latex/amsmath/amsmath.sty
Package: amsmath 2013/01/14 v2.14 AMS math features
\@mathmargin=\skip41

For additional information on amsmath, use the `?' option.
(/usr/local/texlive/2013/texmf-dist/tex/latex/amsmath/amstext.sty
Package: amstext 2000/06/29 v2.01

(/usr/local/texlive/2013/texmf-dist/tex/latex/amsmath/amsgen.sty
File: amsgen.sty 1999/11/30 v2.0
\@emptytoks=\toks16
\ex@=\dimen106
))
(/usr/local/texlive/2013/texmf-dist/tex/latex/amsmath/amsbsy.sty
Package: amsbsy 1999/11/29 v1.2d
\pmbraise@=\dimen107
)
(/usr/local/texlive/2013/texmf-dist/tex/latex/amsmath/amsopn.sty
Package: amsopn 1999/12/14 v2.01 operator names
)
\inf@bad=\count80
LaTeX Info: Redefining \frac on input line 210.
\uproot@=\count81
\leftroot@=\count82
LaTeX Info: Redefining \overline on input line 306.
\classnum@=\count83
\DOTSCASE@=\count84
LaTeX Info: Redefining \ldots on input line 378.
LaTeX Info: Redefining \dots on input line 381.
LaTeX Info: Redefining \cdots on input line 466.
\Mathstrutbox@=\box26
\strutbox@=\box27
\big@size=\dimen108
LaTeX Font Info:    Redeclaring font encoding OML on input line 566.
LaTeX Font Info:    Redeclaring font encoding OMS on input line 567.
\macc@depth=\count85
\c@MaxMatrixCols=\count86
\dotsspace@=\muskip10
\c@parentequation=\count87
\dspbrk@lvl=\count88
\tag@help=\toks17
\row@=\count89
\column@=\count90
\maxfields@=\count91
\andhelp@=\toks18
\eqnshift@=\dimen109
\alignsep@=\dimen110
\tagshift@=\dimen111
\tagwidth@=\dimen112
\totwidth@=\dimen113
\lineht@=\dimen114
\@envbody=\toks19
\multlinegap=\skip42
\multlinetaggap=\skip43
\mathdisplay@stack=\toks20
LaTeX Info: Redefining \[ on input line 2665.
LaTeX Info: Redefining \] on input line 2666.
)
Document Class 'sig-alternate' <23rd. May '12>. Modified by G.K.M. Tobin/Gerry 
Murray
Based in part upon document Style `acmconf' <22 May 89>. Hacked 4/91 by
shivers@cs.cmu.edu, 4/93 by theobald@cs.mcgill.ca
Excerpts were taken from (Journal Style) 'esub2acm.cls'.
****** Bugs/comments/suggestions/technicalities to Gerry Murray -- murray@hq.ac
m.org ******
Questions on the style, SIGS policies, etc. to Adrienne Griscti griscti@acm.org

\footheight=\dimen115
\@maxsep=\dimen116
\@dblmaxsep=\dimen117
\aucount=\count92
\originalaucount=\count93
\auwidth=\dimen118
\auskip=\dimen119
\auskipcount=\count94
\auskip=\dimen120
\allauboxes=\dimen121
\addauthors=\toks21
\addauflag=\count95
\subtitletext=\toks22
\savesection=\count96
\sectioncntr=\count97
\c@figure=\count98
\c@table=\count99
\titleboxnotes=\toks23
\titleboxnoteflag=\count100
Document Class: sig-alternate 2012/05/23 - V2.5 - based on acmproc.cls V1.3 <No
v. 30 '99>
(/usr/local/texlive/2013/texmf-dist/tex/latex/base/latexsym.sty
Package: latexsym 1998/08/17 v2.2e Standard LaTeX package (lasy symbols)
\symlasy=\mathgroup6
LaTeX Font Info:    Overwriting symbol font `lasy' in version `bold'
(Font)                  U/lasy/m/n --> U/lasy/b/n on input line 47.
)
\@acmtitlebox=\box28
\titlenotecount=\count101
\tntoks=\toks24
\tntokstwo=\toks25
\tntoksthree=\toks26
\tntoksfour=\toks27
\tntoksfive=\toks28
\catcount=\count102
\copyrightnotice=\toks29
\conf=\toks30
\confinfo=\toks31
\c@part=\count103
\c@section=\count104
\c@subsection=\count105
\c@subsubsection=\count106
\c@paragraph=\count107

Using 'Abbrev' bibliography style
LaTeX Info: Redefining \cite on input line 1211.
\bibindent=\dimen122
\colcntr=\count108
\saveb@x=\box29
\copyrtyr=\toks32
\acmcopyr=\toks33
\boilerplate=\toks34
\copyrightetc=\toks35
(/usr/local/texlive/2013/texmf-dist/tex/latex/base/fontenc.sty
Package: fontenc 2005/09/27 v1.99g Standard LaTeX package

(/usr/local/texlive/2013/texmf-dist/tex/latex/base/t1enc.def
File: t1enc.def 2005/09/27 v1.99g Standard LaTeX file
LaTeX Font Info:    Redeclaring font encoding T1 on input line 43.
)
LaTeX Font Info:    Try loading font information for T1+aer on input line 100.

(/usr/local/texlive/2013/texmf-dist/tex/latex/ae/t1aer.fd
File: t1aer.fd 1997/11/16 Font definitions for T1/aer.
)))
(/usr/local/texlive/2013/texmf-dist/tex/latex/subfigure/subfigure.sty
Package: subfigure 2002/03/15 v2.1.5 subfigure package
\subfigtopskip=\skip44
\subfigcapskip=\skip45
\subfigcaptopadj=\dimen123
\subfigbottomskip=\skip46
\subfigcapmargin=\dimen124
\subfiglabelskip=\skip47
\c@subfigure=\count109
\c@lofdepth=\count110
\c@subtable=\count111
\c@lotdepth=\count112

****************************************
* Local config file subfigure.cfg used *
****************************************
(/usr/local/texlive/2013/texmf-dist/tex/latex/subfigure/subfigure.cfg)
\subfig@top=\skip48
\subfig@bottom=\skip49
)
(/usr/local/texlive/2013/texmf-dist/tex/latex/tools/calc.sty
Package: calc 2007/08/22 v4.3 Infix arithmetic (KKT,FJ)
\calc@Acount=\count113
\calc@Bcount=\count114
\calc@Adimen=\dimen125
\calc@Bdimen=\dimen126
\calc@Askip=\skip50
\calc@Bskip=\skip51
LaTeX Info: Redefining \setlength on input line 76.
LaTeX Info: Redefining \addtolength on input line 77.
\calc@Ccount=\count115
\calc@Cskip=\skip52
)
(/usr/local/texlive/2013/texmf-dist/tex/latex/pslatex/pslatex.sty
Package: pslatex 1996/07/24 v1.2 pslatex emulation (DPC)
LaTeX Font Info:    Redeclaring symbol font `operators' on input line 65.
LaTeX Font Info:    Overwriting symbol font `operators' in version `normal'
(Font)                  OT1/cmr/m/n --> OT1/ptmcm/m/n on input line 65.
LaTeX Font Info:    Overwriting symbol font `operators' in version `bold'
(Font)                  OT1/cmr/bx/n --> OT1/ptmcm/m/n on input line 65.
LaTeX Font Info:    Redeclaring symbol font `letters' on input line 66.
LaTeX Font Info:    Overwriting symbol font `letters' in version `normal'
(Font)                  OML/cmm/m/it --> OML/ptmcm/m/it on input line 66.
LaTeX Font Info:    Overwriting symbol font `letters' in version `bold'
(Font)                  OML/cmm/b/it --> OML/ptmcm/m/it on input line 66.
LaTeX Font Info:    Redeclaring symbol font `symbols' on input line 67.
LaTeX Font Info:    Overwriting symbol font `symbols' in version `normal'
(Font)                  OMS/cmsy/m/n --> OMS/pzccm/m/n on input line 67.
LaTeX Font Info:    Overwriting symbol font `symbols' in version `bold'
(Font)                  OMS/cmsy/b/n --> OMS/pzccm/m/n on input line 67.
LaTeX Font Info:    Redeclaring symbol font `largesymbols' on input line 68.
LaTeX Font Info:    Overwriting symbol font `largesymbols' in version `normal'
(Font)                  OMX/cmex/m/n --> OMX/psycm/m/n on input line 68.
LaTeX Font Info:    Overwriting symbol font `largesymbols' in version `bold'
(Font)                  OMX/cmex/m/n --> OMX/psycm/m/n on input line 68.
\symbold=\mathgroup7
\symitalic=\mathgroup8
LaTeX Font Info:    Redeclaring math alphabet \mathbf on input line 74.
LaTeX Font Info:    Overwriting math alphabet `\mathbf' in version `normal'
(Font)                  OT1/cmr/bx/n --> OT1/ptm/bx/n on input line 74.
LaTeX Font Info:    Overwriting math alphabet `\mathbf' in version `bold'
(Font)                  OT1/cmr/bx/n --> OT1/ptm/bx/n on input line 74.
LaTeX Font Info:    Redeclaring math alphabet \mathit on input line 75.
LaTeX Font Info:    Overwriting math alphabet `\mathit' in version `normal'
(Font)                  OT1/cmr/m/it --> OT1/ptm/m/it on input line 75.
LaTeX Font Info:    Overwriting math alphabet `\mathit' in version `bold'
(Font)                  OT1/cmr/bx/it --> OT1/ptm/m/it on input line 75.
)
(/usr/local/texlive/2013/texmf-dist/tex/latex/graphics/color.sty
Package: color 2005/11/14 v1.0j Standard LaTeX Color (DPC)

(/usr/local/texlive/2013/texmf-dist/tex/latex/latexconfig/color.cfg
File: color.cfg 2007/01/18 v1.5 color configuration of teTeX/TeXLive
)
Package color Info: Driver file: pdftex.def on input line 130.
)
(/usr/local/texlive/2013/texmf-dist/tex/latex/caption/caption.sty
Package: caption 2013/05/02 v3.3-89 Customizing captions (AR)

(/usr/local/texlive/2013/texmf-dist/tex/latex/caption/caption3.sty
Package: caption3 2013/05/02 v1.6-88 caption3 kernel (AR)
Package caption3 Info: TeX engine: e-TeX on input line 57.
\captionmargin=\dimen127
\captionmargin@=\dimen128
\captionwidth=\dimen129
\caption@tempdima=\dimen130
\caption@indent=\dimen131
\caption@parindent=\dimen132
\caption@hangindent=\dimen133
\abovecaptionskip=\skip53
\belowcaptionskip=\skip54
Package caption Info: Unknown document class (or package),
(caption)             standard defaults will be used.
)

Package caption Warning: Unsupported document class (or package) detected,
(caption)                usage of the caption package is not recommended.
See the caption package documentation for explanation.

Package caption Info: \@makecaption = \long macro:#1#2-> \vskip 10pt \setbox \@
tempboxa \hbox {\textbf {#1: #2}} \ifdim \wd \@tempboxa >\hsize \textbf {#1: #2
}\par \else \hbox to\hsize {\hfil \box \@tempboxa \hfil } \fi .
\c@ContinuedFloat=\count116
Package caption Info: subfigure package is loaded.
) (/usr/local/texlive/2013/texmf-dist/tex/latex/booktabs/booktabs.sty
Package: booktabs 2005/04/14 v1.61803 publication quality tables
\heavyrulewidth=\dimen134
\lightrulewidth=\dimen135
\cmidrulewidth=\dimen136
\belowrulesep=\dimen137
\belowbottomsep=\dimen138
\aboverulesep=\dimen139
\abovetopsep=\dimen140
\cmidrulesep=\dimen141
\cmidrulekern=\dimen142
\defaultaddspace=\dimen143
\@cmidla=\count117
\@cmidlb=\count118
\@aboverulesep=\dimen144
\@belowrulesep=\dimen145
\@thisruleclass=\count119
\@lastruleclass=\count120
\@thisrulewidth=\dimen146
)
(/usr/local/texlive/2013/texmf-dist/tex/latex/algorithm2e/algorithm2e.sty
Package: algorithm2e 2013/01/06 v5.00 algorithms environments
\c@AlgoLine=\count121

(/usr/local/texlive/2013/texmf-dist/tex/latex/base/ifthen.sty
Package: ifthen 2001/05/26 v1.1c Standard LaTeX ifthen package (DPC)
)
(/usr/local/texlive/2013/texmf-dist/tex/latex/tools/xspace.sty
Package: xspace 2009/10/20 v1.13 Space after command names (DPC,MH)
)
(/usr/local/texlive/2013/texmf-dist/tex/latex/relsize/relsize.sty
Package: relsize 2013/03/29 ver 4.1
)
********************************************************
Package `algorithm2e' Release 5.0 -- january 06 2013 --
- algorithm2e-announce@lirmm.fr mailing list for announcement about releases
- algorithm2e-discussion@lirmm.fr mailing list for discussion about package
subscribe by emailing sympa@lirmm.fr with 'subscribe <list> <firstname name>'
- Author: Christophe Fiorio (cfiorio@um2.fr)
********************************************************
\skiptotal=\skip55
\skiplinenumber=\skip56
\skiprule=\skip57
\skiphlne=\skip58
\skiptext=\skip59
\skiplength=\skip60
\algomargin=\skip61
\skipalgocfslide=\skip62
\algowidth=\dimen147
\inoutsize=\dimen148
\inoutindent=\dimen149
\interspacetitleruled=\dimen150
\interspacealgoruled=\dimen151
\interspacetitleboxruled=\dimen152
\algocf@inoutbox=\box30
\algocf@inputbox=\box31
\AlCapSkip=\skip63
\AlCapHSkip=\skip64
\algoskipindent=\skip65
\algocf@nlbox=\box32
\algocf@hangingbox=\box33
\algocf@untilbox=\box34
\algocf@skipuntil=\skip66
\algocf@capbox=\box35
\algoheightruledefault=\skip67
\algoheightrule=\skip68
\algotitleheightruledefault=\skip69
\algotitleheightrule=\skip70
\c@algocfline=\count122
\c@algocfproc=\count123
\c@algocf=\count124
\algocf@algoframe=\box36
\algocf@algobox=\box37
) (/usr/local/texlive/2013/texmf-dist/tex/latex/oberdiek/epstopdf.sty
Package: epstopdf 2010/02/09 v2.5 Conversion with epstopdf on the fly (HO)

(/usr/local/texlive/2013/texmf-dist/tex/latex/oberdiek/epstopdf-base.sty
Package: epstopdf-base 2010/02/09 v2.5 Base part for package epstopdf

(/usr/local/texlive/2013/texmf-dist/tex/latex/oberdiek/grfext.sty
Package: grfext 2010/08/19 v1.1 Manage graphics extensions (HO)

(/usr/local/texlive/2013/texmf-dist/tex/generic/oberdiek/kvdefinekeys.sty
Package: kvdefinekeys 2011/04/07 v1.3 Define keys (HO)
))
(/usr/local/texlive/2013/texmf-dist/tex/latex/oberdiek/kvoptions.sty
Package: kvoptions 2011/06/30 v3.11 Key value format for package options (HO)

(/usr/local/texlive/2013/texmf-dist/tex/generic/oberdiek/kvsetkeys.sty
Package: kvsetkeys 2012/04/25 v1.16 Key value parser (HO)

(/usr/local/texlive/2013/texmf-dist/tex/generic/oberdiek/etexcmds.sty
Package: etexcmds 2011/02/16 v1.5 Avoid name clashes with e-TeX commands (HO)

(/usr/local/texlive/2013/texmf-dist/tex/generic/oberdiek/ifluatex.sty
Package: ifluatex 2010/03/01 v1.3 Provides the ifluatex switch (HO)
Package ifluatex Info: LuaTeX not detected.
)
Package etexcmds Info: Could not find \expanded.
(etexcmds)             That can mean that you are not using pdfTeX 1.50 or
(etexcmds)             that some package has redefined \expanded.
(etexcmds)             In the latter case, load this package earlier.
)))
(/usr/local/texlive/2013/texmf-dist/tex/generic/oberdiek/pdftexcmds.sty
Package: pdftexcmds 2011/11/29 v0.20 Utility functions of pdfTeX for LuaTeX (HO
)

(/usr/local/texlive/2013/texmf-dist/tex/generic/oberdiek/ifpdf.sty
Package: ifpdf 2011/01/30 v2.3 Provides the ifpdf switch (HO)
Package ifpdf Info: pdfTeX in PDF mode is detected.
)
Package pdftexcmds Info: LuaTeX not detected.
Package pdftexcmds Info: \pdf@primitive is available.
Package pdftexcmds Info: \pdf@ifprimitive is available.
Package pdftexcmds Info: \pdfdraftmode found.
)
Package grfext Info: Graphics extension search list:
(grfext)             [.png,.pdf,.jpg,.mps,.jpeg,.jbig2,.jb2,.PNG,.PDF,.JPG,.JPE
G,.JBIG2,.JB2,.eps]
(grfext)             \AppendGraphicsExtensions on input line 452.

(/usr/local/texlive/2013/texmf-dist/tex/latex/latexconfig/epstopdf-sys.cfg
File: epstopdf-sys.cfg 2010/07/13 v1.3 Configuration of (r)epstopdf for TeX Liv
e
)))
(/usr/local/texlive/2013/texmf-dist/tex/latex/float/float.sty
Package: float 2001/11/08 v1.3d Float enhancements (AL)
\c@float@type=\count125
\float@exts=\toks36
\float@box=\box38
\@float@everytoks=\toks37
\@floatcapt=\box39
)
(/usr/local/texlive/2013/texmf-dist/tex/latex/sttools/flushend.sty
Package: flushend 2012/05/29 v1.1 Balancing columns at last page
Package: flushend 1997/10/01
\@aaa=\box40
\@ccc=\box41
\@viper=\box42
\hold@viper=\box43
\atColsBreak=\toks38
\@extra@skip=\dimen153
\@nd@page@rule=\dimen154
)
\c@theorem=\count126
\c@corollary=\count127

(./sc2015.aux)
\openout1 = `sc2015.aux'.

LaTeX Font Info:    Checking defaults for OML/cmm/m/it on input line 74.
LaTeX Font Info:    ... okay on input line 74.
LaTeX Font Info:    Checking defaults for T1/cmr/m/n on input line 74.
LaTeX Font Info:    ... okay on input line 74.
LaTeX Font Info:    Checking defaults for OT1/cmr/m/n on input line 74.
LaTeX Font Info:    ... okay on input line 74.
LaTeX Font Info:    Checking defaults for OMS/pzccm/m/n on input line 74.
LaTeX Font Info:    Try loading font information for OMS+pzccm on input line 74
.
 (/usr/local/texlive/2013/texmf-dist/tex/latex/psnfss/omspzccm.fd
File: omspzccm.fd 2000/01/03 Fontinst v1.801 font definitions for OMS/pzccm.
)
LaTeX Font Info:    ... okay on input line 74.
LaTeX Font Info:    Checking defaults for OMX/cmex/m/n on input line 74.
LaTeX Font Info:    ... okay on input line 74.
LaTeX Font Info:    Checking defaults for U/cmr/m/n on input line 74.
LaTeX Font Info:    ... okay on input line 74.
 (/usr/local/texlive/2013/texmf-dist/tex/context/base/supp-pdf.mkii
[Loading MPS to PDF converter (version 2006.09.02).]
\scratchcounter=\count128
\scratchdimen=\dimen155
\scratchbox=\box44
\nofMPsegments=\count129
\nofMParguments=\count130
\everyMPshowfont=\toks39
\MPscratchCnt=\count131
\MPscratchDim=\dimen156
\MPnumerator=\count132
\makeMPintoPDFobject=\count133
\everyMPtoPDFconversion=\toks40
)
Package caption Info: Begin \AtBeginDocument code.
Package caption Info: float package is loaded.
Package caption Info: End \AtBeginDocument code.
LaTeX Font Info:    Try loading font information for OT1+ptmcm on input line 15
8.
 (/usr/local/texlive/2013/texmf-dist/tex/latex/psnfss/ot1ptmcm.fd
File: ot1ptmcm.fd 2000/01/03 Fontinst v1.801 font definitions for OT1/ptmcm.
)
LaTeX Font Info:    Try loading font information for OML+ptmcm on input line 15
8.

(/usr/local/texlive/2013/texmf-dist/tex/latex/psnfss/omlptmcm.fd
File: omlptmcm.fd 2000/01/03 Fontinst v1.801 font definitions for OML/ptmcm.
)
LaTeX Font Info:    Try loading font information for OMX+psycm on input line 15
8.

(/usr/local/texlive/2013/texmf-dist/tex/latex/psnfss/omxpsycm.fd
File: omxpsycm.fd 2000/01/03 Fontinst v1.801 font definitions for OMX/psycm.
)
LaTeX Font Info:    Try loading font information for U+msa on input line 158.

(/usr/local/texlive/2013/texmf-dist/tex/latex/amsfonts/umsa.fd
File: umsa.fd 2013/01/14 v3.01 AMS symbols A
)
LaTeX Font Info:    Try loading font information for U+msb on input line 158.

(/usr/local/texlive/2013/texmf-dist/tex/latex/amsfonts/umsb.fd
File: umsb.fd 2013/01/14 v3.01 AMS symbols B
)
LaTeX Font Info:    Try loading font information for U+lasy on input line 158.

(/usr/local/texlive/2013/texmf-dist/tex/latex/base/ulasy.fd
File: ulasy.fd 1998/08/17 v2.2e LaTeX symbol font definitions
)
LaTeX Font Info:    Font shape `OT1/ptm/bx/n' in size <9> not available
(Font)              Font shape `OT1/ptm/b/n' tried instead on input line 158.
LaTeX Font Info:    Font shape `OT1/ptm/bx/n' in size <7> not available
(Font)              Font shape `OT1/ptm/b/n' tried instead on input line 158.
LaTeX Font Info:    Font shape `OT1/ptm/bx/n' in size <5> not available
(Font)              Font shape `OT1/ptm/b/n' tried instead on input line 158.
 (./abstract.tex
Overfull \hbox (1.27258pt too wide) in paragraph at lines 1--3
\T1/ptm/m/n/9 scale, fea-tur-ing a com-put-ing ca-pa-bil-ity of quin-til-lion (
$\OT1/ptmcm/m/n/9 10[]$\T1/ptm/m/n/9 ) FLOPS.
 []


Overfull \hbox (11.27734pt too wide) in paragraph at lines 1--3
\T1/ptm/m/n/9 ing scal-a-bil-ity chal-lenges re-main to be con-quered. De-liv-e
r-ing extreme-
 []

)
LaTeX Font Info:    Font shape `T1/ptm/bx/n' in size <9> not available
(Font)              Font shape `T1/ptm/b/n' tried instead on input line 166.
 (./intro.tex
<Figures/sandia_system_failure_rate_increase_nodes.png, id=1, 641.89813pt x 424
.08438pt>
File: Figures/sandia_system_failure_rate_increase_nodes.png Graphic file (type 
png)
 <use Figures/sandia_system_failure_rate_increase_nodes.png>
Package pdftex.def Info: Figures/sandia_system_failure_rate_increase_nodes.png 
used on input line 11.
(pdftex.def)             Requested size: 215.99854pt x 142.70491pt.

Underfull \vbox (badness 10000) has occurred while \output is active []

 [1{/usr/local/texlive/2013/texmf-var/fonts/map/pdftex/updmap/pdftex.map}


 <./Figures/sandia_system_failure_rate_increase_nodes.png>]
Overfull \hbox (5.79575pt too wide) in paragraph at lines 24--28
\T1/ptm/m/n/9 to the re-silience re-quire-ments of large dis-tributed and missi
on-critical
 []


Overfull \hbox (1.32329pt too wide) in paragraph at lines 24--28
\T1/ptm/m/n/9 cess fails, one of the repli-cas takes over the com-pu-ta-tion ta
sk. Repli-
 []


Overfull \hbox (2.09761pt too wide) in paragraph at lines 24--28
\T1/ptm/m/n/9 ca-tion re-quires at least dou-bling the num-ber of com-put-ing r
e-sources,
 []


Overfull \hbox (6.86786pt too wide) in paragraph at lines 51--55
[]\T1/ptm/m/n/9 Conceptually, Lazy Shad-ow-ing can be viewed as a class of stoc
has-
 []


Overfull \hbox (3.42012pt too wide) in paragraph at lines 51--55
\T1/ptm/m/n/9 ti-cally com-pet-i-tive al-go-rithms, which achieve high level of
 re-silience
 []


Underfull \vbox (badness 10000) has occurred while \output is active []

)
(./related_work.tex [2]) (./computational_model.tex
<Figures/succ_new.pdf, id=18, 292.09125pt x 176.66pt>
File: Figures/succ_new.pdf Graphic file (type pdf)

<use Figures/succ_new.pdf>
Package pdftex.def Info: Figures/succ_new.pdf used on input line 37.
(pdftex.def)             Requested size: 240.0pt x 145.15865pt.

<Figures/fail_new.pdf, id=19, 292.09125pt x 183.68625pt>
File: Figures/fail_new.pdf Graphic file (type pdf)

<use Figures/fail_new.pdf>
Package pdftex.def Info: Figures/fail_new.pdf used on input line 42.
(pdftex.def)             Requested size: 240.0pt x 150.93199pt.

Overfull \hbox (4.5pt too wide) in paragraph at lines 37--43
 [] 
 []


Overfull \hbox (4.5pt too wide) in paragraph at lines 37--43
 [] 
 []

)
Overfull \hbox (3.909pt too wide) in paragraph at lines 189--189
[]\secfnt EXTREME-SCALE FAULT TOL-ER-ANCE 
 []


Underfull \vbox (badness 10000) has occurred while \output is active []

 [3 <./Figures/succ_new.pdf> <./Figures/fail_new.pdf>] (./framework.tex
Overfull \hbox (6.67851pt too wide) in paragraph at lines 30--31
\T1/ptm/m/n/9 scribe the dy-nam-ics of the \T1/ptm/m/it/9 Leap-ing Shad-ows \T1
/ptm/m/n/9 re-silience model. Lastly,
 []


Overfull \hbox (1.29619pt too wide) in paragraph at lines 36--37
\T1/ptm/m/n/9 mes-sage pass-ing as the com-mu-ni-ca-tion model be-tween tasks. 
Based
 []

<Figures/jump.pdf, id=45, 291.0875pt x 375.4025pt>
File: Figures/jump.pdf Graphic file (type pdf)
 <use Figures/jump.pdf>
Package pdftex.def Info: Figures/jump.pdf used on input line 57.
(pdftex.def)             Requested size: 240.0pt x 309.52185pt.

Underfull \vbox (badness 3088) has occurred while \output is active []

 [4 <./Figures/jump.pdf>] <Figures/sc_mapping.pdf, id=58, 544.0325pt x 292.0912
5pt>
File: Figures/sc_mapping.pdf Graphic file (type pdf)

<use Figures/sc_mapping.pdf>
Package pdftex.def Info: Figures/sc_mapping.pdf used on input line 78.
(pdftex.def)             Requested size: 240.0pt x 128.85925pt.
LaTeX Font Info:    Font shape `OT1/ptm/bx/n' in size <8> not available
(Font)              Font shape `OT1/ptm/b/n' tried instead on input line 81.
LaTeX Font Info:    Font shape `OT1/ptm/bx/n' in size <6> not available
(Font)              Font shape `OT1/ptm/b/n' tried instead on input line 81.
LaTeX Font Info:    Font shape `T1/ptm/bx/n' in size <7> not available
(Font)              Font shape `T1/ptm/b/n' tried instead on input line 96.
LaTeX Font Info:    Font shape `T1/ptm/bx/n' in size <6.25002> not available
(Font)              Font shape `T1/ptm/b/n' tried instead on input line 96.
) (./analytical.tex (./Analytical/app_fail.tex
[5 <./Figures/sc_mapping.pdf>]
Overfull \hbox (5.2877pt too wide) in paragraph at lines 30--46
 [][] 
 []


Package amsmath Warning: Foreign command \atopwithdelims;
(amsmath)                \frac or \genfrac should be used instead
(amsmath)                 on input line 56.

) (./Analytical/time.tex
<Figures/progress.png, id=67, 665.48625pt x 406.51875pt>
File: Figures/progress.png Graphic file (type png)

<use Figures/progress.png>
Package pdftex.def Info: Figures/progress.png used on input line 16.
(pdftex.def)             Requested size: 240.0pt x 146.60095pt.
 [6 <./Figures/progress.png>]
Overfull \hbox (9.25833pt too wide) in paragraph at lines 68--69
[]\T1/ptm/m/it/9 The ex-pected com-ple-tion time for pro-cess repli-
 []

) (./Analytical/energy.tex)) (./evaluation.tex (./Evaluation/comparison.tex
[7] <Figures/f3.png, id=77, 756.8275pt x 393.47pt>
File: Figures/f3.png Graphic file (type png)
 <use Figures/f3.png>
Package pdftex.def Info: Figures/f3.png used on input line 19.
(pdftex.def)             Requested size: 240.0pt x 124.77223pt.

<Figures/t31.png, id=78, 754.82pt x 393.47pt>
File: Figures/t31.png Graphic file (type png)
 <use Figures/t31.png>
Package pdftex.def Info: Figures/t31.png used on input line 24.
(pdftex.def)             Requested size: 240.0pt x 125.10245pt.

<Figures/t32.png, id=79, 764.8575pt x 394.47375pt>
File: Figures/t32.png Graphic file (type png)
 <use Figures/t32.png>
Package pdftex.def Info: Figures/t32.png used on input line 29.
(pdftex.def)             Requested size: 240.0pt x 123.77835pt.

<Figures/e32.png, id=80, 771.88374pt x 394.47375pt>
File: Figures/e32.png Graphic file (type png)
 <use Figures/e32.png>
Package pdftex.def Info: Figures/e32.png used on input line 34.
(pdftex.def)             Requested size: 240.0pt x 122.65276pt.

Overfull \hbox (4.5pt too wide) in paragraph at lines 19--35
 [] 
 []


Overfull \hbox (4.5pt too wide) in paragraph at lines 19--35
 [] 
 []


Overfull \hbox (4.5pt too wide) in paragraph at lines 19--35
 [] 
 []


Overfull \hbox (4.5pt too wide) in paragraph at lines 19--35
 [] 
 []

) (./Evaluation/number_of_cores.tex
Underfull \vbox (badness 10000) has occurred while \output is active []

 [8 <./Figures/f3.png> <./Figures/t31.png> <./Figures/t32.png> <./Figures/e32.p
ng>]
<Figures/nt5.png, id=88, 533.74406pt x 323.70938pt>
File: Figures/nt5.png Graphic file (type png)
 <use Figures/nt5.png>
Package pdftex.def Info: Figures/nt5.png used on input line 9.
(pdftex.def)             Requested size: 240.0pt x 145.5592pt.

<Figures/ne5.png, id=89, 547.2947pt x 323.70938pt>
File: Figures/ne5.png Graphic file (type png)
 <use Figures/ne5.png>
Package pdftex.def Info: Figures/ne5.png used on input line 14.
(pdftex.def)             Requested size: 240.0pt x 141.95345pt.

Overfull \hbox (4.5pt too wide) in paragraph at lines 9--15
 [] 
 []


Overfull \hbox (4.5pt too wide) in paragraph at lines 9--15
 [] 
 []

<Figures/nt25.png, id=90, 536.75531pt x 319.94531pt>
File: Figures/nt25.png Graphic file (type png)
 <use Figures/nt25.png>
Package pdftex.def Info: Figures/nt25.png used on input line 27.
(pdftex.def)             Requested size: 240.0pt x 143.05624pt.

<Figures/ne25.png, id=91, 536.75531pt x 325.215pt>
File: Figures/ne25.png Graphic file (type png)
 <use Figures/ne25.png>
Package pdftex.def Info: Figures/ne25.png used on input line 32.
(pdftex.def)             Requested size: 240.0pt x 145.41246pt.

Overfull \hbox (4.5pt too wide) in paragraph at lines 27--33
 [] 
 []


Overfull \hbox (4.5pt too wide) in paragraph at lines 27--33
 [] 
 []

) (./Evaluation/workload.tex
<Figures/wt25.png, id=92, 431.36156pt x 259.7203pt>
File: Figures/wt25.png Graphic file (type png)
 <use Figures/wt25.png>
Package pdftex.def Info: Figures/wt25.png used on input line 11.
(pdftex.def)             Requested size: 240.0pt x 144.49918pt.

<Figures/we25.png, id=93, 428.35031pt x 258.9675pt>
File: Figures/we25.png Graphic file (type png)
 <use Figures/we25.png>
Package pdftex.def Info: Figures/we25.png used on input line 16.
(pdftex.def)             Requested size: 240.0pt x 145.09587pt.

Overfull \hbox (4.5pt too wide) in paragraph at lines 11--17
 [] 
 []


Overfull \hbox (4.5pt too wide) in paragraph at lines 11--17
 [] 
 []

) (./Evaluation/static_power.tex
<Figures/s_power_5.png, id=94, 432.11438pt x 255.20343pt>
File: Figures/s_power_5.png Graphic file (type png)

<use Figures/s_power_5.png>
Package pdftex.def Info: Figures/s_power_5.png used on input line 15.
(pdftex.def)             Requested size: 240.0pt x 141.74081pt.
) (./Evaluation/collocation.tex [9 <./Figures/nt5.png> <./Figures/ne5.png> <./F
igures/nt25.png> <./Figures/ne25.png>]
<Figures/collocation.png, id=98, 433.62pt x 257.46187pt>
File: Figures/collocation.png Graphic file (type png)

<use Figures/collocation.png>
Package pdftex.def Info: Figures/collocation.png used on input line 16.
(pdftex.def)             Requested size: 240.0pt x 142.50017pt.
)) (./conclusion.tex) (./sc2015.bbl
Underfull \vbox (badness 3919) has occurred while \output is active []

 [10 <./Figures/wt25.png> <./Figures/we25.png> <./Figures/s_power_5.png> <./Fig
ures/collocation.png>])
Extra height:0.0pt when 662.79842pt
(2)Left:662.79842pt Right:661.94843pt Output:662.79842pt
- LAST -
Extra skip:0.0pt
Left:662.79842pt
Right:661.94843pt
Output:662.79842pt

Underfull \vbox (badness 10000) has occurred while \output is active []

 [11]
(./sc2015.aux) ) 
Here is how much of TeX's memory you used:
 6166 strings out of 493315
 88398 string characters out of 6137904
 191627 words of memory out of 5000000
 9397 multiletter control sequences out of 15000+600000
 84992 words of font info for 119 fonts, out of 8000000 for 9000
 957 hyphenation exceptions out of 8191
 42i,21n,38p,1539b,572s stack positions out of 5000i,500n,10000p,200000b,80000s
{/usr/local/texlive/2013/texmf-dist/fonts/enc/dvips/base/8r.enc
}</usr/local/texlive/2013/texmf-dist/fonts/type1/public/amsfonts/cm/cmex10.pfb>
</usr/local/texlive/2013/texmf-dist/fonts/type1/public/amsfonts/cmextra/cmex9.p
fb></usr/local/texlive/2013/texmf-dist/fonts/type1/public/amsfonts/cm/cmmi10.pf
b></usr/local/texlive/2013/texmf-dist/fonts/type1/public/amsfonts/cm/cmr10.pfb>
</usr/local/texlive/2013/texmf-dist/fonts/type1/public/amsfonts/cm/cmsy10.pfb><
/usr/local/texlive/2013/texmf-dist/fonts/type1/urw/helvetic/uhvb8a.pfb></usr/lo
cal/texlive/2013/texmf-dist/fonts/type1/urw/helvetic/uhvr8a.pfb></usr/local/tex
live/2013/texmf-dist/fonts/type1/urw/symbol/usyr.pfb></usr/local/texlive/2013/t
exmf-dist/fonts/type1/urw/times/utmb8a.pfb></usr/local/texlive/2013/texmf-dist/
fonts/type1/urw/times/utmr8a.pfb></usr/local/texlive/2013/texmf-dist/fonts/type
1/urw/times/utmri8a.pfb>
Output written on sc2015.pdf (11 pages, 761668 bytes).
PDF statistics:
 142 PDF objects out of 1000 (max. 8388607)
 86 compressed objects within 1 object stream
 0 named destinations out of 1000 (max. 500000)
 91 words of extra memory for PDF output out of 10000 (max. 10000000)

