This is pdfTeX, Version 3.1415926-2.5-1.40.14 (TeX Live 2013) (format=pdflatex 2013.5.30)  18 MAR 2014 10:10
entering extended mode
 restricted \write18 enabled.
 %&-line parsing enabled.
**closer2014
(./closer2014.tex
LaTeX2e <2011/06/27>
Babel <3.9f> and hyphenation patterns for 78 languages loaded.
(./article.cls
Document Class: article 2000/05/19 v1.4b Standard LaTeX document class
(/usr/local/texlive/2013/texmf-dist/tex/latex/base/size10.clo
File: size10.clo 2007/10/19 v1.4h Standard LaTeX file (size option)
)
\c@part=\count79
\c@section=\count80
\c@subsection=\count81
\c@subsubsection=\count82
\c@paragraph=\count83
\c@subparagraph=\count84
\c@figure=\count85
\c@table=\count86
\abovecaptionskip=\skip41
\belowcaptionskip=\skip42
\bibindent=\dimen102
)
(/usr/local/texlive/2013/texmf-dist/tex/latex/graphics/epsfig.sty
Package: epsfig 1999/02/16 v1.7a (e)psfig emulation (SPQR)

(/usr/local/texlive/2013/texmf-dist/tex/latex/graphics/graphicx.sty
Package: graphicx 1999/02/16 v1.0f Enhanced LaTeX Graphics (DPC,SPQR)

(/usr/local/texlive/2013/texmf-dist/tex/latex/graphics/keyval.sty
Package: keyval 1999/03/16 v1.13 key=value parser (DPC)
\KV@toks@=\toks14
)
(/usr/local/texlive/2013/texmf-dist/tex/latex/graphics/graphics.sty
Package: graphics 2009/02/05 v1.0o Standard LaTeX Graphics (DPC,SPQR)

(/usr/local/texlive/2013/texmf-dist/tex/latex/graphics/trig.sty
Package: trig 1999/03/16 v1.09 sin cos tan (DPC)
)
(/usr/local/texlive/2013/texmf-dist/tex/latex/latexconfig/graphics.cfg
File: graphics.cfg 2010/04/23 v1.9 graphics configuration of TeX Live
)
Package graphics Info: Driver file: pdftex.def on input line 91.

(/usr/local/texlive/2013/texmf-dist/tex/latex/pdftex-def/pdftex.def
File: pdftex.def 2011/05/27 v0.06d Graphics/color for pdfTeX

(/usr/local/texlive/2013/texmf-dist/tex/generic/oberdiek/infwarerr.sty
Package: infwarerr 2010/04/08 v1.3 Providing info/warning/error messages (HO)
)
(/usr/local/texlive/2013/texmf-dist/tex/generic/oberdiek/ltxcmds.sty
Package: ltxcmds 2011/11/09 v1.22 LaTeX kernel commands for general use (HO)
)
\Gread@gobject=\count87
))
\Gin@req@height=\dimen103
\Gin@req@width=\dimen104
)
\epsfxsize=\dimen105
\epsfysize=\dimen106
)
(/usr/local/texlive/2013/texmf-dist/tex/latex/subfigure/subfigure.sty
Package: subfigure 2002/03/15 v2.1.5 subfigure package
\subfigtopskip=\skip43
\subfigcapskip=\skip44
\subfigcaptopadj=\dimen107
\subfigbottomskip=\skip45
\subfigcapmargin=\dimen108
\subfiglabelskip=\skip46
\c@subfigure=\count88
\c@lofdepth=\count89
\c@subtable=\count90
\c@lotdepth=\count91

****************************************
* Local config file subfigure.cfg used *
****************************************
(/usr/local/texlive/2013/texmf-dist/tex/latex/subfigure/subfigure.cfg)
\subfig@top=\skip47
\subfig@bottom=\skip48
)
(/usr/local/texlive/2013/texmf-dist/tex/latex/tools/calc.sty
Package: calc 2007/08/22 v4.3 Infix arithmetic (KKT,FJ)
\calc@Acount=\count92
\calc@Bcount=\count93
\calc@Adimen=\dimen109
\calc@Bdimen=\dimen110
\calc@Askip=\skip49
\calc@Bskip=\skip50
LaTeX Info: Redefining \setlength on input line 76.
LaTeX Info: Redefining \addtolength on input line 77.
\calc@Ccount=\count94
\calc@Cskip=\skip51
)
(/usr/local/texlive/2013/texmf-dist/tex/latex/amsfonts/amssymb.sty
Package: amssymb 2013/01/14 v3.01 AMS font symbols

(/usr/local/texlive/2013/texmf-dist/tex/latex/amsfonts/amsfonts.sty
Package: amsfonts 2013/01/14 v3.01 Basic AMSFonts support
\@emptytoks=\toks15
\symAMSa=\mathgroup4
\symAMSb=\mathgroup5
LaTeX Font Info:    Overwriting math alphabet `\mathfrak' in version `bold'
(Font)                  U/euf/m/n --> U/euf/b/n on input line 106.
))
(/usr/local/texlive/2013/texmf-dist/tex/latex/amsmath/amstext.sty
Package: amstext 2000/06/29 v2.01

(/usr/local/texlive/2013/texmf-dist/tex/latex/amsmath/amsgen.sty
File: amsgen.sty 1999/11/30 v2.0
\@emptytoks=\toks16
\ex@=\dimen111
))
(/usr/local/texlive/2013/texmf-dist/tex/latex/amsmath/amsmath.sty
Package: amsmath 2013/01/14 v2.14 AMS math features
\@mathmargin=\skip52

For additional information on amsmath, use the `?' option.
(/usr/local/texlive/2013/texmf-dist/tex/latex/amsmath/amsbsy.sty
Package: amsbsy 1999/11/29 v1.2d
\pmbraise@=\dimen112
)
(/usr/local/texlive/2013/texmf-dist/tex/latex/amsmath/amsopn.sty
Package: amsopn 1999/12/14 v2.01 operator names
)
\inf@bad=\count95
LaTeX Info: Redefining \frac on input line 210.
\uproot@=\count96
\leftroot@=\count97
LaTeX Info: Redefining \overline on input line 306.
\classnum@=\count98
\DOTSCASE@=\count99
LaTeX Info: Redefining \ldots on input line 378.
LaTeX Info: Redefining \dots on input line 381.
LaTeX Info: Redefining \cdots on input line 466.
\Mathstrutbox@=\box26
\strutbox@=\box27
\big@size=\dimen113
LaTeX Font Info:    Redeclaring font encoding OML on input line 566.
LaTeX Font Info:    Redeclaring font encoding OMS on input line 567.
\macc@depth=\count100
\c@MaxMatrixCols=\count101
\dotsspace@=\muskip10
\c@parentequation=\count102
\dspbrk@lvl=\count103
\tag@help=\toks17
\row@=\count104
\column@=\count105
\maxfields@=\count106
\andhelp@=\toks18
\eqnshift@=\dimen114
\alignsep@=\dimen115
\tagshift@=\dimen116
\tagwidth@=\dimen117
\totwidth@=\dimen118
\lineht@=\dimen119
\@envbody=\toks19
\multlinegap=\skip53
\multlinetaggap=\skip54
\mathdisplay@stack=\toks20
LaTeX Info: Redefining \[ on input line 2665.
LaTeX Info: Redefining \] on input line 2666.
)
(/usr/local/texlive/2013/texmf-dist/tex/latex/amscls/amsthm.sty
Package: amsthm 2004/08/06 v2.20
\thm@style=\toks21
\thm@bodyfont=\toks22
\thm@headfont=\toks23
\thm@notefont=\toks24
\thm@headpunct=\toks25
\thm@preskip=\skip55
\thm@postskip=\skip56
\thm@headsep=\skip57
\dth@everypar=\toks26
)
(/usr/local/texlive/2013/texmf-dist/tex/latex/tools/multicol.sty
Package: multicol 2011/06/27 v1.7a multicolumn formatting (FMi)
\c@tracingmulticols=\count107
\mult@box=\box28
\multicol@leftmargin=\dimen120
\c@unbalance=\count108
\c@collectmore=\count109
\doublecol@number=\count110
\multicoltolerance=\count111
\multicolpretolerance=\count112
\full@width=\dimen121
\page@free=\dimen122
\premulticols=\dimen123
\postmulticols=\dimen124
\multicolsep=\skip58
\multicolbaselineskip=\skip59
\partial@page=\box29
\last@line=\box30
\mult@rightbox=\box31
\mult@grightbox=\box32
\mult@gfirstbox=\box33
\mult@firstbox=\box34
\@tempa=\box35
\@tempa=\box36
\@tempa=\box37
\@tempa=\box38
\@tempa=\box39
\@tempa=\box40
\@tempa=\box41
\@tempa=\box42
\@tempa=\box43
\@tempa=\box44
\@tempa=\box45
\@tempa=\box46
\@tempa=\box47
\@tempa=\box48
\@tempa=\box49
\@tempa=\box50
\@tempa=\box51
\c@columnbadness=\count113
\c@finalcolumnbadness=\count114
\last@try=\dimen125
\multicolovershoot=\dimen126
\multicolundershoot=\dimen127
\mult@nat@firstbox=\box52
\colbreak@box=\box53
\multicol@sort@counter=\count115
)
(/usr/local/texlive/2013/texmf-dist/tex/latex/pslatex/pslatex.sty
Package: pslatex 1996/07/24 v1.2 pslatex emulation (DPC)
LaTeX Font Info:    Redeclaring symbol font `operators' on input line 65.
LaTeX Font Info:    Overwriting symbol font `operators' in version `normal'
(Font)                  OT1/cmr/m/n --> OT1/ptmcm/m/n on input line 65.
LaTeX Font Info:    Overwriting symbol font `operators' in version `bold'
(Font)                  OT1/cmr/bx/n --> OT1/ptmcm/m/n on input line 65.
LaTeX Font Info:    Redeclaring symbol font `letters' on input line 66.
LaTeX Font Info:    Overwriting symbol font `letters' in version `normal'
(Font)                  OML/cmm/m/it --> OML/ptmcm/m/it on input line 66.
LaTeX Font Info:    Overwriting symbol font `letters' in version `bold'
(Font)                  OML/cmm/b/it --> OML/ptmcm/m/it on input line 66.
LaTeX Font Info:    Redeclaring symbol font `symbols' on input line 67.
LaTeX Font Info:    Overwriting symbol font `symbols' in version `normal'
(Font)                  OMS/cmsy/m/n --> OMS/pzccm/m/n on input line 67.
LaTeX Font Info:    Overwriting symbol font `symbols' in version `bold'
(Font)                  OMS/cmsy/b/n --> OMS/pzccm/m/n on input line 67.
LaTeX Font Info:    Redeclaring symbol font `largesymbols' on input line 68.
LaTeX Font Info:    Overwriting symbol font `largesymbols' in version `normal'
(Font)                  OMX/cmex/m/n --> OMX/psycm/m/n on input line 68.
LaTeX Font Info:    Overwriting symbol font `largesymbols' in version `bold'
(Font)                  OMX/cmex/m/n --> OMX/psycm/m/n on input line 68.
\symbold=\mathgroup6
\symitalic=\mathgroup7
LaTeX Font Info:    Redeclaring math alphabet \mathbf on input line 74.
LaTeX Font Info:    Overwriting math alphabet `\mathbf' in version `normal'
(Font)                  OT1/cmr/bx/n --> OT1/ptm/bx/n on input line 74.
LaTeX Font Info:    Overwriting math alphabet `\mathbf' in version `bold'
(Font)                  OT1/cmr/bx/n --> OT1/ptm/bx/n on input line 74.
LaTeX Font Info:    Redeclaring math alphabet \mathit on input line 75.
LaTeX Font Info:    Overwriting math alphabet `\mathit' in version `normal'
(Font)                  OT1/cmr/m/it --> OT1/ptm/m/it on input line 75.
LaTeX Font Info:    Overwriting math alphabet `\mathit' in version `bold'
(Font)                  OT1/cmr/bx/it --> OT1/ptm/m/it on input line 75.
)
(./apalike.sty
\bibhang=\skip60
)
(/usr/local/texlive/2013/texmf-dist/tex/latex/graphics/color.sty
Package: color 2005/11/14 v1.0j Standard LaTeX Color (DPC)

(/usr/local/texlive/2013/texmf-dist/tex/latex/latexconfig/color.cfg
File: color.cfg 2007/01/18 v1.5 color configuration of teTeX/TeXLive
)
Package color Info: Driver file: pdftex.def on input line 130.
)
(./SCITEPRESS.sty
Conference Style for SCITEPRESS for LaTeX 2e -- version of April 2013
\titlebox=\skip61
) (/usr/local/texlive/2013/texmf-dist/tex/latex/caption/caption.sty
Package: caption 2013/05/02 v3.3-89 Customizing captions (AR)

(/usr/local/texlive/2013/texmf-dist/tex/latex/caption/caption3.sty
Package: caption3 2013/05/02 v1.6-88 caption3 kernel (AR)
Package caption3 Info: TeX engine: e-TeX on input line 57.
\captionmargin=\dimen128
\captionmargin@=\dimen129
\captionwidth=\dimen130
\caption@tempdima=\dimen131
\caption@indent=\dimen132
\caption@parindent=\dimen133
\caption@hangindent=\dimen134
)
\c@ContinuedFloat=\count116
Package caption Info: subfigure package is loaded.
)
(/usr/local/texlive/2013/texmf-dist/tex/latex/base/ifthen.sty
Package: ifthen 2001/05/26 v1.1c Standard LaTeX ifthen package (DPC)
)
(/usr/local/texlive/2013/texmf-dist/tex/latex/tools/tabularx.sty
Package: tabularx 1999/01/07 v2.07 `tabularx' package (DPC)

(/usr/local/texlive/2013/texmf-dist/tex/latex/tools/array.sty
Package: array 2008/09/09 v2.4c Tabular extension package (FMi)
\col@sep=\dimen135
\extrarowheight=\dimen136
\NC@list=\toks27
\extratabsurround=\skip62
\backup@length=\skip63
)
\TX@col@width=\dimen137
\TX@old@table=\dimen138
\TX@old@col=\dimen139
\TX@target=\dimen140
\TX@delta=\dimen141
\TX@cols=\count117
\TX@ftn=\toks28
) (./defs.tex)
(./closer2014.aux)
\openout1 = `closer2014.aux'.

LaTeX Font Info:    Checking defaults for OML/cmm/m/it on input line 31.
LaTeX Font Info:    ... okay on input line 31.
LaTeX Font Info:    Checking defaults for T1/cmr/m/n on input line 31.
LaTeX Font Info:    ... okay on input line 31.
LaTeX Font Info:    Checking defaults for OT1/cmr/m/n on input line 31.
LaTeX Font Info:    ... okay on input line 31.
LaTeX Font Info:    Checking defaults for OMS/pzccm/m/n on input line 31.
LaTeX Font Info:    Try loading font information for OMS+pzccm on input line 31
.

(/usr/local/texlive/2013/texmf-dist/tex/latex/psnfss/omspzccm.fd
File: omspzccm.fd 2000/01/03 Fontinst v1.801 font definitions for OMS/pzccm.
)
LaTeX Font Info:    ... okay on input line 31.
LaTeX Font Info:    Checking defaults for OMX/cmex/m/n on input line 31.
LaTeX Font Info:    ... okay on input line 31.
LaTeX Font Info:    Checking defaults for U/cmr/m/n on input line 31.
LaTeX Font Info:    ... okay on input line 31.

(/usr/local/texlive/2013/texmf-dist/tex/context/base/supp-pdf.mkii
[Loading MPS to PDF converter (version 2006.09.02).]
\scratchcounter=\count118
\scratchdimen=\dimen142
\scratchbox=\box54
\nofMPsegments=\count119
\nofMParguments=\count120
\everyMPshowfont=\toks29
\MPscratchCnt=\count121
\MPscratchDim=\dimen143
\MPnumerator=\count122
\makeMPintoPDFobject=\count123
\everyMPtoPDFconversion=\toks30
) (/usr/local/texlive/2013/texmf-dist/tex/generic/oberdiek/pdftexcmds.sty
Package: pdftexcmds 2011/11/29 v0.20 Utility functions of pdfTeX for LuaTeX (HO
)

(/usr/local/texlive/2013/texmf-dist/tex/generic/oberdiek/ifluatex.sty
Package: ifluatex 2010/03/01 v1.3 Provides the ifluatex switch (HO)
Package ifluatex Info: LuaTeX not detected.
)
(/usr/local/texlive/2013/texmf-dist/tex/generic/oberdiek/ifpdf.sty
Package: ifpdf 2011/01/30 v2.3 Provides the ifpdf switch (HO)
Package ifpdf Info: pdfTeX in PDF mode is detected.
)
Package pdftexcmds Info: LuaTeX not detected.
Package pdftexcmds Info: \pdf@primitive is available.
Package pdftexcmds Info: \pdf@ifprimitive is available.
Package pdftexcmds Info: \pdfdraftmode found.
)
(/usr/local/texlive/2013/texmf-dist/tex/latex/oberdiek/epstopdf-base.sty
Package: epstopdf-base 2010/02/09 v2.5 Base part for package epstopdf

(/usr/local/texlive/2013/texmf-dist/tex/latex/oberdiek/grfext.sty
Package: grfext 2010/08/19 v1.1 Manage graphics extensions (HO)

(/usr/local/texlive/2013/texmf-dist/tex/generic/oberdiek/kvdefinekeys.sty
Package: kvdefinekeys 2011/04/07 v1.3 Define keys (HO)
))
(/usr/local/texlive/2013/texmf-dist/tex/latex/oberdiek/kvoptions.sty
Package: kvoptions 2011/06/30 v3.11 Key value format for package options (HO)

(/usr/local/texlive/2013/texmf-dist/tex/generic/oberdiek/kvsetkeys.sty
Package: kvsetkeys 2012/04/25 v1.16 Key value parser (HO)

(/usr/local/texlive/2013/texmf-dist/tex/generic/oberdiek/etexcmds.sty
Package: etexcmds 2011/02/16 v1.5 Avoid name clashes with e-TeX commands (HO)
Package etexcmds Info: Could not find \expanded.
(etexcmds)             That can mean that you are not using pdfTeX 1.50 or
(etexcmds)             that some package has redefined \expanded.
(etexcmds)             In the latter case, load this package earlier.
)))
Package grfext Info: Graphics extension search list:
(grfext)             [.png,.pdf,.jpg,.mps,.jpeg,.jbig2,.jb2,.PNG,.PDF,.JPG,.JPE
G,.JBIG2,.JB2,.eps]
(grfext)             \AppendGraphicsExtensions on input line 452.

(/usr/local/texlive/2013/texmf-dist/tex/latex/latexconfig/epstopdf-sys.cfg
File: epstopdf-sys.cfg 2010/07/13 v1.3 Configuration of (r)epstopdf for TeX Liv
e
))
Package caption Info: Begin \AtBeginDocument code.
Package caption Info: End \AtBeginDocument code.
LaTeX Font Info:    Font shape `OT1/ptm/bx/n' in size <14.4> not available
(Font)              Font shape `OT1/ptm/b/n' tried instead on input line 51.
LaTeX Font Info:    Try loading font information for OT1+ptmcm on input line 51
.

(/usr/local/texlive/2013/texmf-dist/tex/latex/psnfss/ot1ptmcm.fd
File: ot1ptmcm.fd 2000/01/03 Fontinst v1.801 font definitions for OT1/ptmcm.
)
LaTeX Font Info:    Try loading font information for OML+ptmcm on input line 51
.

(/usr/local/texlive/2013/texmf-dist/tex/latex/psnfss/omlptmcm.fd
File: omlptmcm.fd 2000/01/03 Fontinst v1.801 font definitions for OML/ptmcm.
)
LaTeX Font Info:    Try loading font information for OMX+psycm on input line 51
.

(/usr/local/texlive/2013/texmf-dist/tex/latex/psnfss/omxpsycm.fd
File: omxpsycm.fd 2000/01/03 Fontinst v1.801 font definitions for OMX/psycm.
)
LaTeX Font Info:    Try loading font information for U+msa on input line 51.

(/usr/local/texlive/2013/texmf-dist/tex/latex/amsfonts/umsa.fd
File: umsa.fd 2013/01/14 v3.01 AMS symbols A
)
LaTeX Font Info:    Try loading font information for U+msb on input line 51.

(/usr/local/texlive/2013/texmf-dist/tex/latex/amsfonts/umsb.fd
File: umsb.fd 2013/01/14 v3.01 AMS symbols B
)
LaTeX Font Info:    Font shape `OT1/ptm/bx/n' in size <9> not available
(Font)              Font shape `OT1/ptm/b/n' tried instead on input line 51.
LaTeX Font Info:    Font shape `OT1/ptm/bx/n' in size <7> not available
(Font)              Font shape `OT1/ptm/b/n' tried instead on input line 51.
LaTeX Font Info:    Font shape `OT1/ptm/bx/n' in size <5> not available
(Font)              Font shape `OT1/ptm/b/n' tried instead on input line 51.
LaTeX Font Info:    Font shape `OMS/ptm/m/it' in size <9> not available
(Font)              Font shape `OMS/pzccm/m/n' tried instead on input line 51.

Underfull \hbox (badness 10000) in paragraph at lines 51--51

 []

(./abstract.tex)
LaTeX Font Info:    Font shape `OT1/ptm/bx/n' in size <13> not available
(Font)              Font shape `OT1/ptm/b/n' tried instead on input line 53.
 (./intro_bnm.tex
Underfull \vbox (badness 1990) has occurred while \output is active []

 [1{/usr/local/texlive/2013/texmf-var/fonts/map/pdftex/updmap/pdftex.map}




]
LaTeX Font Info:    Font shape `OMS/ptm/m/n' in size <10> not available
(Font)              Font shape `OMS/pzccm/m/n' tried instead on input line 105.


Underfull \hbox (badness 4940) in paragraph at lines 136--139
\OT1/ptm/m/n/10 Repli-ca-tion out-per-forms ex-ist-ing fault tol-er-ance
 []

) (./cloud_computing_workload.tex
<diagrams/system_model_1.pdf, id=10, 450.68375pt x 270.00874pt>
File: diagrams/system_model_1.pdf Graphic file (type pdf)

<use diagrams/system_model_1.pdf>
Package pdftex.def Info: diagrams/system_model_1.pdf used on input line 80.
(pdftex.def)             Requested size: 213.41443pt x 127.85995pt.
 [2]
LaTeX Font Info:    Font shape `OT1/ptm/bx/n' in size <10> not available
(Font)              Font shape `OT1/ptm/b/n' tried instead on input line 92.
LaTeX Font Info:    Font shape `OT1/ptm/bx/n' in size <7.4> not available
(Font)              Font shape `OT1/ptm/b/n' tried instead on input line 92.
LaTeX Font Info:    Font shape `OT1/ptm/bx/n' in size <6> not available
(Font)              Font shape `OT1/ptm/b/n' tried instead on input line 92.
) (./shadow_replication.tex
<diagrams/example1.pdf, id=14, 606.265pt x 383.4325pt>
File: diagrams/example1.pdf Graphic file (type pdf)

<use diagrams/example1.pdf>
Package pdftex.def Info: diagrams/example1.pdf used on input line 7.
(pdftex.def)             Requested size: 143.87245pt x 90.9901pt.

<diagrams/example3.pdf, id=15, 542.025pt x 382.42876pt>
File: diagrams/example3.pdf Graphic file (type pdf)

<use diagrams/example3.pdf>
Package pdftex.def Info: diagrams/example3.pdf used on input line 12.
(pdftex.def)             Requested size: 130.3784pt x 91.98901pt.

<diagrams/example2.png, id=16, 1048.27635pt x 719.8092pt>
File: diagrams/example2.png Graphic file (type png)

<use diagrams/example2.png>
Package pdftex.def Info: diagrams/example2.png used on input line 17.
(pdftex.def)             Requested size: 148.36589pt x 101.87093pt.
 [3 <./diagrams/system_model_1.pdf>])
(./reward_model.tex
LaTeX Font Info:    Font shape `OT1/ptm/bx/n' in size <12> not available
(Font)              Font shape `OT1/ptm/b/n' tried instead on input line 61.
 <diagrams/reward.pdf, id=252, 635.37375pt x 296.10625pt>
File: diagrams/reward.pdf Graphic file (type pdf)

<use diagrams/reward.pdf>
Package pdftex.def Info: diagrams/reward.pdf used on input line 120.
(pdftex.def)             Requested size: 213.41443pt x 99.45938pt.
 [4 <./diagrams/example1.pdf> <./diagrams/example3.pdf

pdfTeX warning: pdflatex (file ./diagrams/example3.pdf): PDF inclusion: multipl
e pdfs with page group included in a single page
> <./diagrams/example2.png>] [5 <./diagrams/reward.pdf>] [6])
(./reward_model_2.tex) (./reward_model_3.tex) (./evaluation.tex [7]
Package epstopdf Info: Source file: <diagrams/rho_profit.eps>
(epstopdf)                    date: 2014-03-18 10:10:41
(epstopdf)                    size: 23129 bytes
(epstopdf)             Output file: <diagrams/rho_profit-eps-converted-to.pdf>
(epstopdf)                    date: 2014-03-18 10:10:44
(epstopdf)                    size: 7296 bytes
(epstopdf)             Command: <repstopdf --outfile=diagrams/rho_profit-eps-co
nverted-to.pdf diagrams/rho_profit.eps>
(epstopdf)             \includegraphics on input line 113.
Package epstopdf Info: Output file is already uptodate.

<diagrams/rho_profit-eps-converted-to.pdf, id=286, 903.375pt x 505.89pt>
File: diagrams/rho_profit-eps-converted-to.pdf Graphic file (type pdf)

<use diagrams/rho_profit-eps-converted-to.pdf>
Package pdftex.def Info: diagrams/rho_profit-eps-converted-to.pdf used on input
 line 113.
(pdftex.def)             Requested size: 213.41443pt x 119.50941pt.


LaTeX Warning: `!h' float specifier changed to `!ht'.

Package epstopdf Info: Source file: <diagrams/t_profit.eps>
(epstopdf)                    date: 2014-03-18 10:10:41
(epstopdf)                    size: 23561 bytes
(epstopdf)             Output file: <diagrams/t_profit-eps-converted-to.pdf>
(epstopdf)                    date: 2014-03-18 10:10:45
(epstopdf)                    size: 7479 bytes
(epstopdf)             Command: <repstopdf --outfile=diagrams/t_profit-eps-conv
erted-to.pdf diagrams/t_profit.eps>
(epstopdf)             \includegraphics on input line 213.
Package epstopdf Info: Output file is already uptodate.
<diagrams/t_profit-eps-converted-to.pdf, id=287, 903.375pt x 505.89pt>
File: diagrams/t_profit-eps-converted-to.pdf Graphic file (type pdf)

<use diagrams/t_profit-eps-converted-to.pdf>
Package pdftex.def Info: diagrams/t_profit-eps-converted-to.pdf used on input l
ine 213.
(pdftex.def)             Requested size: 213.41443pt x 119.50941pt.
 [8 <./diagrams/rho_profit-eps-converted-to.pdf>]
Package epstopdf Info: Source file: <diagrams/n_profit.eps>
(epstopdf)                    date: 2014-03-18 10:10:41
(epstopdf)                    size: 21675 bytes
(epstopdf)             Output file: <diagrams/n_profit-eps-converted-to.pdf>
(epstopdf)                    date: 2014-03-18 10:10:46
(epstopdf)                    size: 6755 bytes
(epstopdf)             Command: <repstopdf --outfile=diagrams/n_profit-eps-conv
erted-to.pdf diagrams/n_profit.eps>
(epstopdf)             \includegraphics on input line 293.
Package epstopdf Info: Output file is already uptodate.

<diagrams/n_profit-eps-converted-to.pdf, id=296, 903.375pt x 505.89pt>
File: diagrams/n_profit-eps-converted-to.pdf Graphic file (type pdf)

<use diagrams/n_profit-eps-converted-to.pdf>
Package pdftex.def Info: diagrams/n_profit-eps-converted-to.pdf used on input l
ine 293.
(pdftex.def)             Requested size: 213.41443pt x 119.50941pt.


LaTeX Warning: `!h' float specifier changed to `!ht'.

[9 <./diagrams/t_profit-eps-converted-to.pdf> <./diagrams/n_profit-eps-converte
d-to.pdf>]
Package epstopdf Info: Source file: <diagrams/mtbf_profit.eps>
(epstopdf)                    date: 2014-03-18 10:10:41
(epstopdf)                    size: 22247 bytes
(epstopdf)             Output file: <diagrams/mtbf_profit-eps-converted-to.pdf>

(epstopdf)                    date: 2014-03-18 10:10:47
(epstopdf)                    size: 7397 bytes
(epstopdf)             Command: <repstopdf --outfile=diagrams/mtbf_profit-eps-c
onverted-to.pdf diagrams/mtbf_profit.eps>
(epstopdf)             \includegraphics on input line 385.
Package epstopdf Info: Output file is already uptodate.

<diagrams/mtbf_profit-eps-converted-to.pdf, id=310, 903.375pt x 505.89pt>
File: diagrams/mtbf_profit-eps-converted-to.pdf Graphic file (type pdf)

<use diagrams/mtbf_profit-eps-converted-to.pdf>
Package pdftex.def Info: diagrams/mtbf_profit-eps-converted-to.pdf used on inpu
t line 385.
(pdftex.def)             Requested size: 213.41443pt x 119.50941pt.

<diagrams/application_comparison.png, id=311, 362.3136pt x 217.7736pt>
File: diagrams/application_comparison.png Graphic file (type png)

<use diagrams/application_comparison.png>
Package pdftex.def Info: diagrams/application_comparison.png used on input line
 441.
(pdftex.def)             Requested size: 213.41443pt x 128.27263pt.
 [10 <./diagrams/mtbf_profit-eps-converted-to.pdf> <./diagrams/application_comp
arison.png>]) (./related_work.tex
Underfull \hbox (badness 3449) in paragraph at lines 2--17
\OT1/ptm/m/n/10 The in-crease of fail-ures in large-scale sys-tems
 []


Underfull \hbox (badness 1019) in paragraph at lines 2--17
\OT1/ptm/m/n/10 brought to the fore-front the need for new fault-
 []

) (./conclusion.tex [11]) (./closer2014.bbl
Underfull \hbox (badness 5832) in paragraph at lines 16--19
[]\OT1/ptm/m/n/9 Amazon (2013).  Ama-zon elas-tic com-pute cloud.
 []

) [12] (./closer2014.aux) ) 
Here is how much of TeX's memory you used:
 4513 strings out of 493315
 66293 string characters out of 6137904
 136189 words of memory out of 5000000
 7794 multiletter control sequences out of 15000+600000
 54987 words of font info for 115 fonts, out of 8000000 for 9000
 957 hyphenation exceptions out of 8191
 38i,15n,38p,818b,326s stack positions out of 5000i,500n,10000p,200000b,80000s
{/usr/local/texlive/2013/texmf-dist/fonts/enc/dvips/
base/8r.enc}</usr/local/texlive/2013/texmf-dist/fonts/type1/public/amsfonts/cm/
cmex10.pfb></usr/local/texlive/2013/texmf-dist/fonts/type1/public/amsfonts/cmex
tra/cmex9.pfb></usr/local/texlive/2013/texmf-dist/fonts/type1/public/amsfonts/c
m/cmmi10.pfb></usr/local/texlive/2013/texmf-dist/fonts/type1/public/amsfonts/cm
/cmr10.pfb></usr/local/texlive/2013/texmf-dist/fonts/type1/public/amsfonts/cm/c
msy10.pfb></usr/local/texlive/2013/texmf-dist/fonts/type1/urw/symbol/usyr.pfb><
/usr/local/texlive/2013/texmf-dist/fonts/type1/urw/times/utmb8a.pfb></usr/local
/texlive/2013/texmf-dist/fonts/type1/urw/times/utmr8a.pfb></usr/local/texlive/2
013/texmf-dist/fonts/type1/urw/times/utmri8a.pfb></usr/local/texlive/2013/texmf
-dist/fonts/type1/urw/zapfchan/uzcmi8a.pfb>
Output written on closer2014.pdf (12 pages, 846386 bytes).
PDF statistics:
 363 PDF objects out of 1000 (max. 8388607)
 225 compressed objects within 3 object streams
 0 named destinations out of 1000 (max. 500000)
 51 words of extra memory for PDF output out of 10000 (max. 10000000)

