This is pdfTeX, Version 3.1415926-2.5-1.40.14 (TeX Live 2013) (format=pdflatex 2013.5.30)  25 FEB 2015 15:00
entering extended mode
 restricted \write18 enabled.
 %&-line parsing enabled.
**energies2014
(./energies2014.tex
LaTeX2e <2011/06/27>
Babel <3.9f> and hyphenation patterns for 78 languages loaded.
(./mdpi.cls
Document Class: mdpi 2014/03/27 MDPI paper class
(/usr/local/texlive/2013/texmf-dist/tex/latex/base/fontenc.sty
Package: fontenc 2005/09/27 v1.99g Standard LaTeX package

(/usr/local/texlive/2013/texmf-dist/tex/latex/base/t1enc.def
File: t1enc.def 2005/09/27 v1.99g Standard LaTeX file
LaTeX Font Info:    Redeclaring font encoding T1 on input line 43.
))

Class mdpi Warning: You have not specified the journal. The first class option 
of the document class mdpi specify the journal. The word journal should be repl
aced by one of the following journal names: actuators, administrativesciences, 
aerospace, agriculture, agronomy, algorithms, animals, antibiotics, antibodies,
 antioxidants, appliedsciences, arts, atmosphere, atoms, axioms, behavioralscie
nces, bioengineering, biology, biomedicines, biomolecules, biosensors, brainsci
ences, buildings, cancers, catalysts, cells, challenges, chemosensors, children
, chromatography, climate, coatings, computation, computers, cosmetics, crystal
s, dentistryjournal, diagnostics, diseases, diversity, econometrics, economies,
 education, electronics, energies, entropy, environmentalsciences, environments
, fibers, foods, forests, futureinternet, galaxies, games, genes, geosciences, 
healthcare, humanities, informatics, information, inorganics, insects, ijerph, 
ijfs, ijms, ijgi, jcdd, jcm, jdb, jfb, joi, jlpea, jmse, jpcg, jpm, jrfm, jsan,
 land, laws, life, lubricants, machines, marinedrugs, materials, mathematics, m
edicalsciences, membranes, metabolites, metals, microarrays, micromachines, mic
roorganisms, minerals, molbank, molecules, nanomaterials, ncrna, nutrients, pat
hogens, pharmaceuticals, pharmaceutics, pharmacy, photonics, plants, polymers, 
processes, proteomes, publications, religions, remotesensing, resources, risks,
 robotics, sensors, socialsciences, societies, sports, sustainability, symmetry
, systems, technologies, toxics, toxins, vaccines, veterinarysciences, viruses,
 water on input line 322.

(/usr/local/texlive/2013/texmf-dist/tex/latex/base/article.cls
Document Class: article 2007/10/19 v1.4h Standard LaTeX document class
(/usr/local/texlive/2013/texmf-dist/tex/latex/base/size12.clo
File: size12.clo 2007/10/19 v1.4h Standard LaTeX file (size option)
)
\c@part=\count79
\c@section=\count80
\c@subsection=\count81
\c@subsubsection=\count82
\c@paragraph=\count83
\c@subparagraph=\count84
\c@figure=\count85
\c@table=\count86
\abovecaptionskip=\skip41
\belowcaptionskip=\skip42
\bibindent=\dimen102
)
(/usr/local/texlive/2013/texmf-dist/tex/latex/tools/calc.sty
Package: calc 2007/08/22 v4.3 Infix arithmetic (KKT,FJ)
\calc@Acount=\count87
\calc@Bcount=\count88
\calc@Adimen=\dimen103
\calc@Bdimen=\dimen104
\calc@Askip=\skip43
\calc@Bskip=\skip44
LaTeX Info: Redefining \setlength on input line 76.
LaTeX Info: Redefining \addtolength on input line 77.
\calc@Ccount=\count89
\calc@Cskip=\skip45
)
(/usr/local/texlive/2013/texmf-dist/tex/latex/tools/indentfirst.sty
Package: indentfirst 1995/11/23 v1.03 Indent first paragraph (DPC)
)
(/usr/local/texlive/2013/texmf-dist/tex/latex/psnfss/times.sty
Package: times 2005/04/12 PSNFSS-v9.2a (SPQR) 
)
(/usr/local/texlive/2013/texmf-dist/tex/latex/fancyhdr/fancyhdr.sty
\fancy@headwidth=\skip46
\f@ncyO@elh=\skip47
\f@ncyO@erh=\skip48
\f@ncyO@olh=\skip49
\f@ncyO@orh=\skip50
\f@ncyO@elf=\skip51
\f@ncyO@erf=\skip52
\f@ncyO@olf=\skip53
\f@ncyO@orf=\skip54
)
(/usr/local/texlive/2013/texmf-dist/tex/latex/graphics/graphicx.sty
Package: graphicx 1999/02/16 v1.0f Enhanced LaTeX Graphics (DPC,SPQR)

(/usr/local/texlive/2013/texmf-dist/tex/latex/graphics/keyval.sty
Package: keyval 1999/03/16 v1.13 key=value parser (DPC)
\KV@toks@=\toks14
)
(/usr/local/texlive/2013/texmf-dist/tex/latex/graphics/graphics.sty
Package: graphics 2009/02/05 v1.0o Standard LaTeX Graphics (DPC,SPQR)

(/usr/local/texlive/2013/texmf-dist/tex/latex/graphics/trig.sty
Package: trig 1999/03/16 v1.09 sin cos tan (DPC)
)
(/usr/local/texlive/2013/texmf-dist/tex/latex/latexconfig/graphics.cfg
File: graphics.cfg 2010/04/23 v1.9 graphics configuration of TeX Live
)
Package graphics Info: Driver file: pdftex.def on input line 91.

(/usr/local/texlive/2013/texmf-dist/tex/latex/pdftex-def/pdftex.def
File: pdftex.def 2011/05/27 v0.06d Graphics/color for pdfTeX

(/usr/local/texlive/2013/texmf-dist/tex/generic/oberdiek/infwarerr.sty
Package: infwarerr 2010/04/08 v1.3 Providing info/warning/error messages (HO)
)
(/usr/local/texlive/2013/texmf-dist/tex/generic/oberdiek/ltxcmds.sty
Package: ltxcmds 2011/11/09 v1.22 LaTeX kernel commands for general use (HO)
)
\Gread@gobject=\count90
))
\Gin@req@height=\dimen105
\Gin@req@width=\dimen106
)
(/usr/local/texlive/2013/texmf-dist/tex/latex/lastpage/lastpage.sty
Package: lastpage 2013/01/28 v1.2l Refers to last page's name (HMM; JPG)
)
(/usr/local/texlive/2013/texmf-dist/tex/latex/base/ifthen.sty
Package: ifthen 2001/05/26 v1.1c Standard LaTeX ifthen package (DPC)
)
(/usr/local/texlive/2013/texmf-dist/tex/latex/lineno/lineno.sty
Package: lineno 2005/11/02 line numbers on paragraphs v4.41
\linenopenalty=\count91
\output=\toks15
\linenoprevgraf=\count92
\linenumbersep=\dimen107
\linenumberwidth=\dimen108
\c@linenumber=\count93
\c@pagewiselinenumber=\count94
\c@LN@truepage=\count95
\c@internallinenumber=\count96
\c@internallinenumbers=\count97
\quotelinenumbersep=\dimen109
\bframerule=\dimen110
\bframesep=\dimen111
\bframebox=\box26
LaTeX Info: Redefining \\ on input line 3056.
)
(/usr/local/texlive/2013/texmf-dist/tex/latex/float/float.sty
Package: float 2001/11/08 v1.3d Float enhancements (AL)
\c@float@type=\count98
\float@exts=\toks16
\float@box=\box27
\@float@everytoks=\toks17
\@floatcapt=\box28
)
(/usr/local/texlive/2013/texmf-dist/tex/latex/amsmath/amsmath.sty
Package: amsmath 2013/01/14 v2.14 AMS math features
\@mathmargin=\skip55

For additional information on amsmath, use the `?' option.
(/usr/local/texlive/2013/texmf-dist/tex/latex/amsmath/amstext.sty
Package: amstext 2000/06/29 v2.01

(/usr/local/texlive/2013/texmf-dist/tex/latex/amsmath/amsgen.sty
File: amsgen.sty 1999/11/30 v2.0
\@emptytoks=\toks18
\ex@=\dimen112
))
(/usr/local/texlive/2013/texmf-dist/tex/latex/amsmath/amsbsy.sty
Package: amsbsy 1999/11/29 v1.2d
\pmbraise@=\dimen113
)
(/usr/local/texlive/2013/texmf-dist/tex/latex/amsmath/amsopn.sty
Package: amsopn 1999/12/14 v2.01 operator names
)
\inf@bad=\count99
LaTeX Info: Redefining \frac on input line 210.
\uproot@=\count100
\leftroot@=\count101
LaTeX Info: Redefining \overline on input line 306.
\classnum@=\count102
\DOTSCASE@=\count103
LaTeX Info: Redefining \ldots on input line 378.
LaTeX Info: Redefining \dots on input line 381.
LaTeX Info: Redefining \cdots on input line 466.
\Mathstrutbox@=\box29
\strutbox@=\box30
\big@size=\dimen114
LaTeX Font Info:    Redeclaring font encoding OML on input line 566.
LaTeX Font Info:    Redeclaring font encoding OMS on input line 567.
\macc@depth=\count104
\c@MaxMatrixCols=\count105
\dotsspace@=\muskip10
\c@parentequation=\count106
\dspbrk@lvl=\count107
\tag@help=\toks19
\row@=\count108
\column@=\count109
\maxfields@=\count110
\andhelp@=\toks20
\eqnshift@=\dimen115
\alignsep@=\dimen116
\tagshift@=\dimen117
\tagwidth@=\dimen118
\totwidth@=\dimen119
\lineht@=\dimen120
\@envbody=\toks21
\multlinegap=\skip56
\multlinetaggap=\skip57
\mathdisplay@stack=\toks22
LaTeX Info: Redefining \[ on input line 2665.
LaTeX Info: Redefining \] on input line 2666.
)
(/usr/local/texlive/2013/texmf-dist/tex/latex/amscls/amsthm.sty
Package: amsthm 2004/08/06 v2.20
\thm@style=\toks23
\thm@bodyfont=\toks24
\thm@headfont=\toks25
\thm@notefont=\toks26
\thm@headpunct=\toks27
\thm@preskip=\skip58
\thm@postskip=\skip59
\thm@headsep=\skip60
\dth@everypar=\toks28
)
\@float@every@figure=\toks29
\@float@every@table=\toks30

(/usr/local/texlive/2013/texmf-dist/tex/latex/caption/caption.sty
Package: caption 2013/05/02 v3.3-89 Customizing captions (AR)

(/usr/local/texlive/2013/texmf-dist/tex/latex/caption/caption3.sty
Package: caption3 2013/05/02 v1.6-88 caption3 kernel (AR)
Package caption3 Info: TeX engine: e-TeX on input line 57.
\captionmargin=\dimen121
\captionmargin@=\dimen122
\captionwidth=\dimen123
\caption@tempdima=\dimen124
\caption@indent=\dimen125
\caption@parindent=\dimen126
\caption@hangindent=\dimen127
)
\c@ContinuedFloat=\count111
Package caption Info: float package is loaded.
)
(/usr/local/texlive/2013/texmf-dist/tex/latex/graphics/color.sty
Package: color 2005/11/14 v1.0j Standard LaTeX Color (DPC)

(/usr/local/texlive/2013/texmf-dist/tex/latex/latexconfig/color.cfg
File: color.cfg 2007/01/18 v1.5 color configuration of teTeX/TeXLive
)
Package color Info: Driver file: pdftex.def on input line 130.
)
(/usr/local/texlive/2013/texmf-dist/tex/latex/natbib/natbib.sty
Package: natbib 2010/09/13 8.31b (PWD, AO)
\bibhang=\skip61
\bibsep=\skip62
LaTeX Info: Redefining \cite on input line 694.
\c@NAT@ctr=\count112
)
(/usr/local/texlive/2013/texmf-dist/tex/latex/hyphenat/hyphenat.sty
Package: hyphenat 2009/09/02 v2.3c hyphenation utilities
\langwohyphens=\language79
LaTeX Info: Redefining \_ on input line 43.
)
(/usr/local/texlive/2013/texmf-dist/tex/latex/hyperref/hyperref.sty
Package: hyperref 2012/11/06 v6.83m Hypertext links for LaTeX

(/usr/local/texlive/2013/texmf-dist/tex/generic/oberdiek/hobsub-hyperref.sty
Package: hobsub-hyperref 2012/05/28 v1.13 Bundle oberdiek, subset hyperref (HO)


(/usr/local/texlive/2013/texmf-dist/tex/generic/oberdiek/hobsub-generic.sty
Package: hobsub-generic 2012/05/28 v1.13 Bundle oberdiek, subset generic (HO)
Package: hobsub 2012/05/28 v1.13 Construct package bundles (HO)
Package hobsub Info: Skipping package `infwarerr' (already loaded).
Package hobsub Info: Skipping package `ltxcmds' (already loaded).
Package: ifluatex 2010/03/01 v1.3 Provides the ifluatex switch (HO)
Package ifluatex Info: LuaTeX not detected.
Package: ifvtex 2010/03/01 v1.5 Detect VTeX and its facilities (HO)
Package ifvtex Info: VTeX not detected.
Package: intcalc 2007/09/27 v1.1 Expandable calculations with integers (HO)
Package: ifpdf 2011/01/30 v2.3 Provides the ifpdf switch (HO)
Package ifpdf Info: pdfTeX in PDF mode is detected.
Package: etexcmds 2011/02/16 v1.5 Avoid name clashes with e-TeX commands (HO)
Package etexcmds Info: Could not find \expanded.
(etexcmds)             That can mean that you are not using pdfTeX 1.50 or
(etexcmds)             that some package has redefined \expanded.
(etexcmds)             In the latter case, load this package earlier.
Package: kvsetkeys 2012/04/25 v1.16 Key value parser (HO)
Package: kvdefinekeys 2011/04/07 v1.3 Define keys (HO)
Package: pdftexcmds 2011/11/29 v0.20 Utility functions of pdfTeX for LuaTeX (HO
)
Package pdftexcmds Info: LuaTeX not detected.
Package pdftexcmds Info: \pdf@primitive is available.
Package pdftexcmds Info: \pdf@ifprimitive is available.
Package pdftexcmds Info: \pdfdraftmode found.
Package: pdfescape 2011/11/25 v1.13 Implements pdfTeX's escape features (HO)
Package: bigintcalc 2012/04/08 v1.3 Expandable calculations on big integers (HO
)
Package: bitset 2011/01/30 v1.1 Handle bit-vector datatype (HO)
Package: uniquecounter 2011/01/30 v1.2 Provide unlimited unique counter (HO)
)
Package hobsub Info: Skipping package `hobsub' (already loaded).
Package: letltxmacro 2010/09/02 v1.4 Let assignment for LaTeX macros (HO)
Package: hopatch 2012/05/28 v1.2 Wrapper for package hooks (HO)
Package: xcolor-patch 2011/01/30 xcolor patch
Package: atveryend 2011/06/30 v1.8 Hooks at the very end of document (HO)
Package atveryend Info: \enddocument detected (standard20110627).
Package: atbegshi 2011/10/05 v1.16 At begin shipout hook (HO)
Package: refcount 2011/10/16 v3.4 Data extraction from label references (HO)
Package: hycolor 2011/01/30 v1.7 Color options for hyperref/bookmark (HO)
)
(/usr/local/texlive/2013/texmf-dist/tex/generic/ifxetex/ifxetex.sty
Package: ifxetex 2010/09/12 v0.6 Provides ifxetex conditional
)
(/usr/local/texlive/2013/texmf-dist/tex/latex/oberdiek/auxhook.sty
Package: auxhook 2011/03/04 v1.3 Hooks for auxiliary files (HO)
)
(/usr/local/texlive/2013/texmf-dist/tex/latex/oberdiek/kvoptions.sty
Package: kvoptions 2011/06/30 v3.11 Key value format for package options (HO)
)
\@linkdim=\dimen128
\Hy@linkcounter=\count113
\Hy@pagecounter=\count114

(/usr/local/texlive/2013/texmf-dist/tex/latex/hyperref/pd1enc.def
File: pd1enc.def 2012/11/06 v6.83m Hyperref: PDFDocEncoding definition (HO)
)
\Hy@SavedSpaceFactor=\count115

(/usr/local/texlive/2013/texmf-dist/tex/latex/latexconfig/hyperref.cfg
File: hyperref.cfg 2002/06/06 v1.2 hyperref configuration of TeXLive
)
Package hyperref Info: Option `unicode' set `false' on input line 4319.
Package hyperref Info: Option `pdftoolbar' set `true' on input line 4319.
Package hyperref Info: Option `pdfmenubar' set `true' on input line 4319.
Package hyperref Info: Option `bookmarksopen' set `true' on input line 4319.
Package hyperref Info: Option `pdffitwindow' set `true' on input line 4319.
Package hyperref Info: Option `pdfnewwindow' set `true' on input line 4319.
Package hyperref Info: Option `colorlinks' set `true' on input line 4319.
Package hyperref Info: Option `hyperfootnotes' set `false' on input line 4319.
Package hyperref Info: Hyper figures OFF on input line 4443.
Package hyperref Info: Link nesting OFF on input line 4448.
Package hyperref Info: Hyper index ON on input line 4451.
Package hyperref Info: Plain pages OFF on input line 4458.
Package hyperref Info: Backreferencing OFF on input line 4463.
Package hyperref Info: Implicit mode ON; LaTeX internals redefined.
Package hyperref Info: Bookmarks ON on input line 4688.
\c@Hy@tempcnt=\count116

(/usr/local/texlive/2013/texmf-dist/tex/latex/url/url.sty
\Urlmuskip=\muskip11
Package: url 2006/04/12  ver 3.3  Verb mode for urls, etc.
)
LaTeX Info: Redefining \url on input line 5041.
\XeTeXLinkMargin=\dimen129
\Fld@menulength=\count117
\Field@Width=\dimen130
\Fld@charsize=\dimen131
Package hyperref Info: Hyper figures OFF on input line 6295.
Package hyperref Info: Link nesting OFF on input line 6300.
Package hyperref Info: Hyper index ON on input line 6303.
Package hyperref Info: backreferencing OFF on input line 6310.
Package hyperref Info: Link coloring ON on input line 6313.
Package hyperref Info: Link coloring with OCG OFF on input line 6320.
Package hyperref Info: PDF/A mode OFF on input line 6325.
LaTeX Info: Redefining \ref on input line 6365.
LaTeX Info: Redefining \pageref on input line 6369.
\Hy@abspage=\count118
\c@Item=\count119
)

Package hyperref Message: Driver: hpdftex.

(/usr/local/texlive/2013/texmf-dist/tex/latex/hyperref/hpdftex.def
File: hpdftex.def 2012/11/06 v6.83m Hyperref driver for pdfTeX
\Fld@listcount=\count120
\c@bookmark@seq@number=\count121

(/usr/local/texlive/2013/texmf-dist/tex/latex/oberdiek/rerunfilecheck.sty
Package: rerunfilecheck 2011/04/15 v1.7 Rerun checks for auxiliary files (HO)
Package uniquecounter Info: New unique counter `rerunfilecheck' on input line 2
82.
)
\Hy@SectionHShift=\skip63
)
(/usr/local/texlive/2013/texmf-dist/tex/latex/footmisc/footmisc.sty
Package: footmisc 2011/06/06 v5.5b a miscellany of footnote facilities
\FN@temptoken=\toks31
\footnotemargin=\dimen132
\c@pp@next@reset=\count122
Package footmisc Info: Declaring symbol style bringhurst on input line 855.
Package footmisc Info: Declaring symbol style chicago on input line 863.
Package footmisc Info: Declaring symbol style wiley on input line 872.
Package footmisc Info: Declaring symbol style lamport-robust on input line 883.

Package footmisc Info: Declaring symbol style lamport* on input line 903.
Package footmisc Info: Declaring symbol style lamport*-robust on input line 924
.
))
(/usr/local/texlive/2013/texmf-dist/tex/latex/oberdiek/epstopdf.sty
Package: epstopdf 2010/02/09 v2.5 Conversion with epstopdf on the fly (HO)

(/usr/local/texlive/2013/texmf-dist/tex/latex/oberdiek/epstopdf-base.sty
Package: epstopdf-base 2010/02/09 v2.5 Base part for package epstopdf

(/usr/local/texlive/2013/texmf-dist/tex/latex/oberdiek/grfext.sty
Package: grfext 2010/08/19 v1.1 Manage graphics extensions (HO)
)
Package grfext Info: Graphics extension search list:
(grfext)             [.png,.pdf,.jpg,.mps,.jpeg,.jbig2,.jb2,.PNG,.PDF,.JPG,.JPE
G,.JBIG2,.JB2,.eps]
(grfext)             \AppendGraphicsExtensions on input line 452.

(/usr/local/texlive/2013/texmf-dist/tex/latex/latexconfig/epstopdf-sys.cfg
File: epstopdf-sys.cfg 2010/07/13 v1.3 Configuration of (r)epstopdf for TeX Liv
e
)))
(/usr/local/texlive/2013/texmf-dist/tex/latex/subfigure/subfigure.sty
Package: subfigure 2002/03/15 v2.1.5 subfigure package
\subfigtopskip=\skip64
\subfigcapskip=\skip65
\subfigcaptopadj=\dimen133
\subfigbottomskip=\skip66
\subfigcapmargin=\dimen134
\subfiglabelskip=\skip67
\c@subfigure=\count123
\c@lofdepth=\count124
\c@subtable=\count125
\c@lotdepth=\count126

****************************************
* Local config file subfigure.cfg used *
****************************************
(/usr/local/texlive/2013/texmf-dist/tex/latex/subfigure/subfigure.cfg)
\subfig@top=\skip68
\subfig@bottom=\skip69
)
(/usr/local/texlive/2013/texmf-dist/tex/latex/tools/tabularx.sty
Package: tabularx 1999/01/07 v2.07 `tabularx' package (DPC)

(/usr/local/texlive/2013/texmf-dist/tex/latex/tools/array.sty
Package: array 2008/09/09 v2.4c Tabular extension package (FMi)
\col@sep=\dimen135
\extrarowheight=\dimen136
\NC@list=\toks32
\extratabsurround=\skip70
\backup@length=\skip71
)
\TX@col@width=\dimen137
\TX@old@table=\dimen138
\TX@old@col=\dimen139
\TX@target=\dimen140
\TX@delta=\dimen141
\TX@cols=\count127
\TX@ftn=\toks33
)
(/usr/local/texlive/2013/texmf-dist/tex/latex/multirow/multirow.sty
\bigstrutjot=\dimen142
)
(/usr/local/texlive/2013/texmf-dist/tex/latex/booktabs/booktabs.sty
Package: booktabs 2005/04/14 v1.61803 publication quality tables
\heavyrulewidth=\dimen143
\lightrulewidth=\dimen144
\cmidrulewidth=\dimen145
\belowrulesep=\dimen146
\belowbottomsep=\dimen147
\aboverulesep=\dimen148
\abovetopsep=\dimen149
\cmidrulesep=\dimen150
\cmidrulekern=\dimen151
\defaultaddspace=\dimen152
\@cmidla=\count128
\@cmidlb=\count129
\@aboverulesep=\dimen153
\@belowrulesep=\dimen154
\@thisruleclass=\count130
\@lastruleclass=\count131
\@thisrulewidth=\dimen155
)
(/usr/local/texlive/2013/texmf-dist/tex/latex/soul/soul.sty
Package: soul 2003/11/17 v2.4 letterspacing/underlining (mf)
\SOUL@word=\toks34
\SOUL@lasttoken=\toks35
\SOUL@cmds=\toks36
\SOUL@buffer=\toks37
\SOUL@token=\toks38
\SOUL@spaceskip=\skip72
\SOUL@ttwidth=\dimen156
\SOUL@uldp=\dimen157
\SOUL@ulht=\dimen158
) (./defs.tex)
(./energies2014.aux)
\openout1 = `energies2014.aux'.

LaTeX Font Info:    Checking defaults for OML/cmm/m/it on input line 110.
LaTeX Font Info:    ... okay on input line 110.
LaTeX Font Info:    Checking defaults for T1/cmr/m/n on input line 110.
LaTeX Font Info:    ... okay on input line 110.
LaTeX Font Info:    Checking defaults for OT1/cmr/m/n on input line 110.
LaTeX Font Info:    ... okay on input line 110.
LaTeX Font Info:    Checking defaults for OMS/cmsy/m/n on input line 110.
LaTeX Font Info:    ... okay on input line 110.
LaTeX Font Info:    Checking defaults for OMX/cmex/m/n on input line 110.
LaTeX Font Info:    ... okay on input line 110.
LaTeX Font Info:    Checking defaults for U/cmr/m/n on input line 110.
LaTeX Font Info:    ... okay on input line 110.
LaTeX Font Info:    Checking defaults for PD1/pdf/m/n on input line 110.
LaTeX Font Info:    ... okay on input line 110.
LaTeX Font Info:    Try loading font information for T1+ptm on input line 110.

(/usr/local/texlive/2013/texmf-dist/tex/latex/psnfss/t1ptm.fd
File: t1ptm.fd 2001/06/04 font definitions for T1/ptm.
)
(/usr/local/texlive/2013/texmf-dist/tex/context/base/supp-pdf.mkii
[Loading MPS to PDF converter (version 2006.09.02).]
\scratchcounter=\count132
\scratchdimen=\dimen159
\scratchbox=\box31
\nofMPsegments=\count133
\nofMParguments=\count134
\everyMPshowfont=\toks39
\MPscratchCnt=\count135
\MPscratchDim=\dimen160
\MPnumerator=\count136
\makeMPintoPDFobject=\count137
\everyMPtoPDFconversion=\toks40
)
Package lastpage Info: Please have a look at the pageslts package at
(lastpage)             http://www.ctan.org/tex-archive/ 
(lastpage)             macros/latex/contrib/pageslts/ 
(lastpage)             or
(lastpage)             http://www.ctan.org/tex-archive/ 
(lastpage)             install/macros/latex/contrib/pageslts.tds.zip
(lastpage)             ! on input line 110.
Package caption Info: Begin \AtBeginDocument code.
Package caption Info: hyperref package is loaded.
Package caption Info: subfigure package is loaded.
Package caption Info: End \AtBeginDocument code.
\AtBeginShipoutBox=\box32
Package hyperref Info: Link coloring ON on input line 110.
 (/usr/local/texlive/2013/texmf-dist/tex/latex/hyperref/nameref.sty
Package: nameref 2012/10/27 v2.43 Cross-referencing by name of section

(/usr/local/texlive/2013/texmf-dist/tex/generic/oberdiek/gettitlestring.sty
Package: gettitlestring 2010/12/03 v1.4 Cleanup title references (HO)
)
\c@section@level=\count138
)
LaTeX Info: Redefining \ref on input line 110.
LaTeX Info: Redefining \pageref on input line 110.
LaTeX Info: Redefining \nameref on input line 110.

(./energies2014.out) (./energies2014.out)
\@outlinefile=\write3
\openout3 = `energies2014.out'.



Package hyperref Warning: Token not allowed in a PDF string (PDFDocEncoding):
(hyperref)                removing `\@ifnextchar' on input line 110.

LaTeX Font Info:    Font shape `T1/ptm/bx/n' in size <12> not available
(Font)              Font shape `T1/ptm/b/n' tried instead on input line 110.
LaTeX Font Info:    Font shape `T1/ptm/bx/n' in size <9> not available
(Font)              Font shape `T1/ptm/b/n' tried instead on input line 110.
LaTeX Font Info:    Font shape `T1/ptm/bx/n' in size <32> not available
(Font)              Font shape `T1/ptm/b/n' tried instead on input line 110.
LaTeX Font Info:    Font shape `T1/ptm/bx/it' in size <32> not available
(Font)              Font shape `T1/ptm/b/it' tried instead on input line 110.
LaTeX Font Info:    Font shape `T1/ptm/bx/n' in size <18> not available
(Font)              Font shape `T1/ptm/b/n' tried instead on input line 110.
(./abstract.tex) (./intro_bnm.tex [1

{/usr/local/texlive/2013/texmf-var/fonts/map/pdftex/updmap/pdftex.map}]
Underfull \hbox (badness 2088) in paragraph at lines 84--96
\T1/ptm/m/n/12 profit max-i-miza-tion frame-work, re-ferred to as ``Shadow Repl
i-ca-tion'', for re-silience in cloud
 []

[2]
LaTeX Font Info:    Try loading font information for OMS+ptm on input line 116.

 (/usr/local/texlive/2013/texmf-dist/tex/latex/psnfss/omsptm.fd
File: omsptm.fd 
)
LaTeX Font Info:    Font shape `OMS/ptm/m/n' in size <12> not available
(Font)              Font shape `OMS/cmsy/m/n' tried instead on input line 116.
)
(./cloud_computing_workload.tex

LaTeX Warning: `!h' float specifier changed to `!ht'.

[3]) (./shadow_replication.tex
<diagrams/example1.pdf, id=132, 606.265pt x 383.4325pt>
File: diagrams/example1.pdf Graphic file (type pdf)

<use diagrams/example1.pdf>
Package pdftex.def Info: diagrams/example1.pdf used on input line 7.
(pdftex.def)             Requested size: 159.33907pt x 100.77248pt.

<diagrams/example3.pdf, id=133, 542.025pt x 382.42876pt>
File: diagrams/example3.pdf Graphic file (type pdf)

<use diagrams/example3.pdf>
Package pdftex.def Info: diagrams/example3.pdf used on input line 12.
(pdftex.def)             Requested size: 144.39438pt x 101.87415pt.

<diagrams/example2.png, id=134, 1048.27635pt x 719.8092pt>
File: diagrams/example2.png Graphic file (type png)

<use diagrams/example2.png>
Package pdftex.def Info: diagrams/example2.png used on input line 17.
(pdftex.def)             Requested size: 164.31557pt x 112.82137pt.
 [4] [5 <./diagrams/example1.pdf> <./diagrams/example3.pdf

pdfTeX warning: pdflatex (file ./diagrams/example3.pdf): PDF inclusion: multipl
e pdfs with page group included in a single page
> <./diagrams/example2.png>]) (./reward_model.tex [6]
<diagrams/reward.pdf, id=186, 635.37375pt x 296.10625pt>
File: diagrams/reward.pdf Graphic file (type pdf)

<use diagrams/reward.pdf>
Package pdftex.def Info: diagrams/reward.pdf used on input line 131.
(pdftex.def)             Requested size: 497.92322pt x 232.05986pt.
 [7] [8 <./diagrams/reward.pdf>] [9]

LaTeX Warning: `!h' float specifier changed to `!ht'.


Underfull \hbox (badness 1178) in paragraph at lines 388--392
[]\T1/ptm/m/n/12 Based on the above for-mal-iza-tion of the op-ti-miza-tion pro
b-lem, the MAT-LAB Op-ti-miza-tion
 []

) [10] (./reward_model_2.tex) [11] (./reward_model_3.tex) (./evaluation.tex
[12]
Package epstopdf Info: Source file: <diagrams/rho_profit.eps>
(epstopdf)                    date: 2015-02-25 15:00:25
(epstopdf)                    size: 23129 bytes
(epstopdf)             Output file: <diagrams/rho_profit-eps-converted-to.pdf>
(epstopdf)                    date: 2015-02-25 15:00:28
(epstopdf)                    size: 7265 bytes
(epstopdf)             Command: <repstopdf --outfile=diagrams/rho_profit-eps-co
nverted-to.pdf diagrams/rho_profit.eps>
(epstopdf)             \includegraphics on input line 116.
Package epstopdf Info: Output file is already uptodate.
 <diagrams/rho_profit-eps-converted-to.pdf, id=265, 903.375pt x 505.89pt>
File: diagrams/rho_profit-eps-converted-to.pdf Graphic file (type pdf)

<use diagrams/rho_profit-eps-converted-to.pdf>
Package pdftex.def Info: diagrams/rho_profit-eps-converted-to.pdf used on input
 line 116.
(pdftex.def)             Requested size: 497.92322pt x 278.84245pt.


LaTeX Warning: `!h' float specifier changed to `!ht'.

[13]

LaTeX Warning: `!h' float specifier changed to `!ht'.

Package epstopdf Info: Source file: <diagrams/t_profit.eps>
(epstopdf)                    date: 2015-02-25 15:00:25
(epstopdf)                    size: 23561 bytes
(epstopdf)             Output file: <diagrams/t_profit-eps-converted-to.pdf>
(epstopdf)                    date: 2015-02-25 15:00:29
(epstopdf)                    size: 7446 bytes
(epstopdf)             Command: <repstopdf --outfile=diagrams/t_profit-eps-conv
erted-to.pdf diagrams/t_profit.eps>
(epstopdf)             \includegraphics on input line 216.
Package epstopdf Info: Output file is already uptodate.
<diagrams/t_profit-eps-converted-to.pdf, id=275, 903.375pt x 505.89pt>
File: diagrams/t_profit-eps-converted-to.pdf Graphic file (type pdf)

<use diagrams/t_profit-eps-converted-to.pdf>
Package pdftex.def Info: diagrams/t_profit-eps-converted-to.pdf used on input l
ine 216.
(pdftex.def)             Requested size: 497.92322pt x 278.84245pt.


LaTeX Warning: `!h' float specifier changed to `!ht'.

[14 <./diagrams/rho_profit-eps-converted-to.pdf>] [15 <./diagrams/t_profit-eps-
converted-to.pdf>]
Package epstopdf Info: Source file: <diagrams/n_profit.eps>
(epstopdf)                    date: 2015-02-25 15:00:25
(epstopdf)                    size: 21675 bytes
(epstopdf)             Output file: <diagrams/n_profit-eps-converted-to.pdf>
(epstopdf)                    date: 2015-02-25 15:00:30
(epstopdf)                    size: 6736 bytes
(epstopdf)             Command: <repstopdf --outfile=diagrams/n_profit-eps-conv
erted-to.pdf diagrams/n_profit.eps>
(epstopdf)             \includegraphics on input line 296.
Package epstopdf Info: Output file is already uptodate.

<diagrams/n_profit-eps-converted-to.pdf, id=300, 903.375pt x 505.89pt>
File: diagrams/n_profit-eps-converted-to.pdf Graphic file (type pdf)

<use diagrams/n_profit-eps-converted-to.pdf>
Package pdftex.def Info: diagrams/n_profit-eps-converted-to.pdf used on input l
ine 296.
(pdftex.def)             Requested size: 497.92322pt x 278.84245pt.
 [16 <./diagrams/n_profit-eps-converted-to.pdf>]
Package epstopdf Info: Source file: <diagrams/mtbf_profit.eps>
(epstopdf)                    date: 2015-02-25 15:00:25
(epstopdf)                    size: 22247 bytes
(epstopdf)             Output file: <diagrams/mtbf_profit-eps-converted-to.pdf>

(epstopdf)                    date: 2015-02-25 15:00:31
(epstopdf)                    size: 7353 bytes
(epstopdf)             Command: <repstopdf --outfile=diagrams/mtbf_profit-eps-c
onverted-to.pdf diagrams/mtbf_profit.eps>
(epstopdf)             \includegraphics on input line 388.
Package epstopdf Info: Output file is already uptodate.

<diagrams/mtbf_profit-eps-converted-to.pdf, id=315, 903.375pt x 505.89pt>
File: diagrams/mtbf_profit-eps-converted-to.pdf Graphic file (type pdf)

<use diagrams/mtbf_profit-eps-converted-to.pdf>
Package pdftex.def Info: diagrams/mtbf_profit-eps-converted-to.pdf used on inpu
t line 388.
(pdftex.def)             Requested size: 497.92322pt x 278.84245pt.


LaTeX Warning: `!h' float specifier changed to `!ht'.

[17] <diagrams/application_comparison.png, id=330, 362.3136pt x 217.7736pt>
File: diagrams/application_comparison.png Graphic file (type png)

<use diagrams/application_comparison.png>
Package pdftex.def Info: diagrams/application_comparison.png used on input line
 451.
(pdftex.def)             Requested size: 497.92322pt x 299.28177pt.


LaTeX Warning: `!h' float specifier changed to `!ht'.

[18 <./diagrams/mtbf_profit-eps-converted-to.pdf>]
Underfull \hbox (badness 4940) in paragraph at lines 523--524
[]|\T1/ptm/m/n/10 Tasks are fully-dependent upon other tasks and re-quire con-s
tant
 []


Underfull \hbox (badness 1803) in paragraph at lines 523--524
\T1/ptm/m/n/10 com-mu-ni-ca-tion be-tween tasks. This rep-re-sents an ap-pli-ca
-tion that
 []


Overfull \hbox (36.79996pt too wide) in alignment at lines 517--525
[][][] 
 []

[19 <./diagrams/application_comparison.png>]
Package epstopdf Info: Source file: <diagrams/sr_vs_re_rho.eps>
(epstopdf)                    date: 2015-02-25 15:00:25
(epstopdf)                    size: 22877 bytes
(epstopdf)             Output file: <diagrams/sr_vs_re_rho-eps-converted-to.pdf
>
(epstopdf)                    date: 2015-02-25 15:00:32
(epstopdf)                    size: 7363 bytes
(epstopdf)             Command: <repstopdf --outfile=diagrams/sr_vs_re_rho-eps-
converted-to.pdf diagrams/sr_vs_re_rho.eps>
(epstopdf)             \includegraphics on input line 540.
Package epstopdf Info: Output file is already uptodate.

<diagrams/sr_vs_re_rho-eps-converted-to.pdf, id=357, 903.375pt x 505.89pt>
File: diagrams/sr_vs_re_rho-eps-converted-to.pdf Graphic file (type pdf)

<use diagrams/sr_vs_re_rho-eps-converted-to.pdf>
Package pdftex.def Info: diagrams/sr_vs_re_rho-eps-converted-to.pdf used on inp
ut line 540.
(pdftex.def)             Requested size: 497.92322pt x 278.84245pt.


LaTeX Warning: `!h' float specifier changed to `!ht'.

Package epstopdf Info: Source file: <diagrams/sr_vs_tr_rho.eps>
(epstopdf)                    date: 2015-02-25 15:00:25
(epstopdf)                    size: 23115 bytes
(epstopdf)             Output file: <diagrams/sr_vs_tr_rho-eps-converted-to.pdf
>
(epstopdf)                    date: 2015-02-25 15:00:33
(epstopdf)                    size: 7357 bytes
(epstopdf)             Command: <repstopdf --outfile=diagrams/sr_vs_tr_rho-eps-
converted-to.pdf diagrams/sr_vs_tr_rho.eps>
(epstopdf)             \includegraphics on input line 549.
Package epstopdf Info: Output file is already uptodate.
<diagrams/sr_vs_tr_rho-eps-converted-to.pdf, id=362, 903.375pt x 505.89pt>
File: diagrams/sr_vs_tr_rho-eps-converted-to.pdf Graphic file (type pdf)

<use diagrams/sr_vs_tr_rho-eps-converted-to.pdf>
Package pdftex.def Info: diagrams/sr_vs_tr_rho-eps-converted-to.pdf used on inp
ut line 549.
(pdftex.def)             Requested size: 497.92322pt x 278.84245pt.
 [20]

LaTeX Warning: `!h' float specifier changed to `!ht'.

) (./related_work.tex [21 <./diagrams/sr_vs_re_rho-eps-converted-to.pdf>])
(./conclusion.tex [22 <./diagrams/sr_vs_tr_rho-eps-converted-to.pdf>])
(./energies2014.bbl [23]
Underfull \hbox (badness 3354) in paragraph at lines 75--79
[]\T1/ptm/m/n/12 Gärtner, F.C.  Fun-da-men-tals of fault-tolerant dis-tributed 
com-put-ing in asyn-chronous
 []

[24]) 
AED: lastpage setting LastPage

Underfull \hbox (badness 5924) in paragraph at lines 210--210
\T1/ptm/m/n/12 dis-tributed un-der the terms and con-di-tions of the Cre-ative 
Com-mons At-tri-bu-tion li-cense
 []

[25]
Package atveryend Info: Empty hook `BeforeClearDocument' on input line 210.
Package atveryend Info: Empty hook `AfterLastShipout' on input line 210.
 (./energies2014.aux)
Package atveryend Info: Executing hook `AtVeryEndDocument' on input line 210.
Package atveryend Info: Executing hook `AtEndAfterFileList' on input line 210.
Package rerunfilecheck Info: File `energies2014.out' has not changed.
(rerunfilecheck)             Checksum: A5672B4C34DE8B27226A1B715244C791;1228.


LaTeX Warning: Label(s) may have changed. Rerun to get cross-references right.

Package atveryend Info: Empty hook `AtVeryVeryEnd' on input line 210.
 ) 
Here is how much of TeX's memory you used:
 9224 strings out of 493315
 136195 string characters out of 6137904
 261336 words of memory out of 5000000
 12372 multiletter control sequences out of 15000+600000
 42591 words of font info for 57 fonts, out of 8000000 for 9000
 957 hyphenation exceptions out of 8191
 43i,15n,45p,1639b,455s stack positions out of 5000i,500n,10000p,200000b,80000s
{/usr/local/texlive/2013/texmf-dist/fonts/enc/dvips/base/8r.enc}</usr/local/t
exlive/2013/texmf-dist/fonts/type1/public/amsfonts/cm/cmex10.pfb></usr/local/te
xlive/2013/texmf-dist/fonts/type1/public/amsfonts/cmextra/cmex8.pfb></usr/local
/texlive/2013/texmf-dist/fonts/type1/public/amsfonts/cm/cmmi10.pfb></usr/local/
texlive/2013/texmf-dist/fonts/type1/public/amsfonts/cm/cmmi12.pfb></usr/local/t
exlive/2013/texmf-dist/fonts/type1/public/amsfonts/cm/cmmi6.pfb></usr/local/tex
live/2013/texmf-dist/fonts/type1/public/amsfonts/cm/cmmi8.pfb></usr/local/texli
ve/2013/texmf-dist/fonts/type1/public/amsfonts/cm/cmr12.pfb></usr/local/texlive
/2013/texmf-dist/fonts/type1/public/amsfonts/cm/cmr6.pfb></usr/local/texlive/20
13/texmf-dist/fonts/type1/public/amsfonts/cm/cmr8.pfb></usr/local/texlive/2013/
texmf-dist/fonts/type1/public/amsfonts/cm/cmsy10.pfb></usr/local/texlive/2013/t
exmf-dist/fonts/type1/public/amsfonts/cm/cmsy8.pfb></usr/local/texlive/2013/tex
mf-dist/fonts/type1/urw/times/utmb8a.pfb></usr/local/texlive/2013/texmf-dist/fo
nts/type1/urw/times/utmbi8a.pfb></usr/local/texlive/2013/texmf-dist/fonts/type1
/urw/times/utmr8a.pfb></usr/local/texlive/2013/texmf-dist/fonts/type1/urw/times
/utmri8a.pfb>
Output written on energies2014.pdf (25 pages, 874522 bytes).
PDF statistics:
 504 PDF objects out of 1000 (max. 8388607)
 433 compressed objects within 5 object streams
 118 named destinations out of 1000 (max. 500000)
 208 words of extra memory for PDF output out of 10000 (max. 10000000)

