\BOOKMARK [0][]{prelim.0}{TITLE PAGE}{}
\BOOKMARK [0][]{prelim.1}{COMMITTEE MEMBERSHIP PAGE}{}
\BOOKMARK [0][]{prelim.2}{ABSTRACT}{}
\BOOKMARK [0][]{prelim.4}{TABLE OF CONTENTS}{}
\BOOKMARK [0][]{prelim.5}{LIST OF TABLES}{}\begingroup \makeatletter \prepare@bookmarks 5 \@input {main.lot} \endgroup 
\BOOKMARK [0][]{prelim.6}{LIST OF FIGURES}{}\begingroup \makeatletter \prepare@bookmarks 6 \@input {main.lof} \endgroup 
\BOOKMARK [0][]{section*.1}{PREFACE}{}
\BOOKMARK [0][]{chapter.1}{1.0 INTRODUCTION}{}
\BOOKMARK [1][]{section.1.1}{1.1 Problem Statement}{chapter.1}
\BOOKMARK [1][]{section.1.2}{1.2 Research Overview}{chapter.1}
\BOOKMARK [2][]{subsection.1.2.1}{1.2.1 Reward-based optimal Shadow Replication \(completed\)}{section.1.2}
\BOOKMARK [2][]{subsection.1.2.2}{1.2.2 Lazy Shadowing \(completed\)}{section.1.2}
\BOOKMARK [2][]{subsection.1.2.3}{1.2.3 lsMPI: an implementation in MPI \(in progress\)}{section.1.2}
\BOOKMARK [2][]{subsection.1.2.4}{1.2.4 Smart shadowing \(future\)}{section.1.2}
\BOOKMARK [1][]{section.1.3}{1.3 Contributions}{chapter.1}
\BOOKMARK [1][]{section.1.4}{1.4 OUTLINE}{chapter.1}
\BOOKMARK [0][]{chapter.2}{2.0 BACKGROUND}{}
\BOOKMARK [0][]{chapter.3}{3.0 SHADOW REPLICATION}{}
\BOOKMARK [0][]{chapter.4}{4.0 REWARD-BASED OPTIMAL SHADOW REPLICATION}{}
\BOOKMARK [1][]{section.4.1}{4.1 Optimization framework}{chapter.4}
\BOOKMARK [1][]{section.4.2}{4.2 Performance evaluation}{chapter.4}
\BOOKMARK [1][]{section.4.3}{4.3 Summary}{chapter.4}
\BOOKMARK [0][]{chapter.5}{5.0 LAZY SHADOWING}{}
\BOOKMARK [1][]{section.5.1}{5.1 Shadow collocation}{chapter.5}
\BOOKMARK [1][]{section.5.2}{5.2 Shadow leaping}{chapter.5}
\BOOKMARK [1][]{section.5.3}{5.3 Performance evaluation}{chapter.5}
\BOOKMARK [1][]{section.5.4}{5.4 Summary}{chapter.5}
\BOOKMARK [0][]{chapter.6}{6.0 LSMPI: AN IMPLEMENTATION IN MPI}{}
\BOOKMARK [0][]{section*.2}{BIBLIOGRAPHY}{}
